13:18:32,674 INFO  [Server] Starting JBoss (MX MicroKernel)...
13:18:32,675 INFO  [Server] Release ID: JBoss [Trinity] 4.2.3.GA (build: SVNTag=JBoss_4_2_3_GA date=200807181417)
13:18:32,675 DEBUG [Server] Using config: org.jboss.system.server.ServerConfigImpl@1ee4648
13:18:32,675 DEBUG [Server] Server type: class org.jboss.system.server.ServerImpl
13:18:32,675 DEBUG [Server] Server loaded through: org.jboss.system.server.NoAnnotationURLClassLoader
13:18:32,675 DEBUG [Server] Boot URLs:
13:18:32,675 DEBUG [Server]   file:/home/augusto/ws/adempiere_360/jboss/lib/endorsed/.svn
13:18:32,675 DEBUG [Server]   file:/home/augusto/ws/adempiere_360/jboss/lib/endorsed/xercesImpl.jar
13:18:32,675 DEBUG [Server]   file:/home/augusto/ws/adempiere_360/jboss/lib/endorsed/serializer.jar
13:18:32,675 DEBUG [Server]   file:/home/augusto/ws/adempiere_360/jboss/lib/jboss-jmx.jar
13:18:32,675 DEBUG [Server]   file:/home/augusto/ws/adempiere_360/jboss/lib/concurrent.jar
13:18:32,675 DEBUG [Server]   file:/home/augusto/ws/adempiere_360/jboss/lib/log4j-boot.jar
13:18:32,675 DEBUG [Server]   file:/home/augusto/ws/adempiere_360/jboss/lib/jboss-common.jar
13:18:32,676 DEBUG [Server]   file:/home/augusto/ws/adempiere_360/jboss/lib/jboss-system.jar
13:18:32,676 DEBUG [Server]   file:/home/augusto/ws/adempiere_360/jboss/lib/jboss-xml-binding.jar
13:18:32,676 INFO  [Server] Home Dir: /home/augusto/ws/adempiere_360/jboss
13:18:32,676 INFO  [Server] Home URL: file:/home/augusto/ws/adempiere_360/jboss/
13:18:32,676 DEBUG [Server] Library URL: file:/home/augusto/ws/adempiere_360/jboss/lib/
13:18:32,676 INFO  [Server] Patch URL: null
13:18:32,676 INFO  [Server] Server Name: adempiere
13:18:32,676 INFO  [Server] Server Home Dir: /home/augusto/ws/adempiere_360/jboss/server/adempiere
13:18:32,676 INFO  [Server] Server Home URL: file:/home/augusto/ws/adempiere_360/jboss/server/adempiere/
13:18:32,676 INFO  [Server] Server Log Dir: /home/augusto/ws/adempiere_360/jboss/server/adempiere/log
13:18:32,677 DEBUG [Server] Server Data Dir: /home/augusto/ws/adempiere_360/jboss/server/adempiere/data
13:18:32,677 INFO  [Server] Server Temp Dir: /home/augusto/ws/adempiere_360/jboss/server/adempiere/tmp
13:18:32,677 DEBUG [Server] Server Config URL: file:/home/augusto/ws/adempiere_360/jboss/server/adempiere/conf/
13:18:32,677 DEBUG [Server] Server Library URL: file:/home/augusto/ws/adempiere_360/jboss/server/adempiere/lib/
13:18:32,677 INFO  [Server] Root Deployment Filename: jboss-service.xml
13:18:32,678 DEBUG [Server] Starting General Purpose Architecture (GPA)...
13:18:32,761 DEBUG [Server] Created MBeanServer: org.jboss.mx.server.MBeanServerImpl@123b25c[ defaultDomain='jboss' ]
13:18:32,785 DEBUG [Server] Boot url list: [file:/home/augusto/ws/adempiere_360/jboss/server/adempiere/conf/]
13:18:32,785 DEBUG [Server] Creating loader for URL: file:/home/augusto/ws/adempiere_360/jboss/server/adempiere/conf/
13:18:32,788 DEBUG [RepositoryClassLoader] setRepository, repository=org.jboss.mx.loading.UnifiedLoaderRepository3@4ac00c, cl=org.jboss.mx.loading.UnifiedClassLoader3@1865b28{ url=file:/home/augusto/ws/adempiere_360/jboss/server/adempiere/conf/ ,addedOrder=0}
13:18:32,788 DEBUG [RepositoryClassLoader] setRepository, repository=org.jboss.mx.loading.UnifiedLoaderRepository3@4ac00c, cl=org.jboss.mx.loading.UnifiedClassLoader3@1865b28{ url=file:/home/augusto/ws/adempiere_360/jboss/server/adempiere/conf/ ,addedOrder=0}
13:18:32,788 DEBUG [UnifiedLoaderRepository3] Adding org.jboss.mx.loading.UnifiedClassLoader3@1865b28{ url=file:/home/augusto/ws/adempiere_360/jboss/server/adempiere/conf/ ,addedOrder=0}
13:18:32,859 DEBUG [Server] Failed to create xmbean for: org.jboss.system.server.ServerInfo
13:18:32,865 INFO  [ServerInfo] Java version: 1.6.0_20,Sun Microsystems Inc.
13:18:32,865 INFO  [ServerInfo] Java VM: OpenJDK Server VM 19.0-b09,Sun Microsystems Inc.
13:18:32,865 INFO  [ServerInfo] OS-System: Linux 2.6.32-41-generic,i386
13:18:32,865 DEBUG [ServerInfo] Full System Properties Dump
13:18:32,865 DEBUG [ServerInfo]     java.vendor: Sun Microsystems Inc.
13:18:32,865 DEBUG [ServerInfo]     sun.java.launcher: SUN_STANDARD
13:18:32,865 DEBUG [ServerInfo]     org.adempiere.server.embedded: true
13:18:32,865 DEBUG [ServerInfo]     sun.management.compiler: HotSpot Tiered Compilers
13:18:32,865 DEBUG [ServerInfo]     os.name: Linux
13:18:32,865 DEBUG [ServerInfo]     sun.boot.class.path: /home/augusto/ws/adempiere_360/jboss/lib/endorsed/xercesImpl.jar:/home/augusto/ws/adempiere_360/jboss/lib/endorsed/serializer.jar:/usr/lib/jvm/java-6-openjdk/jre/lib/resources.jar:/usr/lib/jvm/java-6-openjdk/jre/lib/rt.jar:/usr/lib/jvm/java-6-openjdk/jre/lib/sunrsasign.jar:/usr/lib/jvm/java-6-openjdk/jre/lib/jsse.jar:/usr/lib/jvm/java-6-openjdk/jre/lib/jce.jar:/usr/lib/jvm/java-6-openjdk/jre/lib/charsets.jar:/usr/lib/jvm/java-6-openjdk/jre/lib/netx.jar:/usr/lib/jvm/java-6-openjdk/jre/lib/plugin.jar:/usr/lib/jvm/java-6-openjdk/jre/lib/rhino.jar:/usr/lib/jvm/java-6-openjdk/jre/lib/modules/jdk.boot.jar:/usr/lib/jvm/java-6-openjdk/jre/classes
13:18:32,865 DEBUG [ServerInfo]     java.vm.specification.vendor: Sun Microsystems Inc.
13:18:32,865 DEBUG [ServerInfo]     java.runtime.version: 1.6.0_20-b20
13:18:32,865 DEBUG [ServerInfo]     user.name: root
13:18:32,865 DEBUG [ServerInfo]     jboss.bind.address: 127.0.0.1
13:18:32,865 DEBUG [ServerInfo]     jboss.home.dir: /home/augusto/ws/adempiere_360/jboss
13:18:32,865 DEBUG [ServerInfo]     user.language: pt
13:18:32,865 DEBUG [ServerInfo]     sun.boot.library.path: /usr/lib/jvm/java-6-openjdk/jre/lib/i386
13:18:32,865 DEBUG [ServerInfo]     jboss.home.url: file:/home/augusto/ws/adempiere_360/jboss/
13:18:32,865 DEBUG [ServerInfo]     java.version: 1.6.0_20
13:18:32,865 DEBUG [ServerInfo]     user.timezone: America/Sao_Paulo
13:18:32,865 DEBUG [ServerInfo]     java.net.preferIPv4Stack: true
13:18:32,865 DEBUG [ServerInfo]     jboss.server.home.dir: /home/augusto/ws/adempiere_360/jboss/server/adempiere
13:18:32,865 DEBUG [ServerInfo]     jgroups.bind_addr: 127.0.0.1
13:18:32,866 DEBUG [ServerInfo]     sun.arch.data.model: 32
13:18:32,866 DEBUG [ServerInfo]     java.endorsed.dirs: /home/augusto/ws/adempiere_360/jboss/lib/endorsed
13:18:32,866 DEBUG [ServerInfo]     jboss.server.home.url: file:/home/augusto/ws/adempiere_360/jboss/server/adempiere/
13:18:32,866 DEBUG [ServerInfo]     sun.cpu.isalist: 
13:18:32,866 DEBUG [ServerInfo]     sun.jnu.encoding: UTF-8
13:18:32,866 DEBUG [ServerInfo]     file.encoding.pkg: sun.io
13:18:32,866 DEBUG [ServerInfo]     file.separator: /
13:18:32,866 DEBUG [ServerInfo]     java.specification.name: Java Platform API Specification
13:18:32,866 DEBUG [ServerInfo]     java.class.version: 50.0
13:18:32,866 DEBUG [ServerInfo]     jboss.server.config.url: file:/home/augusto/ws/adempiere_360/jboss/server/adempiere/conf/
13:18:32,866 DEBUG [ServerInfo]     user.country: BR
13:18:32,866 DEBUG [ServerInfo]     java.home: /usr/lib/jvm/java-6-openjdk/jre
13:18:32,866 DEBUG [ServerInfo]     java.vm.info: mixed mode
13:18:32,866 DEBUG [ServerInfo]     jboss.lib.url: file:/home/augusto/ws/adempiere_360/jboss/lib/
13:18:32,866 DEBUG [ServerInfo]     bind.address: 127.0.0.1
13:18:32,866 DEBUG [ServerInfo]     os.version: 2.6.32-41-generic
13:18:32,866 DEBUG [ServerInfo]     path.separator: :
13:18:32,866 DEBUG [ServerInfo]     java.vm.version: 19.0-b09
13:18:32,866 DEBUG [ServerInfo]     java.protocol.handler.pkgs: org.jboss.net.protocol
13:18:32,866 DEBUG [ServerInfo]     java.awt.printerjob: sun.print.PSPrinterJob
13:18:32,866 DEBUG [ServerInfo]     sun.io.unicode.encoding: UnicodeLittle
13:18:32,866 DEBUG [ServerInfo]     jboss.server.temp.dir: /home/augusto/ws/adempiere_360/jboss/server/adempiere/tmp
13:18:32,866 DEBUG [ServerInfo]     user.home: /root
13:18:32,866 DEBUG [ServerInfo]     java.specification.vendor: Sun Microsystems Inc.
13:18:32,866 DEBUG [ServerInfo]     java.library.path: /usr/lib/jvm/java-6-openjdk/jre/lib/i386/server:/usr/lib/jvm/java-6-openjdk/jre/lib/i386:/usr/lib/jvm/java-6-openjdk/jre/../lib/i386:/usr/java/packages/lib/i386:/usr/lib/jni:/lib:/usr/lib
13:18:32,866 DEBUG [ServerInfo]     java.vendor.url: http://java.sun.com/
13:18:32,866 DEBUG [ServerInfo]     program.name: run.sh
13:18:32,866 DEBUG [ServerInfo]     java.vm.vendor: Sun Microsystems Inc.
13:18:32,866 DEBUG [ServerInfo]     java.runtime.name: OpenJDK Runtime Environment
13:18:32,866 DEBUG [ServerInfo]     java.class.path: /home/augusto/ws/adempiere_360/jboss/bin/run.jar:/usr/lib/jvm/java-6-openjdk/lib/tools.jar
13:18:32,867 DEBUG [ServerInfo]     jboss.server.log.dir: /home/augusto/ws/adempiere_360/jboss/server/adempiere/log
13:18:32,867 DEBUG [ServerInfo]     jbossmx.loader.repository.class: org.jboss.mx.loading.UnifiedLoaderRepository3
13:18:32,867 DEBUG [ServerInfo]     java.vm.specification.name: Java Virtual Machine Specification
13:18:32,867 DEBUG [ServerInfo]     java.vm.specification.version: 1.0
13:18:32,867 DEBUG [ServerInfo]     sun.cpu.endian: little
13:18:32,867 DEBUG [ServerInfo]     sun.os.patch.level: unknown
13:18:32,867 DEBUG [ServerInfo]     jboss.server.lib.url: file:/home/augusto/ws/adempiere_360/jboss/server/adempiere/lib/
13:18:32,867 DEBUG [ServerInfo]     java.awt.headless: true
13:18:32,867 DEBUG [ServerInfo]     java.io.tmpdir: /tmp
13:18:32,867 DEBUG [ServerInfo]     java.vendor.url.bug: http://java.sun.com/cgi-bin/bugreport.cgi
13:18:32,867 DEBUG [ServerInfo]     jboss.server.data.dir: /home/augusto/ws/adempiere_360/jboss/server/adempiere/data
13:18:32,867 DEBUG [ServerInfo]     java.rmi.server.hostname: 127.0.0.1
13:18:32,867 DEBUG [ServerInfo]     os.arch: i386
13:18:32,867 DEBUG [ServerInfo]     java.awt.graphicsenv: sun.awt.X11GraphicsEnvironment
13:18:32,867 DEBUG [ServerInfo]     java.ext.dirs: /usr/lib/jvm/java-6-openjdk/jre/lib/ext:/usr/java/packages/lib/ext
13:18:32,867 DEBUG [ServerInfo]     user.dir: /home/augusto/ws/adempiere_360/utils
13:18:32,867 DEBUG [ServerInfo]     line.separator: 

13:18:32,867 DEBUG [ServerInfo]     java.vm.name: OpenJDK Server VM
13:18:32,867 DEBUG [ServerInfo]     jboss.server.base.dir: /home/augusto/ws/adempiere_360/jboss/server
13:18:32,867 DEBUG [ServerInfo]     jboss.server.base.url: file:/home/augusto/ws/adempiere_360/jboss/server/
13:18:32,867 DEBUG [ServerInfo]     javax.management.builder.initial: org.jboss.mx.server.MBeanServerBuilderImpl
13:18:32,867 DEBUG [ServerInfo]     file.encoding: UTF-8
13:18:32,867 DEBUG [ServerInfo]     java.specification.version: 1.6
13:18:32,867 DEBUG [ServerInfo]     jboss.server.name: adempiere
13:18:32,867 DEBUG [ServerInfo]     ADEMPIERE_HOME: /home/augusto/ws/adempiere_360
13:18:32,871 DEBUG [Server] Created system MBean: jboss.system:type=ServerInfo
13:18:32,875 DEBUG [Server] Failed to create xmbean for: org.jboss.system.ServiceController
13:18:32,889 DEBUG [ServiceController] Controller MBean online
13:18:32,890 DEBUG [Server] Created system MBean: jboss.system:service=ServiceController
13:18:32,955 DEBUG [Server] Created system XMBean: jboss.system:service=MainDeployer
13:18:32,955 DEBUG [ServiceController] Creating service jboss.system:service=MainDeployer
13:18:32,960 DEBUG [MainDeployer] Creating jboss.system:service=MainDeployer
13:18:32,971 DEBUG [Files] Failed to delete dir: /home/augusto/ws/adempiere_360/jboss/server/adempiere/tmp/deploy
13:18:32,972 DEBUG [MainDeployer] Created jboss.system:service=MainDeployer
13:18:32,972 DEBUG [ServiceController] Creating dependent components for: jboss.system:service=MainDeployer dependents are: []
13:18:32,972 DEBUG [ServiceController] starting service jboss.system:service=MainDeployer
13:18:32,972 DEBUG [MainDeployer] Starting jboss.system:service=MainDeployer
13:18:32,972 DEBUG [MainDeployer] Started jboss.system:service=MainDeployer
13:18:32,972 DEBUG [ServiceController] Starting dependent components for: jboss.system:service=MainDeployer dependent components: []
13:18:32,973 DEBUG [Server] Shutdown hook added
13:18:33,013 DEBUG [Server] Created system XMBean: jboss.system:service=JARDeployer
13:18:33,013 DEBUG [ServiceController] Creating service jboss.system:service=JARDeployer
13:18:33,014 DEBUG [JARDeployer] Creating jboss.system:service=JARDeployer
13:18:33,034 DEBUG [JARDeployer] Created jboss.system:service=JARDeployer
13:18:33,035 DEBUG [ServiceController] Creating dependent components for: jboss.system:service=JARDeployer dependents are: []
13:18:33,035 DEBUG [ServiceController] starting service jboss.system:service=JARDeployer
13:18:33,035 DEBUG [JARDeployer] Starting jboss.system:service=JARDeployer
13:18:33,035 DEBUG [MainDeployer] Adding deployer: org.jboss.deployment.JARDeployer@19da4fc
13:18:33,035 DEBUG [SuffixOrderHelper] Static suffix exists; ignoring request for adding enhanced suffix: 700:.jar
13:18:33,035 DEBUG [JARDeployer] Started jboss.system:service=JARDeployer
13:18:33,035 DEBUG [ServiceController] Starting dependent components for: jboss.system:service=JARDeployer dependent components: []
13:18:33,072 DEBUG [Server] Created system XMBean: jboss.system:service=ServiceDeployer
13:18:33,072 DEBUG [ServiceController] Creating service jboss.system:service=ServiceDeployer
13:18:33,072 DEBUG [SARDeployer] Creating jboss.system:service=ServiceDeployer
13:18:33,080 DEBUG [SARDeployer] Created jboss.system:service=ServiceDeployer
13:18:33,080 DEBUG [ServiceController] Creating dependent components for: jboss.system:service=ServiceDeployer dependents are: []
13:18:33,080 DEBUG [ServiceController] starting service jboss.system:service=ServiceDeployer
13:18:33,080 DEBUG [SARDeployer] Starting jboss.system:service=ServiceDeployer
13:18:33,081 DEBUG [MainDeployer] Adding deployer: org.jboss.deployment.SARDeployer@15c07d8
13:18:33,086 DEBUG [SARDeployer] Started jboss.system:service=ServiceDeployer
13:18:33,086 DEBUG [ServiceController] Starting dependent components for: jboss.system:service=ServiceDeployer dependent components: []
13:18:33,086 INFO  [Server] Core system initialized
13:18:33,094 DEBUG [MainDeployer] Starting deployment of package: file:/home/augusto/ws/adempiere_360/jboss/server/adempiere/conf/jboss-service.xml
13:18:33,094 DEBUG [MainDeployer] Starting deployment (init step) of package at: file:/home/augusto/ws/adempiere_360/jboss/server/adempiere/conf/jboss-service.xml
13:18:33,099 DEBUG [MainDeployer] Copying file:/home/augusto/ws/adempiere_360/jboss/server/adempiere/conf/jboss-service.xml -> /home/augusto/ws/adempiere_360/jboss/server/adempiere/tmp/deploy/tmp8247854792324706889jboss-service.xml
13:18:33,101 DEBUG [MainDeployer] using deployer org.jboss.deployment.SARDeployer@15c07d8
13:18:33,119 DEBUG [SARDeployer] Found classpath element: [classpath: null]
13:18:33,121 DEBUG [SARDeployer] codebase URL is file:/home/augusto/ws/adempiere_360/jboss/server/adempiere/lib/
13:18:33,121 DEBUG [SARDeployer] listing codebase for archives matching *
13:18:33,123 DEBUG [SARDeployer] URLLister class is org.jboss.net.protocol.file.FileURLLister
13:18:33,127 DEBUG [SARDeployer] deployed classes for file:/home/augusto/ws/adempiere_360/jboss/server/adempiere/lib/commons-codec.jar
13:18:33,127 DEBUG [SARDeployer] deployed classes for file:/home/augusto/ws/adempiere_360/jboss/server/adempiere/lib/autonumber-plugin.jar
13:18:33,127 DEBUG [SARDeployer] deployed classes for file:/home/augusto/ws/adempiere_360/jboss/server/adempiere/lib/el-api.jar
13:18:33,127 DEBUG [SARDeployer] deployed classes for file:/home/augusto/ws/adempiere_360/jboss/server/adempiere/lib/hibernate3.jar
13:18:33,127 DEBUG [SARDeployer] deployed classes for file:/home/augusto/ws/adempiere_360/jboss/server/adempiere/lib/jboss-transaction.jar
13:18:33,127 DEBUG [SARDeployer] deployed classes for file:/home/augusto/ws/adempiere_360/jboss/server/adempiere/lib/jboss-jaxrpc.jar
13:18:33,127 DEBUG [SARDeployer] deployed classes for file:/home/augusto/ws/adempiere_360/jboss/server/adempiere/lib/scheduler-plugin.jar
13:18:33,127 DEBUG [SARDeployer] deployed classes for file:/home/augusto/ws/adempiere_360/jboss/server/adempiere/lib/cglib.jar
13:18:33,127 DEBUG [SARDeployer] deployed classes for file:/home/augusto/ws/adempiere_360/jboss/server/adempiere/lib/jboss-srp.jar
13:18:33,127 DEBUG [SARDeployer] deployed classes for file:/home/augusto/ws/adempiere_360/jboss/server/adempiere/lib/.svn/
13:18:33,127 DEBUG [SARDeployer] deployed classes for file:/home/augusto/ws/adempiere_360/jboss/server/adempiere/lib/jboss-hibernate.jar
13:18:33,127 DEBUG [SARDeployer] deployed classes for file:/home/augusto/ws/adempiere_360/jboss/server/adempiere/lib/jboss-jca.jar
13:18:33,127 DEBUG [SARDeployer] deployed classes for file:/home/augusto/ws/adempiere_360/jboss/server/adempiere/lib/jboss-ejb3x.jar
13:18:33,127 DEBUG [SARDeployer] deployed classes for file:/home/augusto/ws/adempiere_360/jboss/server/adempiere/lib/jsp-api.jar
13:18:33,127 DEBUG [SARDeployer] deployed classes for file:/home/augusto/ws/adempiere_360/jboss/server/adempiere/lib/jbosssx.jar
13:18:33,127 DEBUG [SARDeployer] deployed classes for file:/home/augusto/ws/adempiere_360/jboss/server/adempiere/lib/jbossws-framework.jar
13:18:33,127 DEBUG [SARDeployer] deployed classes for file:/home/augusto/ws/adempiere_360/jboss/server/adempiere/lib/bindingservice-plugin.jar
13:18:33,127 DEBUG [SARDeployer] deployed classes for file:/home/augusto/ws/adempiere_360/jboss/server/adempiere/lib/jbossws-spi.jar
13:18:33,127 DEBUG [SARDeployer] deployed classes for file:/home/augusto/ws/adempiere_360/jboss/server/adempiere/lib/antlr.jar
13:18:33,127 DEBUG [SARDeployer] deployed classes for file:/home/augusto/ws/adempiere_360/jboss/server/adempiere/lib/jboss.jar
13:18:33,127 DEBUG [SARDeployer] deployed classes for file:/home/augusto/ws/adempiere_360/jboss/server/adempiere/lib/jboss-jaxws-ext.jar
13:18:33,127 DEBUG [SARDeployer] deployed classes for file:/home/augusto/ws/adempiere_360/jboss/server/adempiere/lib/jboss-serialization.jar
13:18:33,127 DEBUG [SARDeployer] deployed classes for file:/home/augusto/ws/adempiere_360/jboss/server/adempiere/lib/hibernate-annotations.jar
13:18:33,127 DEBUG [SARDeployer] deployed classes for file:/home/augusto/ws/adempiere_360/jboss/server/adempiere/lib/jboss-common-jdbc-wrapper.jar
13:18:33,127 DEBUG [SARDeployer] deployed classes for file:/home/augusto/ws/adempiere_360/jboss/server/adempiere/lib/mail.jar
13:18:33,127 DEBUG [SARDeployer] deployed classes for file:/home/augusto/ws/adempiere_360/jboss/server/adempiere/lib/jboss-remoting.jar
13:18:33,127 DEBUG [SARDeployer] deployed classes for file:/home/augusto/ws/adempiere_360/jboss/server/adempiere/lib/jboss-jsr77.jar
13:18:33,127 DEBUG [SARDeployer] deployed classes for file:/home/augusto/ws/adempiere_360/jboss/server/adempiere/lib/bsf.jar
13:18:33,127 DEBUG [SARDeployer] deployed classes for file:/home/augusto/ws/adempiere_360/jboss/server/adempiere/lib/jaxen.jar
13:18:33,127 DEBUG [SARDeployer] deployed classes for file:/home/augusto/ws/adempiere_360/jboss/server/adempiere/lib/jboss-vfs.jar
13:18:33,127 DEBUG [SARDeployer] deployed classes for file:/home/augusto/ws/adempiere_360/jboss/server/adempiere/lib/jboss-j2ee.jar
13:18:33,127 DEBUG [SARDeployer] deployed classes for file:/home/augusto/ws/adempiere_360/jboss/server/adempiere/lib/jbossts-common.jar
13:18:33,128 DEBUG [SARDeployer] deployed classes for file:/home/augusto/ws/adempiere_360/jboss/server/adempiere/lib/log4j.jar
13:18:33,128 DEBUG [SARDeployer] deployed classes for file:/home/augusto/ws/adempiere_360/jboss/server/adempiere/lib/commons-collections.jar
13:18:33,128 DEBUG [SARDeployer] deployed classes for file:/home/augusto/ws/adempiere_360/jboss/server/adempiere/lib/log4j-snmp-appender.jar
13:18:33,128 DEBUG [SARDeployer] deployed classes for file:/home/augusto/ws/adempiere_360/jboss/server/adempiere/lib/jboss-iiop.jar
13:18:33,128 DEBUG [SARDeployer] deployed classes for file:/home/augusto/ws/adempiere_360/jboss/server/adempiere/lib/commons-logging.jar
13:18:33,128 DEBUG [SARDeployer] deployed classes for file:/home/augusto/ws/adempiere_360/jboss/server/adempiere/lib/properties-plugin.jar
13:18:33,128 DEBUG [SARDeployer] deployed classes for file:/home/augusto/ws/adempiere_360/jboss/server/adempiere/lib/dom4j.jar
13:18:33,128 DEBUG [SARDeployer] deployed classes for file:/home/augusto/ws/adempiere_360/jboss/server/adempiere/lib/ejb3-persistence.jar
13:18:33,128 DEBUG [SARDeployer] deployed classes for file:/home/augusto/ws/adempiere_360/jboss/server/adempiere/lib/jbossws-common.jar
13:18:33,128 DEBUG [SARDeployer] deployed classes for file:/home/augusto/ws/adempiere_360/jboss/server/adempiere/lib/hsqldb.jar
13:18:33,128 DEBUG [SARDeployer] deployed classes for file:/home/augusto/ws/adempiere_360/jboss/server/adempiere/lib/javassist.jar
13:18:33,128 DEBUG [SARDeployer] deployed classes for file:/home/augusto/ws/adempiere_360/jboss/server/adempiere/lib/jboss-management.jar
13:18:33,128 DEBUG [SARDeployer] deployed classes for file:/home/augusto/ws/adempiere_360/jboss/server/adempiere/lib/jboss-monitoring.jar
13:18:33,128 DEBUG [SARDeployer] deployed classes for file:/home/augusto/ws/adempiere_360/jboss/server/adempiere/lib/bcel.jar
13:18:33,128 DEBUG [SARDeployer] deployed classes for file:/home/augusto/ws/adempiere_360/jboss/server/adempiere/lib/hsqldb-plugin.jar
13:18:33,128 DEBUG [SARDeployer] deployed classes for file:/home/augusto/ws/adempiere_360/jboss/server/adempiere/lib/jbossjta-integration.jar
13:18:33,128 DEBUG [SARDeployer] deployed classes for file:/home/augusto/ws/adempiere_360/jboss/server/adempiere/lib/joesnmp.jar
13:18:33,128 DEBUG [SARDeployer] deployed classes for file:/home/augusto/ws/adempiere_360/jboss/server/adempiere/lib/commons-httpclient.jar
13:18:33,128 DEBUG [SARDeployer] deployed classes for file:/home/augusto/ws/adempiere_360/jboss/server/adempiere/lib/xmlentitymgr.jar
13:18:33,128 DEBUG [SARDeployer] deployed classes for file:/home/augusto/ws/adempiere_360/jboss/server/adempiere/lib/jmx-adaptor-plugin.jar
13:18:33,128 DEBUG [SARDeployer] deployed classes for file:/home/augusto/ws/adempiere_360/jboss/server/adempiere/lib/jboss-jaxws.jar
13:18:33,128 DEBUG [SARDeployer] deployed classes for file:/home/augusto/ws/adempiere_360/jboss/server/adempiere/lib/jnpserver.jar
13:18:33,128 DEBUG [SARDeployer] deployed classes for file:/home/augusto/ws/adempiere_360/jboss/server/adempiere/lib/hibernate-entitymanager.jar
13:18:33,128 DEBUG [SARDeployer] deployed classes for file:/home/augusto/ws/adempiere_360/jboss/server/adempiere/lib/scheduler-plugin-example.jar
13:18:33,128 DEBUG [SARDeployer] deployed classes for file:/home/augusto/ws/adempiere_360/jboss/server/adempiere/lib/jboss-remoting-int.jar
13:18:33,128 DEBUG [SARDeployer] deployed classes for file:/home/augusto/ws/adempiere_360/jboss/server/adempiere/lib/jbossjta.jar
13:18:33,128 DEBUG [SARDeployer] deployed classes for file:/home/augusto/ws/adempiere_360/jboss/server/adempiere/lib/servlet-api.jar
13:18:33,128 DEBUG [SARDeployer] deployed classes for file:/home/augusto/ws/adempiere_360/jboss/server/adempiere/lib/jboss-jsr88.jar
13:18:33,128 DEBUG [SARDeployer] deployed classes for file:/home/augusto/ws/adempiere_360/jboss/server/adempiere/lib/logkit.jar
13:18:33,128 DEBUG [SARDeployer] deployed classes for file:/home/augusto/ws/adempiere_360/jboss/server/adempiere/lib/jbossws-jboss42.jar
13:18:33,129 DEBUG [SARDeployer] about to copy 0 local directories
13:18:33,129 DEBUG [SARDeployer] looking for nested deployments in : file:/home/augusto/ws/adempiere_360/jboss/server/adempiere/conf/jboss-service.xml
13:18:33,130 DEBUG [DeploymentInfo] createLoaderRepository from config: LoaderRepositoryConfig(repositoryName: JMImplementation:service=LoaderRepository,name=Default, repositoryClassName: null, configParserClassName: null, repositoryConfig: null)
13:18:33,130 DEBUG [RepositoryClassLoader] setRepository, repository=org.jboss.mx.loading.UnifiedLoaderRepository3@4ac00c, cl=org.jboss.mx.loading.UnifiedClassLoader3@1cf4a2c{ url=null ,addedOrder=0}
13:18:33,131 DEBUG [RepositoryClassLoader] setRepository, repository=org.jboss.mx.loading.UnifiedLoaderRepository3@4ac00c, cl=org.jboss.mx.loading.UnifiedClassLoader3@1cf4a2c{ url=null ,addedOrder=0}
13:18:33,131 DEBUG [UnifiedLoaderRepository3] Adding org.jboss.mx.loading.UnifiedClassLoader3@1cf4a2c{ url=null ,addedOrder=0}
13:18:33,134 DEBUG [RepositoryClassLoader] Added url: file:/home/augusto/ws/adempiere_360/jboss/server/adempiere/lib/commons-codec.jar, to ucl: org.jboss.mx.loading.UnifiedClassLoader3@1cf4a2c{ url=null ,addedOrder=2}
13:18:33,135 DEBUG [RepositoryClassLoader] Added url: file:/home/augusto/ws/adempiere_360/jboss/server/adempiere/lib/autonumber-plugin.jar, to ucl: org.jboss.mx.loading.UnifiedClassLoader3@1cf4a2c{ url=null ,addedOrder=2}
13:18:33,137 DEBUG [RepositoryClassLoader] Added url: file:/home/augusto/ws/adempiere_360/jboss/server/adempiere/lib/el-api.jar, to ucl: org.jboss.mx.loading.UnifiedClassLoader3@1cf4a2c{ url=null ,addedOrder=2}
13:18:33,258 DEBUG [RepositoryClassLoader] Added url: file:/home/augusto/ws/adempiere_360/jboss/server/adempiere/lib/hibernate3.jar, to ucl: org.jboss.mx.loading.UnifiedClassLoader3@1cf4a2c{ url=null ,addedOrder=2}
13:18:33,260 DEBUG [RepositoryClassLoader] Added url: file:/home/augusto/ws/adempiere_360/jboss/server/adempiere/lib/jboss-transaction.jar, to ucl: org.jboss.mx.loading.UnifiedClassLoader3@1cf4a2c{ url=null ,addedOrder=2}
13:18:33,262 DEBUG [RepositoryClassLoader] Added url: file:/home/augusto/ws/adempiere_360/jboss/server/adempiere/lib/jboss-jaxrpc.jar, to ucl: org.jboss.mx.loading.UnifiedClassLoader3@1cf4a2c{ url=null ,addedOrder=2}
13:18:33,265 DEBUG [RepositoryClassLoader] Added url: file:/home/augusto/ws/adempiere_360/jboss/server/adempiere/lib/scheduler-plugin.jar, to ucl: org.jboss.mx.loading.UnifiedClassLoader3@1cf4a2c{ url=null ,addedOrder=2}
13:18:33,265 DEBUG [ClassLoaderUtils] Multiple class loaders found for pkg: 
13:18:33,281 DEBUG [RepositoryClassLoader] Added url: file:/home/augusto/ws/adempiere_360/jboss/server/adempiere/lib/cglib.jar, to ucl: org.jboss.mx.loading.UnifiedClassLoader3@1cf4a2c{ url=null ,addedOrder=2}
13:18:33,283 DEBUG [RepositoryClassLoader] Added url: file:/home/augusto/ws/adempiere_360/jboss/server/adempiere/lib/jboss-srp.jar, to ucl: org.jboss.mx.loading.UnifiedClassLoader3@1cf4a2c{ url=null ,addedOrder=2}
13:18:33,289 DEBUG [RepositoryClassLoader] Added url: file:/home/augusto/ws/adempiere_360/jboss/server/adempiere/lib/.svn/, to ucl: org.jboss.mx.loading.UnifiedClassLoader3@1cf4a2c{ url=null ,addedOrder=2}
13:18:33,290 DEBUG [RepositoryClassLoader] Added url: file:/home/augusto/ws/adempiere_360/jboss/server/adempiere/lib/jboss-hibernate.jar, to ucl: org.jboss.mx.loading.UnifiedClassLoader3@1cf4a2c{ url=null ,addedOrder=2}
13:18:33,300 DEBUG [RepositoryClassLoader] Added url: file:/home/augusto/ws/adempiere_360/jboss/server/adempiere/lib/jboss-jca.jar, to ucl: org.jboss.mx.loading.UnifiedClassLoader3@1cf4a2c{ url=null ,addedOrder=2}
13:18:33,301 DEBUG [RepositoryClassLoader] Added url: file:/home/augusto/ws/adempiere_360/jboss/server/adempiere/lib/jboss-ejb3x.jar, to ucl: org.jboss.mx.loading.UnifiedClassLoader3@1cf4a2c{ url=null ,addedOrder=2}
13:18:33,306 DEBUG [RepositoryClassLoader] Added url: file:/home/augusto/ws/adempiere_360/jboss/server/adempiere/lib/jsp-api.jar, to ucl: org.jboss.mx.loading.UnifiedClassLoader3@1cf4a2c{ url=null ,addedOrder=2}
13:18:33,320 DEBUG [RepositoryClassLoader] Added url: file:/home/augusto/ws/adempiere_360/jboss/server/adempiere/lib/jbosssx.jar, to ucl: org.jboss.mx.loading.UnifiedClassLoader3@1cf4a2c{ url=null ,addedOrder=2}
13:18:33,325 DEBUG [RepositoryClassLoader] Added url: file:/home/augusto/ws/adempiere_360/jboss/server/adempiere/lib/jbossws-framework.jar, to ucl: org.jboss.mx.loading.UnifiedClassLoader3@1cf4a2c{ url=null ,addedOrder=2}
13:18:33,326 DEBUG [RepositoryClassLoader] Added url: file:/home/augusto/ws/adempiere_360/jboss/server/adempiere/lib/bindingservice-plugin.jar, to ucl: org.jboss.mx.loading.UnifiedClassLoader3@1cf4a2c{ url=null ,addedOrder=2}
13:18:33,336 DEBUG [RepositoryClassLoader] Added url: file:/home/augusto/ws/adempiere_360/jboss/server/adempiere/lib/jbossws-spi.jar, to ucl: org.jboss.mx.loading.UnifiedClassLoader3@1cf4a2c{ url=null ,addedOrder=2}
13:18:33,352 DEBUG [RepositoryClassLoader] Added url: file:/home/augusto/ws/adempiere_360/jboss/server/adempiere/lib/antlr.jar, to ucl: org.jboss.mx.loading.UnifiedClassLoader3@1cf4a2c{ url=null ,addedOrder=2}
13:18:33,446 DEBUG [RepositoryClassLoader] Added url: file:/home/augusto/ws/adempiere_360/jboss/server/adempiere/lib/jboss.jar, to ucl: org.jboss.mx.loading.UnifiedClassLoader3@1cf4a2c{ url=null ,addedOrder=2}
13:18:33,448 DEBUG [RepositoryClassLoader] Added url: file:/home/augusto/ws/adempiere_360/jboss/server/adempiere/lib/jboss-jaxws-ext.jar, to ucl: org.jboss.mx.loading.UnifiedClassLoader3@1cf4a2c{ url=null ,addedOrder=2}
13:18:33,454 DEBUG [RepositoryClassLoader] Added url: file:/home/augusto/ws/adempiere_360/jboss/server/adempiere/lib/jboss-serialization.jar, to ucl: org.jboss.mx.loading.UnifiedClassLoader3@1cf4a2c{ url=null ,addedOrder=2}
13:18:33,474 DEBUG [RepositoryClassLoader] Added url: file:/home/augusto/ws/adempiere_360/jboss/server/adempiere/lib/hibernate-annotations.jar, to ucl: org.jboss.mx.loading.UnifiedClassLoader3@1cf4a2c{ url=null ,addedOrder=2}
13:18:33,479 DEBUG [RepositoryClassLoader] Added url: file:/home/augusto/ws/adempiere_360/jboss/server/adempiere/lib/jboss-common-jdbc-wrapper.jar, to ucl: org.jboss.mx.loading.UnifiedClassLoader3@1cf4a2c{ url=null ,addedOrder=2}
13:18:33,499 DEBUG [RepositoryClassLoader] Added url: file:/home/augusto/ws/adempiere_360/jboss/server/adempiere/lib/mail.jar, to ucl: org.jboss.mx.loading.UnifiedClassLoader3@1cf4a2c{ url=null ,addedOrder=2}
13:18:33,538 DEBUG [RepositoryClassLoader] Added url: file:/home/augusto/ws/adempiere_360/jboss/server/adempiere/lib/jboss-remoting.jar, to ucl: org.jboss.mx.loading.UnifiedClassLoader3@1cf4a2c{ url=null ,addedOrder=2}
13:18:33,539 DEBUG [RepositoryClassLoader] Added url: file:/home/augusto/ws/adempiere_360/jboss/server/adempiere/lib/jboss-jsr77.jar, to ucl: org.jboss.mx.loading.UnifiedClassLoader3@1cf4a2c{ url=null ,addedOrder=2}
13:18:33,547 DEBUG [RepositoryClassLoader] Added url: file:/home/augusto/ws/adempiere_360/jboss/server/adempiere/lib/bsf.jar, to ucl: org.jboss.mx.loading.UnifiedClassLoader3@1cf4a2c{ url=null ,addedOrder=2}
13:18:33,558 DEBUG [RepositoryClassLoader] Added url: file:/home/augusto/ws/adempiere_360/jboss/server/adempiere/lib/jaxen.jar, to ucl: org.jboss.mx.loading.UnifiedClassLoader3@1cf4a2c{ url=null ,addedOrder=2}
13:18:33,564 DEBUG [RepositoryClassLoader] Added url: file:/home/augusto/ws/adempiere_360/jboss/server/adempiere/lib/jboss-vfs.jar, to ucl: org.jboss.mx.loading.UnifiedClassLoader3@1cf4a2c{ url=null ,addedOrder=2}
13:18:33,584 DEBUG [RepositoryClassLoader] Added url: file:/home/augusto/ws/adempiere_360/jboss/server/adempiere/lib/jboss-j2ee.jar, to ucl: org.jboss.mx.loading.UnifiedClassLoader3@1cf4a2c{ url=null ,addedOrder=2}
13:18:33,588 DEBUG [RepositoryClassLoader] Added url: file:/home/augusto/ws/adempiere_360/jboss/server/adempiere/lib/jbossts-common.jar, to ucl: org.jboss.mx.loading.UnifiedClassLoader3@1cf4a2c{ url=null ,addedOrder=2}
13:18:33,604 DEBUG [RepositoryClassLoader] Added url: file:/home/augusto/ws/adempiere_360/jboss/server/adempiere/lib/log4j.jar, to ucl: org.jboss.mx.loading.UnifiedClassLoader3@1cf4a2c{ url=null ,addedOrder=2}
13:18:33,629 DEBUG [RepositoryClassLoader] Added url: file:/home/augusto/ws/adempiere_360/jboss/server/adempiere/lib/commons-collections.jar, to ucl: org.jboss.mx.loading.UnifiedClassLoader3@1cf4a2c{ url=null ,addedOrder=2}
13:18:33,630 DEBUG [RepositoryClassLoader] Added url: file:/home/augusto/ws/adempiere_360/jboss/server/adempiere/lib/log4j-snmp-appender.jar, to ucl: org.jboss.mx.loading.UnifiedClassLoader3@1cf4a2c{ url=null ,addedOrder=2}
13:18:33,645 DEBUG [RepositoryClassLoader] Added url: file:/home/augusto/ws/adempiere_360/jboss/server/adempiere/lib/jboss-iiop.jar, to ucl: org.jboss.mx.loading.UnifiedClassLoader3@1cf4a2c{ url=null ,addedOrder=2}
13:18:33,648 DEBUG [RepositoryClassLoader] Added url: file:/home/augusto/ws/adempiere_360/jboss/server/adempiere/lib/commons-logging.jar, to ucl: org.jboss.mx.loading.UnifiedClassLoader3@1cf4a2c{ url=null ,addedOrder=2}
13:18:33,649 DEBUG [RepositoryClassLoader] Added url: file:/home/augusto/ws/adempiere_360/jboss/server/adempiere/lib/properties-plugin.jar, to ucl: org.jboss.mx.loading.UnifiedClassLoader3@1cf4a2c{ url=null ,addedOrder=2}
13:18:33,663 DEBUG [RepositoryClassLoader] Added url: file:/home/augusto/ws/adempiere_360/jboss/server/adempiere/lib/dom4j.jar, to ucl: org.jboss.mx.loading.UnifiedClassLoader3@1cf4a2c{ url=null ,addedOrder=2}
13:18:33,667 DEBUG [RepositoryClassLoader] Added url: file:/home/augusto/ws/adempiere_360/jboss/server/adempiere/lib/ejb3-persistence.jar, to ucl: org.jboss.mx.loading.UnifiedClassLoader3@1cf4a2c{ url=null ,addedOrder=2}
13:18:33,670 DEBUG [RepositoryClassLoader] Added url: file:/home/augusto/ws/adempiere_360/jboss/server/adempiere/lib/jbossws-common.jar, to ucl: org.jboss.mx.loading.UnifiedClassLoader3@1cf4a2c{ url=null ,addedOrder=2}
13:18:33,700 DEBUG [RepositoryClassLoader] Added url: file:/home/augusto/ws/adempiere_360/jboss/server/adempiere/lib/hsqldb.jar, to ucl: org.jboss.mx.loading.UnifiedClassLoader3@1cf4a2c{ url=null ,addedOrder=2}
13:18:33,726 DEBUG [RepositoryClassLoader] Added url: file:/home/augusto/ws/adempiere_360/jboss/server/adempiere/lib/javassist.jar, to ucl: org.jboss.mx.loading.UnifiedClassLoader3@1cf4a2c{ url=null ,addedOrder=2}
13:18:33,733 DEBUG [RepositoryClassLoader] Added url: file:/home/augusto/ws/adempiere_360/jboss/server/adempiere/lib/jboss-management.jar, to ucl: org.jboss.mx.loading.UnifiedClassLoader3@1cf4a2c{ url=null ,addedOrder=2}
13:18:33,736 DEBUG [RepositoryClassLoader] Added url: file:/home/augusto/ws/adempiere_360/jboss/server/adempiere/lib/jboss-monitoring.jar, to ucl: org.jboss.mx.loading.UnifiedClassLoader3@1cf4a2c{ url=null ,addedOrder=2}
13:18:33,759 DEBUG [RepositoryClassLoader] Added url: file:/home/augusto/ws/adempiere_360/jboss/server/adempiere/lib/bcel.jar, to ucl: org.jboss.mx.loading.UnifiedClassLoader3@1cf4a2c{ url=null ,addedOrder=2}
13:18:33,760 DEBUG [RepositoryClassLoader] Added url: file:/home/augusto/ws/adempiere_360/jboss/server/adempiere/lib/hsqldb-plugin.jar, to ucl: org.jboss.mx.loading.UnifiedClassLoader3@1cf4a2c{ url=null ,addedOrder=2}
13:18:33,761 DEBUG [RepositoryClassLoader] Added url: file:/home/augusto/ws/adempiere_360/jboss/server/adempiere/lib/jbossjta-integration.jar, to ucl: org.jboss.mx.loading.UnifiedClassLoader3@1cf4a2c{ url=null ,addedOrder=2}
13:18:33,765 DEBUG [RepositoryClassLoader] Added url: file:/home/augusto/ws/adempiere_360/jboss/server/adempiere/lib/joesnmp.jar, to ucl: org.jboss.mx.loading.UnifiedClassLoader3@1cf4a2c{ url=null ,addedOrder=2}
13:18:33,775 DEBUG [RepositoryClassLoader] Added url: file:/home/augusto/ws/adempiere_360/jboss/server/adempiere/lib/commons-httpclient.jar, to ucl: org.jboss.mx.loading.UnifiedClassLoader3@1cf4a2c{ url=null ,addedOrder=2}
13:18:33,775 DEBUG [RepositoryClassLoader] Added url: file:/home/augusto/ws/adempiere_360/jboss/server/adempiere/lib/xmlentitymgr.jar, to ucl: org.jboss.mx.loading.UnifiedClassLoader3@1cf4a2c{ url=null ,addedOrder=2}
13:18:33,777 DEBUG [RepositoryClassLoader] Added url: file:/home/augusto/ws/adempiere_360/jboss/server/adempiere/lib/jmx-adaptor-plugin.jar, to ucl: org.jboss.mx.loading.UnifiedClassLoader3@1cf4a2c{ url=null ,addedOrder=2}
13:18:33,779 DEBUG [RepositoryClassLoader] Added url: file:/home/augusto/ws/adempiere_360/jboss/server/adempiere/lib/jboss-jaxws.jar, to ucl: org.jboss.mx.loading.UnifiedClassLoader3@1cf4a2c{ url=null ,addedOrder=2}
13:18:33,782 DEBUG [RepositoryClassLoader] Added url: file:/home/augusto/ws/adempiere_360/jboss/server/adempiere/lib/jnpserver.jar, to ucl: org.jboss.mx.loading.UnifiedClassLoader3@1cf4a2c{ url=null ,addedOrder=2}
13:18:33,787 DEBUG [RepositoryClassLoader] Added url: file:/home/augusto/ws/adempiere_360/jboss/server/adempiere/lib/hibernate-entitymanager.jar, to ucl: org.jboss.mx.loading.UnifiedClassLoader3@1cf4a2c{ url=null ,addedOrder=2}
13:18:33,787 DEBUG [RepositoryClassLoader] Added url: file:/home/augusto/ws/adempiere_360/jboss/server/adempiere/lib/scheduler-plugin-example.jar, to ucl: org.jboss.mx.loading.UnifiedClassLoader3@1cf4a2c{ url=null ,addedOrder=2}
13:18:33,788 DEBUG [RepositoryClassLoader] Added url: file:/home/augusto/ws/adempiere_360/jboss/server/adempiere/lib/jboss-remoting-int.jar, to ucl: org.jboss.mx.loading.UnifiedClassLoader3@1cf4a2c{ url=null ,addedOrder=2}
13:18:33,812 DEBUG [RepositoryClassLoader] Added url: file:/home/augusto/ws/adempiere_360/jboss/server/adempiere/lib/jbossjta.jar, to ucl: org.jboss.mx.loading.UnifiedClassLoader3@1cf4a2c{ url=null ,addedOrder=2}
13:18:33,817 DEBUG [RepositoryClassLoader] Added url: file:/home/augusto/ws/adempiere_360/jboss/server/adempiere/lib/servlet-api.jar, to ucl: org.jboss.mx.loading.UnifiedClassLoader3@1cf4a2c{ url=null ,addedOrder=2}
13:18:33,820 DEBUG [RepositoryClassLoader] Added url: file:/home/augusto/ws/adempiere_360/jboss/server/adempiere/lib/jboss-jsr88.jar, to ucl: org.jboss.mx.loading.UnifiedClassLoader3@1cf4a2c{ url=null ,addedOrder=2}
13:18:33,824 DEBUG [RepositoryClassLoader] Added url: file:/home/augusto/ws/adempiere_360/jboss/server/adempiere/lib/logkit.jar, to ucl: org.jboss.mx.loading.UnifiedClassLoader3@1cf4a2c{ url=null ,addedOrder=2}
13:18:33,828 DEBUG [RepositoryClassLoader] Added url: file:/home/augusto/ws/adempiere_360/jboss/server/adempiere/lib/jbossws-jboss42.jar, to ucl: org.jboss.mx.loading.UnifiedClassLoader3@1cf4a2c{ url=null ,addedOrder=2}
13:18:33,829 DEBUG [MainDeployer] found 0 subpackages of file:/home/augusto/ws/adempiere_360/jboss/server/adempiere/conf/jboss-service.xml
13:18:33,829 DEBUG [MainDeployer] Watching new file: file:/home/augusto/ws/adempiere_360/jboss/server/adempiere/conf/jboss-service.xml
13:18:33,829 DEBUG [MainDeployer] create step for deployment file:/home/augusto/ws/adempiere_360/jboss/server/adempiere/conf/jboss-service.xml
13:18:33,829 DEBUG [SARDeployer] Deploying SAR, create step: url file:/home/augusto/ws/adempiere_360/jboss/server/adempiere/conf/jboss-service.xml
13:18:33,829 DEBUG [SARDeployer] Registering service UCL=jmx.loading:UCL=1cf4a2c
13:18:33,831 DEBUG [ServiceCreator] About to create bean: jboss.management.local:j2eeType=J2EEDomain,name=Manager with code: org.jboss.management.j2ee.LocalJBossServerDomain
13:18:33,867 DEBUG [ServiceCreator] Created bean: jboss.management.local:j2eeType=J2EEDomain,name=Manager
13:18:33,870 DEBUG [ServiceConfigurator] MainDeployer set to jboss.system:service=MainDeployer in jboss.management.local:j2eeType=J2EEDomain,name=Manager
13:18:33,870 DEBUG [ServiceConfigurator] SARDeployer set to jboss.system:service=ServiceDeployer in jboss.management.local:j2eeType=J2EEDomain,name=Manager
13:18:33,871 DEBUG [ServiceConfigurator] EARDeployer set to jboss.j2ee:service=EARDeployer in jboss.management.local:j2eeType=J2EEDomain,name=Manager
13:18:33,871 DEBUG [ServiceConfigurator] EJBDeployer set to jboss.ejb:service=EJBDeployer in jboss.management.local:j2eeType=J2EEDomain,name=Manager
13:18:33,872 DEBUG [ServiceConfigurator] RARDeployer set to jboss.jca:service=RARDeployer in jboss.management.local:j2eeType=J2EEDomain,name=Manager
13:18:33,872 DEBUG [ServiceConfigurator] CMDeployer set to jboss.jca:service=ConnectionFactoryDeployer in jboss.management.local:j2eeType=J2EEDomain,name=Manager
13:18:33,873 DEBUG [ServiceConfigurator] WARDeployer set to jboss.web:service=WebServer in jboss.management.local:j2eeType=J2EEDomain,name=Manager
13:18:33,873 DEBUG [ServiceConfigurator] JNDIService set to jboss:service=Naming in jboss.management.local:j2eeType=J2EEDomain,name=Manager
13:18:33,874 DEBUG [ServiceConfigurator] UserTransactionService set to jboss:service=ClientUserTransaction in jboss.management.local:j2eeType=J2EEDomain,name=Manager
13:18:33,874 DEBUG [ServiceConfigurator] RMI_IIOPService set to jboss:service=CorbaORB in jboss.management.local:j2eeType=J2EEDomain,name=Manager
13:18:33,875 DEBUG [ServiceCreator] About to create xmbean object: jboss:service=AttributePersistenceService with code: org.jboss.system.pm.AttributePersistenceService with descriptor: resource:xmdesc/AttributePersistenceService-xmbean.xml
13:18:33,891 DEBUG [ModelMBeanInvoker] Loaded persistence mgr: org.jboss.mx.persistence.ObjectStreamPersistenceManager
13:18:33,891 DEBUG [ObjectStreamPersistenceManager] load, resource:org.jboss.system.pm.AttributePersistenceService@14acfcd
13:18:33,891 DEBUG [ObjectStreamPersistenceManager] Store file is: /home/augusto/ws/adempiere_360/jboss/server/adempiere/data/xmbean-attrs/AttributePersistenceService.ser
13:18:33,891 DEBUG [ServiceCreator] Created bean: jboss:service=AttributePersistenceService
13:18:33,891 DEBUG [ServiceCreator] About to create bean: jboss.system:service=ThreadPool with code: org.jboss.util.threadpool.BasicThreadPool
13:18:33,909 DEBUG [ServiceCreator] Created bean: jboss.system:service=ThreadPool
13:18:33,910 DEBUG [ServiceConfigurator] Name set to JBoss System Threads in jboss.system:service=ThreadPool
13:18:33,911 DEBUG [ServiceConfigurator] ThreadGroupName set to System Threads in jboss.system:service=ThreadPool
13:18:33,911 DEBUG [ServiceConfigurator] KeepAliveTime set to 60000 in jboss.system:service=ThreadPool
13:18:33,912 DEBUG [ServiceConfigurator] MaximumPoolSize set to 10 in jboss.system:service=ThreadPool
13:18:33,912 DEBUG [ServiceConfigurator] MaximumQueueSize set to 1000 in jboss.system:service=ThreadPool
13:18:33,913 DEBUG [ServiceConfigurator] BlockingMode set to run in jboss.system:service=ThreadPool
13:18:33,914 DEBUG [ServiceCreator] About to create xmbean object: jboss.system:type=Log4jService,service=Logging with code: org.jboss.logging.Log4jService with descriptor: resource:xmdesc/Log4jService-xmbean.xml
13:18:33,934 DEBUG [ServiceCreator] Created bean: jboss.system:type=Log4jService,service=Logging
13:18:33,935 DEBUG [ServiceConfigurator] ConfigurationURL set to resource:log4j.xml in jboss.system:type=Log4jService,service=Logging
13:18:33,935 DEBUG [ServiceConfigurator] Log4jQuietMode set to true in jboss.system:type=Log4jService,service=Logging
13:18:33,936 DEBUG [ServiceConfigurator] RefreshPeriod set to 60 in jboss.system:type=Log4jService,service=Logging
13:18:33,936 DEBUG [ServiceCreator] About to create bean: jboss.rmi:type=RMIClassLoader with code: org.jboss.util.property.jmx.SystemPropertyClassValue
13:18:33,939 DEBUG [ServiceCreator] Created bean: jboss.rmi:type=RMIClassLoader
13:18:33,939 DEBUG [ServiceConfigurator] Property set to java.rmi.server.RMIClassLoaderSpi in jboss.rmi:type=RMIClassLoader
13:18:33,940 DEBUG [ServiceConfigurator] ClassName set to org.jboss.system.JBossRMIClassLoader in jboss.rmi:type=RMIClassLoader
13:18:33,940 DEBUG [ServiceCreator] About to create bean: jboss:service=WebService with code: org.jboss.web.WebService
13:18:33,952 DEBUG [ServiceCreator] Created bean: jboss:service=WebService
13:18:33,952 DEBUG [ServiceConfigurator] Port set to 8083 in jboss:service=WebService
13:18:33,952 DEBUG [ServiceConfigurator] DownloadServerClasses set to true in jboss:service=WebService
13:18:33,953 DEBUG [ServiceConfigurator] Host set to 127.0.0.1 in jboss:service=WebService
13:18:33,953 DEBUG [ServiceConfigurator] BindAddress set to 127.0.0.1 in jboss:service=WebService
13:18:33,955 DEBUG [ServiceCreator] About to create xmbean object: jboss:service=Naming with code: org.jboss.naming.NamingService with descriptor: resource:xmdesc/NamingService-xmbean.xml
13:18:33,983 DEBUG [ModelMBeanInvoker] Ignoring obsolete legacy interceptor: org.jboss.mx.interceptor.PersistenceInterceptor2
13:18:33,983 DEBUG [ModelMBeanInvoker] Ignoring obsolete legacy interceptor: org.jboss.mx.interceptor.ModelMBeanInterceptor
13:18:33,983 DEBUG [ModelMBeanInvoker] Ignoring obsolete legacy interceptor: org.jboss.mx.interceptor.ObjectReferenceInterceptor
13:18:33,985 DEBUG [ServiceCreator] Created bean: jboss:service=Naming
13:18:33,985 DEBUG [ServiceConfigurator] CallByValue set to false in jboss:service=Naming
13:18:33,986 DEBUG [ServiceConfigurator] Port set to 1099 in jboss:service=Naming
13:18:33,987 DEBUG [ServiceConfigurator] BindAddress set to 127.0.0.1 in jboss:service=Naming
13:18:33,987 DEBUG [ServiceConfigurator] RmiPort set to 1098 in jboss:service=Naming
13:18:33,988 DEBUG [ServiceConfigurator] RmiBindAddress set to 127.0.0.1 in jboss:service=Naming
13:18:33,988 DEBUG [ServiceController] recording that jboss:service=Naming depends on jboss.system:service=ThreadPool
13:18:33,988 DEBUG [ServiceConfigurator] considering LookupPool with object name jboss.system:service=ThreadPool
13:18:33,993 DEBUG [ServiceCreator] About to create xmbean object: jboss:service=JNDIView with code: org.jboss.naming.JNDIView with descriptor: resource:xmdesc/JNDIView-xmbean.xml
13:18:34,007 DEBUG [ServiceCreator] Created bean: jboss:service=JNDIView
13:18:34,007 DEBUG [ServiceCreator] About to create bean: jboss.security:service=SecurityConfig with code: org.jboss.security.plugins.SecurityConfig
13:18:34,013 DEBUG [ServiceCreator] Created bean: jboss.security:service=SecurityConfig
13:18:34,013 DEBUG [ServiceConfigurator] LoginConfig set to jboss.security:service=XMLLoginConfig in jboss.security:service=SecurityConfig
13:18:34,013 DEBUG [ServiceCreator] About to create bean: jboss.security:service=XMLLoginConfig with code: org.jboss.security.auth.login.XMLLoginConfig
13:18:34,022 DEBUG [ServiceCreator] Created bean: jboss.security:service=XMLLoginConfig
13:18:34,023 DEBUG [ServiceConfigurator] ConfigResource set to login-config.xml in jboss.security:service=XMLLoginConfig
13:18:34,024 DEBUG [ServiceCreator] About to create bean: jboss.security:service=JaasSecurityManager with code: org.jboss.security.plugins.JaasSecurityManagerService
13:18:34,042 DEBUG [ServiceCreator] Created bean: jboss.security:service=JaasSecurityManager
13:18:34,042 DEBUG [ServiceConfigurator] SecurityManagerClassName set to org.jboss.security.plugins.JaasSecurityManager in jboss.security:service=JaasSecurityManager
13:18:34,043 DEBUG [ServiceConfigurator] DefaultUnauthenticatedPrincipal set to anonymous in jboss.security:service=JaasSecurityManager
13:18:34,043 DEBUG [ServiceConfigurator] DefaultCacheTimeout set to 1800 in jboss.security:service=JaasSecurityManager
13:18:34,044 DEBUG [ServiceConfigurator] DefaultCacheResolution set to 60 in jboss.security:service=JaasSecurityManager
13:18:34,044 DEBUG [ServiceCreator] About to create bean: jboss:service=XidFactory with code: org.jboss.tm.XidFactory
13:18:34,050 DEBUG [ServiceCreator] Created bean: jboss:service=XidFactory
13:18:34,050 DEBUG [ServiceCreator] About to create xmbean object: jboss:service=TransactionManager with code: org.jboss.tm.TransactionManagerService with descriptor: resource:xmdesc/TransactionManagerService-xmbean.xml
13:18:34,068 DEBUG [ServiceCreator] Created bean: jboss:service=TransactionManager
13:18:34,068 DEBUG [ServiceConfigurator] TransactionTimeout set to 300 in jboss:service=TransactionManager
13:18:34,069 DEBUG [ServiceConfigurator] GlobalIdsEnabled set to true in jboss:service=TransactionManager
13:18:34,069 DEBUG [ServiceController] recording that jboss:service=TransactionManager depends on jboss:service=XidFactory
13:18:34,069 DEBUG [ServiceConfigurator] considering XidFactory with object name jboss:service=XidFactory
13:18:34,070 DEBUG [ServiceCreator] About to create xmbean object: jboss:service=ClientUserTransaction with code: org.jboss.tm.usertx.server.ClientUserTransactionService with descriptor: resource:xmdesc/ClientUserTransaction-xmbean.xml
13:18:34,081 DEBUG [ServiceCreator] Created bean: jboss:service=ClientUserTransaction
13:18:34,081 DEBUG [ServiceCreator] About to create bean: jboss:service=proxyFactory,target=ClientUserTransactionFactory with code: org.jboss.invocation.jrmp.server.JRMPProxyFactory
13:18:34,091 DEBUG [ServiceCreator] Created bean: jboss:service=proxyFactory,target=ClientUserTransactionFactory
13:18:34,091 DEBUG [ServiceConfigurator] InvokerName set to jboss:service=invoker,type=jrmp in jboss:service=proxyFactory,target=ClientUserTransactionFactory
13:18:34,092 DEBUG [ServiceConfigurator] TargetName set to jboss:service=ClientUserTransaction in jboss:service=proxyFactory,target=ClientUserTransactionFactory
13:18:34,092 DEBUG [ServiceConfigurator] JndiName set to UserTransactionSessionFactory in jboss:service=proxyFactory,target=ClientUserTransactionFactory
13:18:34,094 DEBUG [ServiceConfigurator] ExportedInterface set to interface org.jboss.tm.usertx.interfaces.UserTransactionSessionFactory in jboss:service=proxyFactory,target=ClientUserTransactionFactory
13:18:34,099 DEBUG [ServiceConfigurator] ClientInterceptors set to [interceptors: null] in jboss:service=proxyFactory,target=ClientUserTransactionFactory
13:18:34,102 DEBUG [JRMPProxyFactory] added interceptor type: class org.jboss.proxy.ClientMethodInterceptor
13:18:34,102 DEBUG [JRMPProxyFactory] added interceptor type: class org.jboss.invocation.InvokerInterceptor
13:18:34,102 DEBUG [ServiceController] recording that jboss:service=proxyFactory,target=ClientUserTransactionFactory depends on jboss:service=invoker,type=jrmp
13:18:34,102 DEBUG [ServiceConfigurator] considering <anonymous> with object name jboss:service=invoker,type=jrmp
13:18:34,103 DEBUG [ServiceController] recording that jboss:service=ClientUserTransaction depends on jboss:service=proxyFactory,target=ClientUserTransactionFactory
13:18:34,103 DEBUG [ServiceConfigurator] considering <anonymous> with object name jboss:service=proxyFactory,target=ClientUserTransactionFactory
13:18:34,103 DEBUG [ServiceCreator] About to create bean: jboss:service=proxyFactory,target=ClientUserTransaction with code: org.jboss.invocation.jrmp.server.JRMPProxyFactory
13:18:34,108 DEBUG [ServiceCreator] Created bean: jboss:service=proxyFactory,target=ClientUserTransaction
13:18:34,108 DEBUG [ServiceConfigurator] InvokerName set to jboss:service=invoker,type=jrmp in jboss:service=proxyFactory,target=ClientUserTransaction
13:18:34,109 DEBUG [ServiceConfigurator] TargetName set to jboss:service=ClientUserTransaction in jboss:service=proxyFactory,target=ClientUserTransaction
13:18:34,110 DEBUG [ServiceConfigurator] ExportedInterface set to interface org.jboss.tm.usertx.interfaces.UserTransactionSession in jboss:service=proxyFactory,target=ClientUserTransaction
13:18:34,112 DEBUG [ServiceConfigurator] ClientInterceptors set to [interceptors: null] in jboss:service=proxyFactory,target=ClientUserTransaction
13:18:34,112 DEBUG [JRMPProxyFactory] added interceptor type: class org.jboss.proxy.ClientMethodInterceptor
13:18:34,112 DEBUG [JRMPProxyFactory] added interceptor type: class org.jboss.invocation.InvokerInterceptor
13:18:34,112 DEBUG [ServiceController] recording that jboss:service=proxyFactory,target=ClientUserTransaction depends on jboss:service=invoker,type=jrmp
13:18:34,112 DEBUG [ServiceConfigurator] considering <anonymous> with object name jboss:service=invoker,type=jrmp
13:18:34,112 DEBUG [ServiceController] recording that jboss:service=ClientUserTransaction depends on jboss:service=proxyFactory,target=ClientUserTransaction
13:18:34,112 DEBUG [ServiceConfigurator] considering TxProxyName with object name jboss:service=proxyFactory,target=ClientUserTransaction
13:18:34,112 DEBUG [ServiceCreator] About to create bean: jboss:service=invoker,type=jrmp with code: org.jboss.invocation.jrmp.server.JRMPInvoker
13:18:34,128 DEBUG [ServiceCreator] Created bean: jboss:service=invoker,type=jrmp
13:18:34,129 DEBUG [ServiceConfigurator] RMIObjectPort set to 4444 in jboss:service=invoker,type=jrmp
13:18:34,130 DEBUG [ServiceConfigurator] ServerAddress set to 127.0.0.1 in jboss:service=invoker,type=jrmp
13:18:34,130 DEBUG [ServiceController] recording that jboss:service=invoker,type=jrmp depends on jboss:service=TransactionManager
13:18:34,130 DEBUG [ServiceConfigurator] considering <anonymous> with object name jboss:service=TransactionManager
13:18:34,130 DEBUG [ServiceCreator] About to create bean: jboss:service=invoker,type=local with code: org.jboss.invocation.local.LocalInvoker
13:18:34,135 DEBUG [ServiceCreator] Created bean: jboss:service=invoker,type=local
13:18:34,135 DEBUG [ServiceController] recording that jboss:service=invoker,type=local depends on jboss:service=TransactionManager
13:18:34,135 DEBUG [ServiceConfigurator] considering <anonymous> with object name jboss:service=TransactionManager
13:18:34,135 DEBUG [ServiceCreator] About to create bean: jboss:service=invoker,type=pooled with code: org.jboss.invocation.pooled.server.PooledInvoker
13:18:34,189 DEBUG [ServiceCreator] Created bean: jboss:service=invoker,type=pooled
13:18:34,189 DEBUG [ServiceConfigurator] NumAcceptThreads set to 1 in jboss:service=invoker,type=pooled
13:18:34,189 DEBUG [ServiceConfigurator] MaxPoolSize set to 300 in jboss:service=invoker,type=pooled
13:18:34,190 DEBUG [ServiceConfigurator] ClientMaxPoolSize set to 300 in jboss:service=invoker,type=pooled
13:18:34,190 DEBUG [ServiceConfigurator] SocketTimeout set to 60000 in jboss:service=invoker,type=pooled
13:18:34,191 DEBUG [ServiceConfigurator] ServerBindAddress set to 127.0.0.1 in jboss:service=invoker,type=pooled
13:18:34,191 DEBUG [ServiceConfigurator] ServerBindPort set to 4445 in jboss:service=invoker,type=pooled
13:18:34,193 DEBUG [ServiceConfigurator] ClientConnectAddress set to 127.0.0.1 in jboss:service=invoker,type=pooled
13:18:34,194 DEBUG [ServiceConfigurator] ClientConnectPort set to 0 in jboss:service=invoker,type=pooled
13:18:34,194 DEBUG [ServiceConfigurator] EnableTcpNoDelay set to false in jboss:service=invoker,type=pooled
13:18:34,195 DEBUG [ServiceController] recording that jboss:service=invoker,type=pooled depends on jboss:service=TransactionManager
13:18:34,195 DEBUG [ServiceConfigurator] considering TransactionManagerService with object name jboss:service=TransactionManager
13:18:34,195 DEBUG [ServiceCreator] About to create bean: jboss.jdbc:service=metadata with code: org.jboss.ejb.plugins.cmp.jdbc.metadata.MetaDataLibrary
13:18:34,212 DEBUG [ServiceCreator] Created bean: jboss.jdbc:service=metadata
13:18:34,213 DEBUG [ServiceCreator] About to create bean: jboss.deployment:type=DeploymentScanner,flavor=URL with code: org.jboss.deployment.scanner.URLDeploymentScanner
13:18:34,230 DEBUG [ServiceCreator] Created bean: jboss.deployment:type=DeploymentScanner,flavor=URL
13:18:34,230 DEBUG [ServiceController] recording that jboss.deployment:type=DeploymentScanner,flavor=URL depends on jboss.system:service=MainDeployer
13:18:34,230 DEBUG [ServiceConfigurator] considering Deployer with object name jboss.system:service=MainDeployer
13:18:34,233 DEBUG [ServiceConfigurator] URLComparator set to org.jboss.deployment.DeploymentSorter in jboss.deployment:type=DeploymentScanner,flavor=URL
13:18:34,250 DEBUG [ServiceConfigurator] FilterInstance set to org.jboss.deployment.scanner.DeploymentFilter@141fab6 in jboss.deployment:type=DeploymentScanner,flavor=URL
13:18:34,251 DEBUG [ServiceConfigurator] ScanPeriod set to 5000 in jboss.deployment:type=DeploymentScanner,flavor=URL
13:18:34,251 DEBUG [ServiceConfigurator] ScanEnabled set to true in jboss.deployment:type=DeploymentScanner,flavor=URL
13:18:34,252 DEBUG [ServiceConfigurator] URLs set to deploy/ in jboss.deployment:type=DeploymentScanner,flavor=URL
13:18:34,252 DEBUG [URLDeploymentScanner] Adding URL from spec: deploy/
13:18:34,252 DEBUG [URLDeploymentScanner] URL: file:/home/augusto/ws/adempiere_360/jboss/server/adempiere/deploy/
13:18:34,252 DEBUG [URLDeploymentScanner] Added url: file:/home/augusto/ws/adempiere_360/jboss/server/adempiere/deploy/
13:18:34,252 DEBUG [URLDeploymentScanner] URL list: [file:/home/augusto/ws/adempiere_360/jboss/server/adempiere/deploy/]
13:18:34,252 DEBUG [ServiceConfigurator] RecursiveSearch set to true in jboss.deployment:type=DeploymentScanner,flavor=URL
13:18:34,253 DEBUG [ServiceController] Creating service jboss.management.local:j2eeType=J2EEDomain,name=Manager
13:18:34,253 DEBUG [LocalJBossServerDomain] Creating jboss.management.local:j2eeType=J2EEDomain,name=Manager
13:18:34,253 DEBUG [LocalJBossServerDomain] setupJ2EEMBeans(), create J2EEServer instance
13:18:34,271 DEBUG [J2EEDomain] ctor, name: jboss.management.local:name=jboss.management.local,j2eeType=J2EEDomain
13:18:34,276 DEBUG [J2EEDomain] postRegister(), parent: null
13:18:34,286 DEBUG [J2EEServer] postRegister(), parent: jboss.management.local:j2eeType=J2EEDomain,name=jboss.management.local
13:18:34,328 DEBUG [JVM] postRegister(), parent: jboss.management.local:j2eeType=J2EEServer,name=Local
13:18:34,355 DEBUG [LocalJBossServerDomain] Registered as listener of: jboss.system:service=ServiceController
13:18:34,378 DEBUG [LocalJBossServerDomain] Registering with all deployers, mainDeployer=jboss.system:service=MainDeployer
13:18:34,378 DEBUG [LocalJBossServerDomain] Getting current deployers
13:18:34,378 DEBUG [LocalJBossServerDomain] Registering as listener of deployer: jboss.system:service=ServiceDeployer
13:18:34,378 DEBUG [LocalJBossServerDomain] Registering as listener of deployer: jboss.system:service=JARDeployer
13:18:34,378 DEBUG [LocalJBossServerDomain] Created jboss.management.local:j2eeType=J2EEDomain,name=Manager
13:18:34,379 DEBUG [LocalJBossServerDomain] handleNotification: javax.management.Notification[source=jboss.system:service=ServiceController][type=org.jboss.system.ServiceMBean.create][message=]
13:18:34,379 DEBUG [DefaultManagedObjectFactoryMap] Failed to find factory for event: javax.management.Notification[source=jboss.system:service=ServiceController][type=org.jboss.system.ServiceMBean.create][message=]
13:18:34,379 DEBUG [ServiceController] Creating dependent components for: jboss.management.local:j2eeType=J2EEDomain,name=Manager dependents are: []
13:18:34,379 DEBUG [ServiceController] Creating service jboss:service=AttributePersistenceService
13:18:34,379 DEBUG [AttributePersistenceService] Creating jboss:service=AttributePersistenceService
13:18:34,379 DEBUG [AttributePersistenceService] Created jboss:service=AttributePersistenceService
13:18:34,379 DEBUG [LocalJBossServerDomain] handleNotification: javax.management.Notification[source=jboss.system:service=ServiceController][type=org.jboss.system.ServiceMBean.create][message=]
13:18:34,379 DEBUG [DefaultManagedObjectFactoryMap] Failed to find factory for event: javax.management.Notification[source=jboss.system:service=ServiceController][type=org.jboss.system.ServiceMBean.create][message=]
13:18:34,379 DEBUG [ServiceController] Creating dependent components for: jboss:service=AttributePersistenceService dependents are: []
13:18:34,379 DEBUG [ServiceController] Creating service jboss.system:service=ThreadPool
13:18:34,379 DEBUG [LocalJBossServerDomain] handleNotification: javax.management.Notification[source=jboss.system:service=ServiceController][type=org.jboss.system.ServiceMBean.create][message=]
13:18:34,379 DEBUG [DefaultManagedObjectFactoryMap] Failed to find factory for event: javax.management.Notification[source=jboss.system:service=ServiceController][type=org.jboss.system.ServiceMBean.create][message=]
13:18:34,379 DEBUG [ServiceController] Creating dependent components for: jboss.system:service=ThreadPool dependents are: [ObjectName: jboss:service=Naming
  State: CONFIGURED
  I Depend On:
    jboss.system:service=ThreadPool
]
13:18:34,379 DEBUG [ServiceController] Creating service jboss:service=Naming
13:18:34,379 DEBUG [NamingService] Creating jboss:service=Naming
13:18:34,379 DEBUG [NamingService] Created jboss:service=Naming
13:18:34,379 DEBUG [LocalJBossServerDomain] handleNotification: javax.management.Notification[source=jboss.system:service=ServiceController][type=org.jboss.system.ServiceMBean.create][message=]
13:18:34,392 DEBUG [JNDIResource] Service name: jboss:service=Naming
13:18:34,404 DEBUG [JNDIResource] postRegister(), parent: jboss.management.local:j2eeType=J2EEServer,name=Local
13:18:34,406 DEBUG [JNDIResource] Created JSR-77 JNDIResource: LocalJNDI
13:18:34,406 DEBUG [ServiceController] Creating dependent components for: jboss:service=Naming dependents are: []
13:18:34,406 DEBUG [ServiceController] Creating service jboss.system:type=Log4jService,service=Logging
13:18:34,406 DEBUG [Log4jService] Creating jboss.system:type=Log4jService,service=Logging
13:18:34,407 INFO  [Log4jService$URLWatchTimerTask] Configuring from URL: resource:log4j.xml
