*** 2011-11-09 14:06:45.935 Adempiere Log (CLogFile) ***
14:06:45.934 Adempiere.startup: ADempiere(r) Release 3.6.0LTS_2010-06-14 -Smart Suite ERP,CRM and SCM- (c) 1999-2010 ADempiere(r); Implementation: ADempiere - Supported by ADempiere community
14:06:45.935 Ini.loadProperties: /home/augusto/ws/adempiere_360/Adempiere.properties #37
14:06:46.629   CLogMgt.setLevel: FINE
14:06:46.630 GenerateModel.main: Generate Model   $Revision: 1.42 $
14:06:46.630 GenerateModel.main: ----------------------------------
14:06:46.630 GenerateModel.main: Directory: /home/augusto/GenerateModel/
14:06:46.630 GenerateModel.main: Package:   org.compiere.model
14:06:46.631 GenerateModel.main: EntityType IN ('U','A')
14:06:46.631 GenerateModel.main: ----------------------------------
14:06:46.631 GenerateModel.main: Table Like: '%'
14:06:46.640     DB_PostgreSQL.convertStatement: PostgreSQL =>SELECT c.ColumnName, c.IsUpdateable, c.IsMandatory, c.AD_Reference_ID, c.AD_Reference_Value_ID, DefaultValue, SeqNo, c.FieldLength, c.ValueMin, c.ValueMax, c.VFormat, c.Callout, c.Name, c.Description, c.ColumnSQL, c.IsEncrypted, c.IsKey FROM AD_Column c WHERE c.AD_Table_ID=? AND c.IsActive='Y' ORDER BY c.ColumnName<= <SELECT c.ColumnName, c.IsUpdateable, c.IsMandatory, c.AD_Reference_ID, c.AD_Reference_Value_ID, DefaultValue, SeqNo,  c.FieldLength, c.ValueMin, c.ValueMax, c.VFormat, c.Callout,  c.Name, c.Description, c.ColumnSQL, c.IsEncrypted, c.IsKey FROM AD_Column c WHERE c.AD_Table_ID=? AND c.IsActive='Y' ORDER BY c.ColumnName>
14:06:46.676 ModelInterfaceGenerator.writeToFile: /home/augusto/GenerateModel/I_c_mom.java - 7.3378906 kB
14:06:46.679     DB_PostgreSQL.convertStatement: PostgreSQL =>SELECT c.ColumnName, c.IsUpdateable, c.IsMandatory, c.AD_Reference_ID, c.AD_Reference_Value_ID, DefaultValue, SeqNo, c.FieldLength, c.ValueMin, c.ValueMax, c.VFormat, c.Callout, c.Name, c.Description, c.ColumnSQL, c.IsEncrypted, c.IsKey, c.IsIdentifier FROM AD_Column c WHERE c.AD_Table_ID=? AND c.ColumnName NOT IN ('AD_Client_ID', 'AD_Org_ID', 'IsActive', 'Created', 'CreatedBy', 'Updated', 'UpdatedBy') AND c.IsActive='Y' ORDER BY c.ColumnName<= <SELECT c.ColumnName, c.IsUpdateable, c.IsMandatory, c.AD_Reference_ID, c.AD_Reference_Value_ID, DefaultValue, SeqNo,  c.FieldLength, c.ValueMin, c.ValueMax, c.VFormat, c.Callout,  c.Name, c.Description, c.ColumnSQL, c.IsEncrypted, c.IsKey, c.IsIdentifier FROM AD_Column c WHERE c.AD_Table_ID=? AND c.ColumnName NOT IN ('AD_Client_ID', 'AD_Org_ID', 'IsActive', 'Created', 'CreatedBy', 'Updated', 'UpdatedBy') AND c.IsActive='Y' ORDER BY c.ColumnName>
14:06:46.728 ModelClassGenerator.writeToFile: /home/augusto/GenerateModel/X_c_mom.java - 9.408203 kB
14:06:46.729     DB_PostgreSQL.convertStatement: PostgreSQL =>SELECT c.ColumnName, c.IsUpdateable, c.IsMandatory, c.AD_Reference_ID, c.AD_Reference_Value_ID, DefaultValue, SeqNo, c.FieldLength, c.ValueMin, c.ValueMax, c.VFormat, c.Callout, c.Name, c.Description, c.ColumnSQL, c.IsEncrypted, c.IsKey FROM AD_Column c WHERE c.AD_Table_ID=? AND c.IsActive='Y' ORDER BY c.ColumnName<= <SELECT c.ColumnName, c.IsUpdateable, c.IsMandatory, c.AD_Reference_ID, c.AD_Reference_Value_ID, DefaultValue, SeqNo,  c.FieldLength, c.ValueMin, c.ValueMax, c.VFormat, c.Callout,  c.Name, c.Description, c.ColumnSQL, c.IsEncrypted, c.IsKey FROM AD_Column c WHERE c.AD_Table_ID=? AND c.IsActive='Y' ORDER BY c.ColumnName>
14:06:46.754     DB_PostgreSQL.convertStatement: PostgreSQL =>SELECT t.TableName, c.ColumnName,c.AD_Reference_ID,c.IsMandatory,c.IsUpdateable,c.DefaultValue,e.Name,e.Description, c.AD_Column_ID, c.IsKey,c.IsParent, c.AD_Reference_Value_ID, vr.Code, c.FieldLength, c.ValueMin, c.ValueMax, c.IsTranslated, t.AccessLevel, c.ColumnSQL, c.IsEncrypted, c.IsAllowLogging,t.IsChangeLog FROM AD_Table t INNER JOIN AD_Column c ON (t.AD_Table_ID=c.AD_Table_ID) LEFT OUTER JOIN AD_Val_Rule vr ON (c.AD_Val_Rule_ID=vr.AD_Val_Rule_ID) INNER JOIN AD_Element e ON (c.AD_Element_ID=e.AD_Element_ID) WHERE t.AD_Table_ID=? AND c.IsActive='Y'<= <SELECT t.TableName, c.ColumnName,c.AD_Reference_ID,c.IsMandatory,c.IsUpdateable,c.DefaultValue,e.Name,e.Description, c.AD_Column_ID, c.IsKey,c.IsParent, c.AD_Reference_Value_ID, vr.Code, c.FieldLength, c.ValueMin, c.ValueMax, c.IsTranslated, t.AccessLevel, c.ColumnSQL, c.IsEncrypted, c.IsAllowLogging,t.IsChangeLog FROM AD_Table t INNER JOIN AD_Column c ON (t.AD_Table_ID=c.AD_Table_ID) LEFT OUTER JOIN AD_Val_Rule vr ON (c.AD_Val_Rule_ID=vr.AD_Val_Rule_ID) INNER JOIN AD_Element e  ON (c.AD_Element_ID=e.AD_Element_ID) WHERE t.AD_Table_ID=? AND c.IsActive='Y'>
14:06:46.763     MTable.getPOclass: Use: org.compiere.model.MEntityType
14:06:46.778 ModelInterfaceGenerator.writeToFile: /home/augusto/GenerateModel/I_c_mom_discussionline.java - 5.107422 kB
14:06:46.779     DB_PostgreSQL.convertStatement: PostgreSQL =>SELECT c.ColumnName, c.IsUpdateable, c.IsMandatory, c.AD_Reference_ID, c.AD_Reference_Value_ID, DefaultValue, SeqNo, c.FieldLength, c.ValueMin, c.ValueMax, c.VFormat, c.Callout, c.Name, c.Description, c.ColumnSQL, c.IsEncrypted, c.IsKey, c.IsIdentifier FROM AD_Column c WHERE c.AD_Table_ID=? AND c.ColumnName NOT IN ('AD_Client_ID', 'AD_Org_ID', 'IsActive', 'Created', 'CreatedBy', 'Updated', 'UpdatedBy') AND c.IsActive='Y' ORDER BY c.ColumnName<= <SELECT c.ColumnName, c.IsUpdateable, c.IsMandatory, c.AD_Reference_ID, c.AD_Reference_Value_ID, DefaultValue, SeqNo,  c.FieldLength, c.ValueMin, c.ValueMax, c.VFormat, c.Callout,  c.Name, c.Description, c.ColumnSQL, c.IsEncrypted, c.IsKey, c.IsIdentifier FROM AD_Column c WHERE c.AD_Table_ID=? AND c.ColumnName NOT IN ('AD_Client_ID', 'AD_Org_ID', 'IsActive', 'Created', 'CreatedBy', 'Updated', 'UpdatedBy') AND c.IsActive='Y' ORDER BY c.ColumnName>
14:06:46.786 ModelClassGenerator.writeToFile: /home/augusto/GenerateModel/X_c_mom_discussionline.java - 5.2373047 kB
14:06:46.788     DB_PostgreSQL.convertStatement: PostgreSQL =>SELECT c.ColumnName, c.IsUpdateable, c.IsMandatory, c.AD_Reference_ID, c.AD_Reference_Value_ID, DefaultValue, SeqNo, c.FieldLength, c.ValueMin, c.ValueMax, c.VFormat, c.Callout, c.Name, c.Description, c.ColumnSQL, c.IsEncrypted, c.IsKey FROM AD_Column c WHERE c.AD_Table_ID=? AND c.IsActive='Y' ORDER BY c.ColumnName<= <SELECT c.ColumnName, c.IsUpdateable, c.IsMandatory, c.AD_Reference_ID, c.AD_Reference_Value_ID, DefaultValue, SeqNo,  c.FieldLength, c.ValueMin, c.ValueMax, c.VFormat, c.Callout,  c.Name, c.Description, c.ColumnSQL, c.IsEncrypted, c.IsKey FROM AD_Column c WHERE c.AD_Table_ID=? AND c.IsActive='Y' ORDER BY c.ColumnName>
14:06:46.799 ModelInterfaceGenerator.writeToFile: /home/augusto/GenerateModel/I_c_mom_participantsline.java - 4.458008 kB
14:06:46.801     DB_PostgreSQL.convertStatement: PostgreSQL =>SELECT c.ColumnName, c.IsUpdateable, c.IsMandatory, c.AD_Reference_ID, c.AD_Reference_Value_ID, DefaultValue, SeqNo, c.FieldLength, c.ValueMin, c.ValueMax, c.VFormat, c.Callout, c.Name, c.Description, c.ColumnSQL, c.IsEncrypted, c.IsKey, c.IsIdentifier FROM AD_Column c WHERE c.AD_Table_ID=? AND c.ColumnName NOT IN ('AD_Client_ID', 'AD_Org_ID', 'IsActive', 'Created', 'CreatedBy', 'Updated', 'UpdatedBy') AND c.IsActive='Y' ORDER BY c.ColumnName<= <SELECT c.ColumnName, c.IsUpdateable, c.IsMandatory, c.AD_Reference_ID, c.AD_Reference_Value_ID, DefaultValue, SeqNo,  c.FieldLength, c.ValueMin, c.ValueMax, c.VFormat, c.Callout,  c.Name, c.Description, c.ColumnSQL, c.IsEncrypted, c.IsKey, c.IsIdentifier FROM AD_Column c WHERE c.AD_Table_ID=? AND c.ColumnName NOT IN ('AD_Client_ID', 'AD_Org_ID', 'IsActive', 'Created', 'CreatedBy', 'Updated', 'UpdatedBy') AND c.IsActive='Y' ORDER BY c.ColumnName>
14:06:46.810 ModelClassGenerator.writeToFile: /home/augusto/GenerateModel/X_c_mom_participantsline.java - 5.147461 kB
14:06:46.816 GenerateModel.main: Generated = 3

*** 2011-11-09 14:06:46.828 Adempiere Log (CLogFile) ***
