*** 2011-11-09 11:23:53.378 Adempiere Log (CLogFile) ***
11:23:53.377 Adempiere.startup: ADempiere(r) Release 3.6.0LTS_2010-06-14 -Smart Suite ERP,CRM and SCM- (c) 1999-2010 ADempiere(r); Implementation: ADempiere - Supported by ADempiere community
11:23:53.379 Ini.loadProperties: /home/augusto/ws/adempiere_360/Adempiere.properties #37
11:23:54.091   CLogMgt.setLevel: FINE
11:23:54.091 GenerateModel.main: Generate Model   $Revision: 1.42 $
11:23:54.091 GenerateModel.main: ----------------------------------
11:23:54.091 GenerateModel.main: Directory: /home/augusto/GenerateModel/
11:23:54.092 GenerateModel.main: Package:   org.compiere.model
11:23:54.092 GenerateModel.main: EntityType IN ('U','A')
11:23:54.092 GenerateModel.main: ----------------------------------
11:23:54.092 GenerateModel.main: Table Like: '%'
11:23:54.099     DB_PostgreSQL.convertStatement: PostgreSQL =>SELECT c.ColumnName, c.IsUpdateable, c.IsMandatory, c.AD_Reference_ID, c.AD_Reference_Value_ID, DefaultValue, SeqNo, c.FieldLength, c.ValueMin, c.ValueMax, c.VFormat, c.Callout, c.Name, c.Description, c.ColumnSQL, c.IsEncrypted, c.IsKey FROM AD_Column c WHERE c.AD_Table_ID=? AND c.IsActive='Y' ORDER BY c.ColumnName<= <SELECT c.ColumnName, c.IsUpdateable, c.IsMandatory, c.AD_Reference_ID, c.AD_Reference_Value_ID, DefaultValue, SeqNo,  c.FieldLength, c.ValueMin, c.ValueMax, c.VFormat, c.Callout,  c.Name, c.Description, c.ColumnSQL, c.IsEncrypted, c.IsKey FROM AD_Column c WHERE c.AD_Table_ID=? AND c.IsActive='Y' ORDER BY c.ColumnName>
11:23:54.126 ModelInterfaceGenerator.writeToFile: /home/augusto/GenerateModel/I_c_mom.java - 7.3378906 kB
11:23:54.130     DB_PostgreSQL.convertStatement: PostgreSQL =>SELECT c.ColumnName, c.IsUpdateable, c.IsMandatory, c.AD_Reference_ID, c.AD_Reference_Value_ID, DefaultValue, SeqNo, c.FieldLength, c.ValueMin, c.ValueMax, c.VFormat, c.Callout, c.Name, c.Description, c.ColumnSQL, c.IsEncrypted, c.IsKey, c.IsIdentifier FROM AD_Column c WHERE c.AD_Table_ID=? AND c.ColumnName NOT IN ('AD_Client_ID', 'AD_Org_ID', 'IsActive', 'Created', 'CreatedBy', 'Updated', 'UpdatedBy') AND c.IsActive='Y' ORDER BY c.ColumnName<= <SELECT c.ColumnName, c.IsUpdateable, c.IsMandatory, c.AD_Reference_ID, c.AD_Reference_Value_ID, DefaultValue, SeqNo,  c.FieldLength, c.ValueMin, c.ValueMax, c.VFormat, c.Callout,  c.Name, c.Description, c.ColumnSQL, c.IsEncrypted, c.IsKey, c.IsIdentifier FROM AD_Column c WHERE c.AD_Table_ID=? AND c.ColumnName NOT IN ('AD_Client_ID', 'AD_Org_ID', 'IsActive', 'Created', 'CreatedBy', 'Updated', 'UpdatedBy') AND c.IsActive='Y' ORDER BY c.ColumnName>
11:23:54.165 ModelClassGenerator.writeToFile: /home/augusto/GenerateModel/X_c_mom.java - 8.251953 kB
11:23:54.170     DB_PostgreSQL.convertStatement: PostgreSQL =>SELECT c.ColumnName, c.IsUpdateable, c.IsMandatory, c.AD_Reference_ID, c.AD_Reference_Value_ID, DefaultValue, SeqNo, c.FieldLength, c.ValueMin, c.ValueMax, c.VFormat, c.Callout, c.Name, c.Description, c.ColumnSQL, c.IsEncrypted, c.IsKey FROM AD_Column c WHERE c.AD_Table_ID=? AND c.IsActive='Y' ORDER BY c.ColumnName<= <SELECT c.ColumnName, c.IsUpdateable, c.IsMandatory, c.AD_Reference_ID, c.AD_Reference_Value_ID, DefaultValue, SeqNo,  c.FieldLength, c.ValueMin, c.ValueMax, c.VFormat, c.Callout,  c.Name, c.Description, c.ColumnSQL, c.IsEncrypted, c.IsKey FROM AD_Column c WHERE c.AD_Table_ID=? AND c.IsActive='Y' ORDER BY c.ColumnName>
11:23:54.201     DB_PostgreSQL.convertStatement: PostgreSQL =>SELECT t.TableName, c.ColumnName,c.AD_Reference_ID,c.IsMandatory,c.IsUpdateable,c.DefaultValue,e.Name,e.Description, c.AD_Column_ID, c.IsKey,c.IsParent, c.AD_Reference_Value_ID, vr.Code, c.FieldLength, c.ValueMin, c.ValueMax, c.IsTranslated, t.AccessLevel, c.ColumnSQL, c.IsEncrypted, c.IsAllowLogging,t.IsChangeLog FROM AD_Table t INNER JOIN AD_Column c ON (t.AD_Table_ID=c.AD_Table_ID) LEFT OUTER JOIN AD_Val_Rule vr ON (c.AD_Val_Rule_ID=vr.AD_Val_Rule_ID) INNER JOIN AD_Element e ON (c.AD_Element_ID=e.AD_Element_ID) WHERE t.AD_Table_ID=? AND c.IsActive='Y'<= <SELECT t.TableName, c.ColumnName,c.AD_Reference_ID,c.IsMandatory,c.IsUpdateable,c.DefaultValue,e.Name,e.Description, c.AD_Column_ID, c.IsKey,c.IsParent, c.AD_Reference_Value_ID, vr.Code, c.FieldLength, c.ValueMin, c.ValueMax, c.IsTranslated, t.AccessLevel, c.ColumnSQL, c.IsEncrypted, c.IsAllowLogging,t.IsChangeLog FROM AD_Table t INNER JOIN AD_Column c ON (t.AD_Table_ID=c.AD_Table_ID) LEFT OUTER JOIN AD_Val_Rule vr ON (c.AD_Val_Rule_ID=vr.AD_Val_Rule_ID) INNER JOIN AD_Element e  ON (c.AD_Element_ID=e.AD_Element_ID) WHERE t.AD_Table_ID=? AND c.IsActive='Y'>
11:23:54.209     MTable.getPOclass: Use: org.compiere.model.MEntityType
11:23:54.239 ModelInterfaceGenerator.writeToFile: /home/augusto/GenerateModel/I_c_mom_discussionline.java - 5.107422 kB
11:23:54.246     DB_PostgreSQL.convertStatement: PostgreSQL =>SELECT c.ColumnName, c.IsUpdateable, c.IsMandatory, c.AD_Reference_ID, c.AD_Reference_Value_ID, DefaultValue, SeqNo, c.FieldLength, c.ValueMin, c.ValueMax, c.VFormat, c.Callout, c.Name, c.Description, c.ColumnSQL, c.IsEncrypted, c.IsKey, c.IsIdentifier FROM AD_Column c WHERE c.AD_Table_ID=? AND c.ColumnName NOT IN ('AD_Client_ID', 'AD_Org_ID', 'IsActive', 'Created', 'CreatedBy', 'Updated', 'UpdatedBy') AND c.IsActive='Y' ORDER BY c.ColumnName<= <SELECT c.ColumnName, c.IsUpdateable, c.IsMandatory, c.AD_Reference_ID, c.AD_Reference_Value_ID, DefaultValue, SeqNo,  c.FieldLength, c.ValueMin, c.ValueMax, c.VFormat, c.Callout,  c.Name, c.Description, c.ColumnSQL, c.IsEncrypted, c.IsKey, c.IsIdentifier FROM AD_Column c WHERE c.AD_Table_ID=? AND c.ColumnName NOT IN ('AD_Client_ID', 'AD_Org_ID', 'IsActive', 'Created', 'CreatedBy', 'Updated', 'UpdatedBy') AND c.IsActive='Y' ORDER BY c.ColumnName>
11:23:54.260 ModelClassGenerator.writeToFile: /home/augusto/GenerateModel/X_c_mom_discussionline.java - 5.2373047 kB
11:23:54.261     DB_PostgreSQL.convertStatement: PostgreSQL =>SELECT c.ColumnName, c.IsUpdateable, c.IsMandatory, c.AD_Reference_ID, c.AD_Reference_Value_ID, DefaultValue, SeqNo, c.FieldLength, c.ValueMin, c.ValueMax, c.VFormat, c.Callout, c.Name, c.Description, c.ColumnSQL, c.IsEncrypted, c.IsKey FROM AD_Column c WHERE c.AD_Table_ID=? AND c.IsActive='Y' ORDER BY c.ColumnName<= <SELECT c.ColumnName, c.IsUpdateable, c.IsMandatory, c.AD_Reference_ID, c.AD_Reference_Value_ID, DefaultValue, SeqNo,  c.FieldLength, c.ValueMin, c.ValueMax, c.VFormat, c.Callout,  c.Name, c.Description, c.ColumnSQL, c.IsEncrypted, c.IsKey FROM AD_Column c WHERE c.AD_Table_ID=? AND c.IsActive='Y' ORDER BY c.ColumnName>
11:23:54.277 ModelInterfaceGenerator.writeToFile: /home/augusto/GenerateModel/I_c_mom_participantsline.java - 4.458008 kB
11:23:54.279     DB_PostgreSQL.convertStatement: PostgreSQL =>SELECT c.ColumnName, c.IsUpdateable, c.IsMandatory, c.AD_Reference_ID, c.AD_Reference_Value_ID, DefaultValue, SeqNo, c.FieldLength, c.ValueMin, c.ValueMax, c.VFormat, c.Callout, c.Name, c.Description, c.ColumnSQL, c.IsEncrypted, c.IsKey, c.IsIdentifier FROM AD_Column c WHERE c.AD_Table_ID=? AND c.ColumnName NOT IN ('AD_Client_ID', 'AD_Org_ID', 'IsActive', 'Created', 'CreatedBy', 'Updated', 'UpdatedBy') AND c.IsActive='Y' ORDER BY c.ColumnName<= <SELECT c.ColumnName, c.IsUpdateable, c.IsMandatory, c.AD_Reference_ID, c.AD_Reference_Value_ID, DefaultValue, SeqNo,  c.FieldLength, c.ValueMin, c.ValueMax, c.VFormat, c.Callout,  c.Name, c.Description, c.ColumnSQL, c.IsEncrypted, c.IsKey, c.IsIdentifier FROM AD_Column c WHERE c.AD_Table_ID=? AND c.ColumnName NOT IN ('AD_Client_ID', 'AD_Org_ID', 'IsActive', 'Created', 'CreatedBy', 'Updated', 'UpdatedBy') AND c.IsActive='Y' ORDER BY c.ColumnName>
11:23:54.288 ModelClassGenerator.writeToFile: /home/augusto/GenerateModel/X_c_mom_participantsline.java - 5.147461 kB
11:23:54.289 GenerateModel.main: Generated = 3

*** 2011-11-09 11:23:54.29 Adempiere Log (CLogFile) ***
