*** 2011-11-08 10:39:12.853 Adempiere Log (CLogFile) ***
10:39:12.852 Adempiere.startup: ADempiere(r) Release 3.6.0LTS_2010-06-14 -Smart Suite ERP,CRM and SCM- (c) 1999-2010 ADempiere(r); Implementation: ADempiere - Supported by ADempiere community
10:39:12.854 Ini.loadProperties: /home/augusto/ws/adempiere_360/Adempiere.properties #37
10:39:13.524   CLogMgt.setLevel: FINE
10:39:13.525 GenerateModel.main: Generate Model   $Revision: 1.42 $
10:39:13.525 GenerateModel.main: ----------------------------------
10:39:13.525 GenerateModel.main: Directory: /home/augusto/GenerateModel/
10:39:13.525 GenerateModel.main: Package:   org.compiere.model
10:39:13.525 GenerateModel.main: EntityType IN ('U','A')
10:39:13.526 GenerateModel.main: ----------------------------------
10:39:13.526 GenerateModel.main: Table Like: '%'
10:39:13.533     DB_PostgreSQL.convertStatement: PostgreSQL =>SELECT c.ColumnName, c.IsUpdateable, c.IsMandatory, c.AD_Reference_ID, c.AD_Reference_Value_ID, DefaultValue, SeqNo, c.FieldLength, c.ValueMin, c.ValueMax, c.VFormat, c.Callout, c.Name, c.Description, c.ColumnSQL, c.IsEncrypted, c.IsKey FROM AD_Column c WHERE c.AD_Table_ID=? AND c.IsActive='Y' ORDER BY c.ColumnName<= <SELECT c.ColumnName, c.IsUpdateable, c.IsMandatory, c.AD_Reference_ID, c.AD_Reference_Value_ID, DefaultValue, SeqNo,  c.FieldLength, c.ValueMin, c.ValueMax, c.VFormat, c.Callout,  c.Name, c.Description, c.ColumnSQL, c.IsEncrypted, c.IsKey FROM AD_Column c WHERE c.AD_Table_ID=? AND c.IsActive='Y' ORDER BY c.ColumnName>
10:39:13.555 ModelInterfaceGenerator.writeToFile: /home/augusto/GenerateModel/I_c_mom.java - 5.4228516 kB
10:39:13.559     DB_PostgreSQL.convertStatement: PostgreSQL =>SELECT c.ColumnName, c.IsUpdateable, c.IsMandatory, c.AD_Reference_ID, c.AD_Reference_Value_ID, DefaultValue, SeqNo, c.FieldLength, c.ValueMin, c.ValueMax, c.VFormat, c.Callout, c.Name, c.Description, c.ColumnSQL, c.IsEncrypted, c.IsKey, c.IsIdentifier FROM AD_Column c WHERE c.AD_Table_ID=? AND c.ColumnName NOT IN ('AD_Client_ID', 'AD_Org_ID', 'IsActive', 'Created', 'CreatedBy', 'Updated', 'UpdatedBy') AND c.IsActive='Y' ORDER BY c.ColumnName<= <SELECT c.ColumnName, c.IsUpdateable, c.IsMandatory, c.AD_Reference_ID, c.AD_Reference_Value_ID, DefaultValue, SeqNo,  c.FieldLength, c.ValueMin, c.ValueMax, c.VFormat, c.Callout,  c.Name, c.Description, c.ColumnSQL, c.IsEncrypted, c.IsKey, c.IsIdentifier FROM AD_Column c WHERE c.AD_Table_ID=? AND c.ColumnName NOT IN ('AD_Client_ID', 'AD_Org_ID', 'IsActive', 'Created', 'CreatedBy', 'Updated', 'UpdatedBy') AND c.IsActive='Y' ORDER BY c.ColumnName>
10:39:13.592 ModelClassGenerator.writeToFile: /home/augusto/GenerateModel/X_c_mom.java - 5.5410156 kB
10:39:13.593     DB_PostgreSQL.convertStatement: PostgreSQL =>SELECT c.ColumnName, c.IsUpdateable, c.IsMandatory, c.AD_Reference_ID, c.AD_Reference_Value_ID, DefaultValue, SeqNo, c.FieldLength, c.ValueMin, c.ValueMax, c.VFormat, c.Callout, c.Name, c.Description, c.ColumnSQL, c.IsEncrypted, c.IsKey FROM AD_Column c WHERE c.AD_Table_ID=? AND c.IsActive='Y' ORDER BY c.ColumnName<= <SELECT c.ColumnName, c.IsUpdateable, c.IsMandatory, c.AD_Reference_ID, c.AD_Reference_Value_ID, DefaultValue, SeqNo,  c.FieldLength, c.ValueMin, c.ValueMax, c.VFormat, c.Callout,  c.Name, c.Description, c.ColumnSQL, c.IsEncrypted, c.IsKey FROM AD_Column c WHERE c.AD_Table_ID=? AND c.IsActive='Y' ORDER BY c.ColumnName>
10:39:13.624     DB_PostgreSQL.convertStatement: PostgreSQL =>SELECT t.TableName, c.ColumnName,c.AD_Reference_ID,c.IsMandatory,c.IsUpdateable,c.DefaultValue,e.Name,e.Description, c.AD_Column_ID, c.IsKey,c.IsParent, c.AD_Reference_Value_ID, vr.Code, c.FieldLength, c.ValueMin, c.ValueMax, c.IsTranslated, t.AccessLevel, c.ColumnSQL, c.IsEncrypted, c.IsAllowLogging,t.IsChangeLog FROM AD_Table t INNER JOIN AD_Column c ON (t.AD_Table_ID=c.AD_Table_ID) LEFT OUTER JOIN AD_Val_Rule vr ON (c.AD_Val_Rule_ID=vr.AD_Val_Rule_ID) INNER JOIN AD_Element e ON (c.AD_Element_ID=e.AD_Element_ID) WHERE t.AD_Table_ID=? AND c.IsActive='Y'<= <SELECT t.TableName, c.ColumnName,c.AD_Reference_ID,c.IsMandatory,c.IsUpdateable,c.DefaultValue,e.Name,e.Description, c.AD_Column_ID, c.IsKey,c.IsParent, c.AD_Reference_Value_ID, vr.Code, c.FieldLength, c.ValueMin, c.ValueMax, c.IsTranslated, t.AccessLevel, c.ColumnSQL, c.IsEncrypted, c.IsAllowLogging,t.IsChangeLog FROM AD_Table t INNER JOIN AD_Column c ON (t.AD_Table_ID=c.AD_Table_ID) LEFT OUTER JOIN AD_Val_Rule vr ON (c.AD_Val_Rule_ID=vr.AD_Val_Rule_ID) INNER JOIN AD_Element e  ON (c.AD_Element_ID=e.AD_Element_ID) WHERE t.AD_Table_ID=? AND c.IsActive='Y'>
10:39:13.642     MTable.getPOclass: Use: org.compiere.model.MEntityType
10:39:13.673 ModelInterfaceGenerator.writeToFile: /home/augusto/GenerateModel/I_c_mom_discussionline.java - 5.107422 kB
10:39:13.675     DB_PostgreSQL.convertStatement: PostgreSQL =>SELECT c.ColumnName, c.IsUpdateable, c.IsMandatory, c.AD_Reference_ID, c.AD_Reference_Value_ID, DefaultValue, SeqNo, c.FieldLength, c.ValueMin, c.ValueMax, c.VFormat, c.Callout, c.Name, c.Description, c.ColumnSQL, c.IsEncrypted, c.IsKey, c.IsIdentifier FROM AD_Column c WHERE c.AD_Table_ID=? AND c.ColumnName NOT IN ('AD_Client_ID', 'AD_Org_ID', 'IsActive', 'Created', 'CreatedBy', 'Updated', 'UpdatedBy') AND c.IsActive='Y' ORDER BY c.ColumnName<= <SELECT c.ColumnName, c.IsUpdateable, c.IsMandatory, c.AD_Reference_ID, c.AD_Reference_Value_ID, DefaultValue, SeqNo,  c.FieldLength, c.ValueMin, c.ValueMax, c.VFormat, c.Callout,  c.Name, c.Description, c.ColumnSQL, c.IsEncrypted, c.IsKey, c.IsIdentifier FROM AD_Column c WHERE c.AD_Table_ID=? AND c.ColumnName NOT IN ('AD_Client_ID', 'AD_Org_ID', 'IsActive', 'Created', 'CreatedBy', 'Updated', 'UpdatedBy') AND c.IsActive='Y' ORDER BY c.ColumnName>
10:39:13.692 ModelClassGenerator.writeToFile: /home/augusto/GenerateModel/X_c_mom_discussionline.java - 5.2373047 kB
10:39:13.697     DB_PostgreSQL.convertStatement: PostgreSQL =>SELECT c.ColumnName, c.IsUpdateable, c.IsMandatory, c.AD_Reference_ID, c.AD_Reference_Value_ID, DefaultValue, SeqNo, c.FieldLength, c.ValueMin, c.ValueMax, c.VFormat, c.Callout, c.Name, c.Description, c.ColumnSQL, c.IsEncrypted, c.IsKey FROM AD_Column c WHERE c.AD_Table_ID=? AND c.IsActive='Y' ORDER BY c.ColumnName<= <SELECT c.ColumnName, c.IsUpdateable, c.IsMandatory, c.AD_Reference_ID, c.AD_Reference_Value_ID, DefaultValue, SeqNo,  c.FieldLength, c.ValueMin, c.ValueMax, c.VFormat, c.Callout,  c.Name, c.Description, c.ColumnSQL, c.IsEncrypted, c.IsKey FROM AD_Column c WHERE c.AD_Table_ID=? AND c.IsActive='Y' ORDER BY c.ColumnName>
10:39:13.721 ModelInterfaceGenerator.writeToFile: /home/augusto/GenerateModel/I_c_mom_participantsline.java - 4.458008 kB
10:39:13.723     DB_PostgreSQL.convertStatement: PostgreSQL =>SELECT c.ColumnName, c.IsUpdateable, c.IsMandatory, c.AD_Reference_ID, c.AD_Reference_Value_ID, DefaultValue, SeqNo, c.FieldLength, c.ValueMin, c.ValueMax, c.VFormat, c.Callout, c.Name, c.Description, c.ColumnSQL, c.IsEncrypted, c.IsKey, c.IsIdentifier FROM AD_Column c WHERE c.AD_Table_ID=? AND c.ColumnName NOT IN ('AD_Client_ID', 'AD_Org_ID', 'IsActive', 'Created', 'CreatedBy', 'Updated', 'UpdatedBy') AND c.IsActive='Y' ORDER BY c.ColumnName<= <SELECT c.ColumnName, c.IsUpdateable, c.IsMandatory, c.AD_Reference_ID, c.AD_Reference_Value_ID, DefaultValue, SeqNo,  c.FieldLength, c.ValueMin, c.ValueMax, c.VFormat, c.Callout,  c.Name, c.Description, c.ColumnSQL, c.IsEncrypted, c.IsKey, c.IsIdentifier FROM AD_Column c WHERE c.AD_Table_ID=? AND c.ColumnName NOT IN ('AD_Client_ID', 'AD_Org_ID', 'IsActive', 'Created', 'CreatedBy', 'Updated', 'UpdatedBy') AND c.IsActive='Y' ORDER BY c.ColumnName>
10:39:13.738 ModelClassGenerator.writeToFile: /home/augusto/GenerateModel/X_c_mom_participantsline.java - 5.147461 kB
10:39:13.739 GenerateModel.main: Generated = 3

*** 2011-11-08 10:39:13.744 Adempiere Log (CLogFile) ***
