*** 2011-11-08 11:36:10.449 Adempiere Log (CLogFile) ***
11:36:10.449 Adempiere.startup: ADempiere(r) Release 3.6.0LTS_2010-06-14 -Smart Suite ERP,CRM and SCM- (c) 1999-2010 ADempiere(r); Implementation: ADempiere - Supported by ADempiere community
11:36:10.450 Ini.loadProperties: /home/augusto/ws/adempiere_360/Adempiere.properties #37
11:36:11.225   CLogMgt.setLevel: FINE
11:36:11.225 GenerateModel.main: Generate Model   $Revision: 1.42 $
11:36:11.225 GenerateModel.main: ----------------------------------
11:36:11.226 GenerateModel.main: Directory: /home/augusto/GenerateModel/
11:36:11.226 GenerateModel.main: Package:   org.compiere.model
11:36:11.226 GenerateModel.main: EntityType IN ('U','A')
11:36:11.226 GenerateModel.main: ----------------------------------
11:36:11.227 GenerateModel.main: Table Like: '%'
11:36:11.242     DB_PostgreSQL.convertStatement: PostgreSQL =>SELECT c.ColumnName, c.IsUpdateable, c.IsMandatory, c.AD_Reference_ID, c.AD_Reference_Value_ID, DefaultValue, SeqNo, c.FieldLength, c.ValueMin, c.ValueMax, c.VFormat, c.Callout, c.Name, c.Description, c.ColumnSQL, c.IsEncrypted, c.IsKey FROM AD_Column c WHERE c.AD_Table_ID=? AND c.IsActive='Y' ORDER BY c.ColumnName<= <SELECT c.ColumnName, c.IsUpdateable, c.IsMandatory, c.AD_Reference_ID, c.AD_Reference_Value_ID, DefaultValue, SeqNo,  c.FieldLength, c.ValueMin, c.ValueMax, c.VFormat, c.Callout,  c.Name, c.Description, c.ColumnSQL, c.IsEncrypted, c.IsKey FROM AD_Column c WHERE c.AD_Table_ID=? AND c.IsActive='Y' ORDER BY c.ColumnName>
11:36:11.281 ModelInterfaceGenerator.writeToFile: /home/augusto/GenerateModel/I_c_mom.java - 5.4228516 kB
11:36:11.292     DB_PostgreSQL.convertStatement: PostgreSQL =>SELECT c.ColumnName, c.IsUpdateable, c.IsMandatory, c.AD_Reference_ID, c.AD_Reference_Value_ID, DefaultValue, SeqNo, c.FieldLength, c.ValueMin, c.ValueMax, c.VFormat, c.Callout, c.Name, c.Description, c.ColumnSQL, c.IsEncrypted, c.IsKey, c.IsIdentifier FROM AD_Column c WHERE c.AD_Table_ID=? AND c.ColumnName NOT IN ('AD_Client_ID', 'AD_Org_ID', 'IsActive', 'Created', 'CreatedBy', 'Updated', 'UpdatedBy') AND c.IsActive='Y' ORDER BY c.ColumnName<= <SELECT c.ColumnName, c.IsUpdateable, c.IsMandatory, c.AD_Reference_ID, c.AD_Reference_Value_ID, DefaultValue, SeqNo,  c.FieldLength, c.ValueMin, c.ValueMax, c.VFormat, c.Callout,  c.Name, c.Description, c.ColumnSQL, c.IsEncrypted, c.IsKey, c.IsIdentifier FROM AD_Column c WHERE c.AD_Table_ID=? AND c.ColumnName NOT IN ('AD_Client_ID', 'AD_Org_ID', 'IsActive', 'Created', 'CreatedBy', 'Updated', 'UpdatedBy') AND c.IsActive='Y' ORDER BY c.ColumnName>
11:36:11.321 ModelClassGenerator.writeToFile: /home/augusto/GenerateModel/X_c_mom.java - 5.5410156 kB
11:36:11.322     DB_PostgreSQL.convertStatement: PostgreSQL =>SELECT c.ColumnName, c.IsUpdateable, c.IsMandatory, c.AD_Reference_ID, c.AD_Reference_Value_ID, DefaultValue, SeqNo, c.FieldLength, c.ValueMin, c.ValueMax, c.VFormat, c.Callout, c.Name, c.Description, c.ColumnSQL, c.IsEncrypted, c.IsKey FROM AD_Column c WHERE c.AD_Table_ID=? AND c.IsActive='Y' ORDER BY c.ColumnName<= <SELECT c.ColumnName, c.IsUpdateable, c.IsMandatory, c.AD_Reference_ID, c.AD_Reference_Value_ID, DefaultValue, SeqNo,  c.FieldLength, c.ValueMin, c.ValueMax, c.VFormat, c.Callout,  c.Name, c.Description, c.ColumnSQL, c.IsEncrypted, c.IsKey FROM AD_Column c WHERE c.AD_Table_ID=? AND c.IsActive='Y' ORDER BY c.ColumnName>
11:36:11.348     DB_PostgreSQL.convertStatement: PostgreSQL =>SELECT t.TableName, c.ColumnName,c.AD_Reference_ID,c.IsMandatory,c.IsUpdateable,c.DefaultValue,e.Name,e.Description, c.AD_Column_ID, c.IsKey,c.IsParent, c.AD_Reference_Value_ID, vr.Code, c.FieldLength, c.ValueMin, c.ValueMax, c.IsTranslated, t.AccessLevel, c.ColumnSQL, c.IsEncrypted, c.IsAllowLogging,t.IsChangeLog FROM AD_Table t INNER JOIN AD_Column c ON (t.AD_Table_ID=c.AD_Table_ID) LEFT OUTER JOIN AD_Val_Rule vr ON (c.AD_Val_Rule_ID=vr.AD_Val_Rule_ID) INNER JOIN AD_Element e ON (c.AD_Element_ID=e.AD_Element_ID) WHERE t.AD_Table_ID=? AND c.IsActive='Y'<= <SELECT t.TableName, c.ColumnName,c.AD_Reference_ID,c.IsMandatory,c.IsUpdateable,c.DefaultValue,e.Name,e.Description, c.AD_Column_ID, c.IsKey,c.IsParent, c.AD_Reference_Value_ID, vr.Code, c.FieldLength, c.ValueMin, c.ValueMax, c.IsTranslated, t.AccessLevel, c.ColumnSQL, c.IsEncrypted, c.IsAllowLogging,t.IsChangeLog FROM AD_Table t INNER JOIN AD_Column c ON (t.AD_Table_ID=c.AD_Table_ID) LEFT OUTER JOIN AD_Val_Rule vr ON (c.AD_Val_Rule_ID=vr.AD_Val_Rule_ID) INNER JOIN AD_Element e  ON (c.AD_Element_ID=e.AD_Element_ID) WHERE t.AD_Table_ID=? AND c.IsActive='Y'>
11:36:11.366     MTable.getPOclass: Use: org.compiere.model.MEntityType
11:36:11.396 ModelInterfaceGenerator.writeToFile: /home/augusto/GenerateModel/I_c_mom_discussionline.java - 5.107422 kB
11:36:11.404     DB_PostgreSQL.convertStatement: PostgreSQL =>SELECT c.ColumnName, c.IsUpdateable, c.IsMandatory, c.AD_Reference_ID, c.AD_Reference_Value_ID, DefaultValue, SeqNo, c.FieldLength, c.ValueMin, c.ValueMax, c.VFormat, c.Callout, c.Name, c.Description, c.ColumnSQL, c.IsEncrypted, c.IsKey, c.IsIdentifier FROM AD_Column c WHERE c.AD_Table_ID=? AND c.ColumnName NOT IN ('AD_Client_ID', 'AD_Org_ID', 'IsActive', 'Created', 'CreatedBy', 'Updated', 'UpdatedBy') AND c.IsActive='Y' ORDER BY c.ColumnName<= <SELECT c.ColumnName, c.IsUpdateable, c.IsMandatory, c.AD_Reference_ID, c.AD_Reference_Value_ID, DefaultValue, SeqNo,  c.FieldLength, c.ValueMin, c.ValueMax, c.VFormat, c.Callout,  c.Name, c.Description, c.ColumnSQL, c.IsEncrypted, c.IsKey, c.IsIdentifier FROM AD_Column c WHERE c.AD_Table_ID=? AND c.ColumnName NOT IN ('AD_Client_ID', 'AD_Org_ID', 'IsActive', 'Created', 'CreatedBy', 'Updated', 'UpdatedBy') AND c.IsActive='Y' ORDER BY c.ColumnName>
11:36:11.413 ModelClassGenerator.writeToFile: /home/augusto/GenerateModel/X_c_mom_discussionline.java - 5.2373047 kB
11:36:11.417     DB_PostgreSQL.convertStatement: PostgreSQL =>SELECT c.ColumnName, c.IsUpdateable, c.IsMandatory, c.AD_Reference_ID, c.AD_Reference_Value_ID, DefaultValue, SeqNo, c.FieldLength, c.ValueMin, c.ValueMax, c.VFormat, c.Callout, c.Name, c.Description, c.ColumnSQL, c.IsEncrypted, c.IsKey FROM AD_Column c WHERE c.AD_Table_ID=? AND c.IsActive='Y' ORDER BY c.ColumnName<= <SELECT c.ColumnName, c.IsUpdateable, c.IsMandatory, c.AD_Reference_ID, c.AD_Reference_Value_ID, DefaultValue, SeqNo,  c.FieldLength, c.ValueMin, c.ValueMax, c.VFormat, c.Callout,  c.Name, c.Description, c.ColumnSQL, c.IsEncrypted, c.IsKey FROM AD_Column c WHERE c.AD_Table_ID=? AND c.IsActive='Y' ORDER BY c.ColumnName>
11:36:11.434 ModelInterfaceGenerator.writeToFile: /home/augusto/GenerateModel/I_c_mom_participantsline.java - 4.458008 kB
11:36:11.435     DB_PostgreSQL.convertStatement: PostgreSQL =>SELECT c.ColumnName, c.IsUpdateable, c.IsMandatory, c.AD_Reference_ID, c.AD_Reference_Value_ID, DefaultValue, SeqNo, c.FieldLength, c.ValueMin, c.ValueMax, c.VFormat, c.Callout, c.Name, c.Description, c.ColumnSQL, c.IsEncrypted, c.IsKey, c.IsIdentifier FROM AD_Column c WHERE c.AD_Table_ID=? AND c.ColumnName NOT IN ('AD_Client_ID', 'AD_Org_ID', 'IsActive', 'Created', 'CreatedBy', 'Updated', 'UpdatedBy') AND c.IsActive='Y' ORDER BY c.ColumnName<= <SELECT c.ColumnName, c.IsUpdateable, c.IsMandatory, c.AD_Reference_ID, c.AD_Reference_Value_ID, DefaultValue, SeqNo,  c.FieldLength, c.ValueMin, c.ValueMax, c.VFormat, c.Callout,  c.Name, c.Description, c.ColumnSQL, c.IsEncrypted, c.IsKey, c.IsIdentifier FROM AD_Column c WHERE c.AD_Table_ID=? AND c.ColumnName NOT IN ('AD_Client_ID', 'AD_Org_ID', 'IsActive', 'Created', 'CreatedBy', 'Updated', 'UpdatedBy') AND c.IsActive='Y' ORDER BY c.ColumnName>
11:36:11.454 ModelClassGenerator.writeToFile: /home/augusto/GenerateModel/X_c_mom_participantsline.java - 5.147461 kB
11:36:11.460 GenerateModel.main: Generated = 3

*** 2011-11-08 11:36:11.472 Adempiere Log (CLogFile) ***
