*** 2011-11-10 09:51:33.847 Adempiere Log (CLogFile) ***
09:51:33.847 Adempiere.startup: ADempiere(r) Release 3.6.0LTS_2010-06-14 -Smart Suite ERP,CRM and SCM- (c) 1999-2010 ADempiere(r); Implementation: ADempiere - Supported by ADempiere community
09:51:33.848 Ini.loadProperties: /home/augusto/ws/adempiere_360/Adempiere.properties #37
09:51:34.733   CLogMgt.setLevel: FINE
09:51:34.733 GenerateModel.main: Generate Model   $Revision: 1.42 $
09:51:34.733 GenerateModel.main: ----------------------------------
09:51:34.734 GenerateModel.main: Directory: /home/augusto/GenerateModel/
09:51:34.734 GenerateModel.main: Package:   org.compiere.model
09:51:34.734 GenerateModel.main: EntityType IN ('U','A')
09:51:34.734 GenerateModel.main: ----------------------------------
09:51:34.734 GenerateModel.main: Table Like: '%'
09:51:34.754     DB_PostgreSQL.convertStatement: PostgreSQL =>SELECT c.ColumnName, c.IsUpdateable, c.IsMandatory, c.AD_Reference_ID, c.AD_Reference_Value_ID, DefaultValue, SeqNo, c.FieldLength, c.ValueMin, c.ValueMax, c.VFormat, c.Callout, c.Name, c.Description, c.ColumnSQL, c.IsEncrypted, c.IsKey FROM AD_Column c WHERE c.AD_Table_ID=? AND c.IsActive='Y' ORDER BY c.ColumnName<= <SELECT c.ColumnName, c.IsUpdateable, c.IsMandatory, c.AD_Reference_ID, c.AD_Reference_Value_ID, DefaultValue, SeqNo,  c.FieldLength, c.ValueMin, c.ValueMax, c.VFormat, c.Callout,  c.Name, c.Description, c.ColumnSQL, c.IsEncrypted, c.IsKey FROM AD_Column c WHERE c.AD_Table_ID=? AND c.IsActive='Y' ORDER BY c.ColumnName>
09:51:34.775 ModelInterfaceGenerator.writeToFile: /home/augusto/GenerateModel/I_c_mom.java - 7.3378906 kB
09:51:34.779     DB_PostgreSQL.convertStatement: PostgreSQL =>SELECT c.ColumnName, c.IsUpdateable, c.IsMandatory, c.AD_Reference_ID, c.AD_Reference_Value_ID, DefaultValue, SeqNo, c.FieldLength, c.ValueMin, c.ValueMax, c.VFormat, c.Callout, c.Name, c.Description, c.ColumnSQL, c.IsEncrypted, c.IsKey, c.IsIdentifier FROM AD_Column c WHERE c.AD_Table_ID=? AND c.ColumnName NOT IN ('AD_Client_ID', 'AD_Org_ID', 'IsActive', 'Created', 'CreatedBy', 'Updated', 'UpdatedBy') AND c.IsActive='Y' ORDER BY c.ColumnName<= <SELECT c.ColumnName, c.IsUpdateable, c.IsMandatory, c.AD_Reference_ID, c.AD_Reference_Value_ID, DefaultValue, SeqNo,  c.FieldLength, c.ValueMin, c.ValueMax, c.VFormat, c.Callout,  c.Name, c.Description, c.ColumnSQL, c.IsEncrypted, c.IsKey, c.IsIdentifier FROM AD_Column c WHERE c.AD_Table_ID=? AND c.ColumnName NOT IN ('AD_Client_ID', 'AD_Org_ID', 'IsActive', 'Created', 'CreatedBy', 'Updated', 'UpdatedBy') AND c.IsActive='Y' ORDER BY c.ColumnName>
09:51:34.813 ModelClassGenerator.writeToFile: /home/augusto/GenerateModel/X_c_mom.java - 10.526367 kB
09:51:34.814     DB_PostgreSQL.convertStatement: PostgreSQL =>SELECT c.ColumnName, c.IsUpdateable, c.IsMandatory, c.AD_Reference_ID, c.AD_Reference_Value_ID, DefaultValue, SeqNo, c.FieldLength, c.ValueMin, c.ValueMax, c.VFormat, c.Callout, c.Name, c.Description, c.ColumnSQL, c.IsEncrypted, c.IsKey FROM AD_Column c WHERE c.AD_Table_ID=? AND c.IsActive='Y' ORDER BY c.ColumnName<= <SELECT c.ColumnName, c.IsUpdateable, c.IsMandatory, c.AD_Reference_ID, c.AD_Reference_Value_ID, DefaultValue, SeqNo,  c.FieldLength, c.ValueMin, c.ValueMax, c.VFormat, c.Callout,  c.Name, c.Description, c.ColumnSQL, c.IsEncrypted, c.IsKey FROM AD_Column c WHERE c.AD_Table_ID=? AND c.IsActive='Y' ORDER BY c.ColumnName>
09:51:34.861     DB_PostgreSQL.convertStatement: PostgreSQL =>SELECT t.TableName, c.ColumnName,c.AD_Reference_ID,c.IsMandatory,c.IsUpdateable,c.DefaultValue,e.Name,e.Description, c.AD_Column_ID, c.IsKey,c.IsParent, c.AD_Reference_Value_ID, vr.Code, c.FieldLength, c.ValueMin, c.ValueMax, c.IsTranslated, t.AccessLevel, c.ColumnSQL, c.IsEncrypted, c.IsAllowLogging,t.IsChangeLog FROM AD_Table t INNER JOIN AD_Column c ON (t.AD_Table_ID=c.AD_Table_ID) LEFT OUTER JOIN AD_Val_Rule vr ON (c.AD_Val_Rule_ID=vr.AD_Val_Rule_ID) INNER JOIN AD_Element e ON (c.AD_Element_ID=e.AD_Element_ID) WHERE t.AD_Table_ID=? AND c.IsActive='Y'<= <SELECT t.TableName, c.ColumnName,c.AD_Reference_ID,c.IsMandatory,c.IsUpdateable,c.DefaultValue,e.Name,e.Description, c.AD_Column_ID, c.IsKey,c.IsParent, c.AD_Reference_Value_ID, vr.Code, c.FieldLength, c.ValueMin, c.ValueMax, c.IsTranslated, t.AccessLevel, c.ColumnSQL, c.IsEncrypted, c.IsAllowLogging,t.IsChangeLog FROM AD_Table t INNER JOIN AD_Column c ON (t.AD_Table_ID=c.AD_Table_ID) LEFT OUTER JOIN AD_Val_Rule vr ON (c.AD_Val_Rule_ID=vr.AD_Val_Rule_ID) INNER JOIN AD_Element e  ON (c.AD_Element_ID=e.AD_Element_ID) WHERE t.AD_Table_ID=? AND c.IsActive='Y'>
09:51:34.871     MTable.getPOclass: Use: org.compiere.model.MEntityType
09:51:34.899 ModelInterfaceGenerator.writeToFile: /home/augusto/GenerateModel/I_c_mom_discussionline.java - 5.107422 kB
09:51:34.901     DB_PostgreSQL.convertStatement: PostgreSQL =>SELECT c.ColumnName, c.IsUpdateable, c.IsMandatory, c.AD_Reference_ID, c.AD_Reference_Value_ID, DefaultValue, SeqNo, c.FieldLength, c.ValueMin, c.ValueMax, c.VFormat, c.Callout, c.Name, c.Description, c.ColumnSQL, c.IsEncrypted, c.IsKey, c.IsIdentifier FROM AD_Column c WHERE c.AD_Table_ID=? AND c.ColumnName NOT IN ('AD_Client_ID', 'AD_Org_ID', 'IsActive', 'Created', 'CreatedBy', 'Updated', 'UpdatedBy') AND c.IsActive='Y' ORDER BY c.ColumnName<= <SELECT c.ColumnName, c.IsUpdateable, c.IsMandatory, c.AD_Reference_ID, c.AD_Reference_Value_ID, DefaultValue, SeqNo,  c.FieldLength, c.ValueMin, c.ValueMax, c.VFormat, c.Callout,  c.Name, c.Description, c.ColumnSQL, c.IsEncrypted, c.IsKey, c.IsIdentifier FROM AD_Column c WHERE c.AD_Table_ID=? AND c.ColumnName NOT IN ('AD_Client_ID', 'AD_Org_ID', 'IsActive', 'Created', 'CreatedBy', 'Updated', 'UpdatedBy') AND c.IsActive='Y' ORDER BY c.ColumnName>
09:51:34.908 ModelClassGenerator.writeToFile: /home/augusto/GenerateModel/X_c_mom_discussionline.java - 5.2373047 kB
09:51:34.909     DB_PostgreSQL.convertStatement: PostgreSQL =>SELECT c.ColumnName, c.IsUpdateable, c.IsMandatory, c.AD_Reference_ID, c.AD_Reference_Value_ID, DefaultValue, SeqNo, c.FieldLength, c.ValueMin, c.ValueMax, c.VFormat, c.Callout, c.Name, c.Description, c.ColumnSQL, c.IsEncrypted, c.IsKey FROM AD_Column c WHERE c.AD_Table_ID=? AND c.IsActive='Y' ORDER BY c.ColumnName<= <SELECT c.ColumnName, c.IsUpdateable, c.IsMandatory, c.AD_Reference_ID, c.AD_Reference_Value_ID, DefaultValue, SeqNo,  c.FieldLength, c.ValueMin, c.ValueMax, c.VFormat, c.Callout,  c.Name, c.Description, c.ColumnSQL, c.IsEncrypted, c.IsKey FROM AD_Column c WHERE c.AD_Table_ID=? AND c.IsActive='Y' ORDER BY c.ColumnName>
09:51:34.934 ModelInterfaceGenerator.writeToFile: /home/augusto/GenerateModel/I_c_mom_participantsline.java - 4.458008 kB
09:51:34.935     DB_PostgreSQL.convertStatement: PostgreSQL =>SELECT c.ColumnName, c.IsUpdateable, c.IsMandatory, c.AD_Reference_ID, c.AD_Reference_Value_ID, DefaultValue, SeqNo, c.FieldLength, c.ValueMin, c.ValueMax, c.VFormat, c.Callout, c.Name, c.Description, c.ColumnSQL, c.IsEncrypted, c.IsKey, c.IsIdentifier FROM AD_Column c WHERE c.AD_Table_ID=? AND c.ColumnName NOT IN ('AD_Client_ID', 'AD_Org_ID', 'IsActive', 'Created', 'CreatedBy', 'Updated', 'UpdatedBy') AND c.IsActive='Y' ORDER BY c.ColumnName<= <SELECT c.ColumnName, c.IsUpdateable, c.IsMandatory, c.AD_Reference_ID, c.AD_Reference_Value_ID, DefaultValue, SeqNo,  c.FieldLength, c.ValueMin, c.ValueMax, c.VFormat, c.Callout,  c.Name, c.Description, c.ColumnSQL, c.IsEncrypted, c.IsKey, c.IsIdentifier FROM AD_Column c WHERE c.AD_Table_ID=? AND c.ColumnName NOT IN ('AD_Client_ID', 'AD_Org_ID', 'IsActive', 'Created', 'CreatedBy', 'Updated', 'UpdatedBy') AND c.IsActive='Y' ORDER BY c.ColumnName>
09:51:34.944 ModelClassGenerator.writeToFile: /home/augusto/GenerateModel/X_c_mom_participantsline.java - 5.147461 kB
09:51:34.951 GenerateModel.main: Generated = 3

*** 2011-11-10 09:51:34.96 Adempiere Log (CLogFile) ***
