
Conectado a: Oracle Database 10g Express Edition Release 10.2.0.1.0 - Production
Exportación realizada en el juego de caracteres AL32UTF8 y el juego de caracteres NCHAR AL16UTF16
el servidor utiliza el juego de caracteres WE8MSWIN1252 (posible conversión de juego de caracteres)

Exportando los usuarios especificados ...
. exportando acciones y objetos de procedimiento pre-esquema
. exportando nombres de biblioteca de funciones ajenas para el usuario REFERENCE 
. exportando sinónimos de tipo público
. exportando sinónimos de tipo privado
. exportando definiciones de tipos de objetos para el usuario REFERENCE 
Exportando los objetos de REFERENCE  ...
. exportando enlaces a la base de datos
. exportando números de secuencia
. exportando definiciones de cluster
. exportando las tablas de REFERENCE a través de la Ruta de Acceso Convencional ...
. exportando la tabla                        A_ASSET          0 filas exportadas
. exportando la tabla                   A_ASSET_ACCT          0 filas exportadas
. exportando la tabla               A_ASSET_ADDITION          0 filas exportadas
. exportando la tabla                 A_ASSET_CHANGE          0 filas exportadas
. exportando la tabla             A_ASSET_CHANGE_AMT          0 filas exportadas
. exportando la tabla               A_ASSET_DELIVERY          0 filas exportadas
. exportando la tabla               A_ASSET_DISPOSED          0 filas exportadas
. exportando la tabla                  A_ASSET_GROUP          9 filas exportadas
. exportando la tabla             A_ASSET_GROUP_ACCT          0 filas exportadas
. exportando la tabla               A_ASSET_INFO_FIN          0 filas exportadas
. exportando la tabla               A_ASSET_INFO_INS          0 filas exportadas
. exportando la tabla               A_ASSET_INFO_LIC          0 filas exportadas
. exportando la tabla               A_ASSET_INFO_OTH          0 filas exportadas
. exportando la tabla               A_ASSET_INFO_TAX          0 filas exportadas
. exportando la tabla             A_ASSET_RETIREMENT          0 filas exportadas
. exportando la tabla            A_ASSET_REVAL_ENTRY          0 filas exportadas
. exportando la tabla            A_ASSET_REVAL_INDEX          0 filas exportadas
. exportando la tabla                  A_ASSET_SPLIT          0 filas exportadas
. exportando la tabla                 A_ASSET_SPREAD          2 filas exportadas
. exportando la tabla               A_ASSET_TRANSFER          0 filas exportadas
. exportando la tabla                    A_ASSET_USE          0 filas exportadas
. exportando la tabla                   AD_ACCESSLOG          0 filas exportadas
. exportando la tabla                       AD_ALERT          1 filas exportadas
. exportando la tabla              AD_ALERTPROCESSOR          1 filas exportadas
. exportando la tabla           AD_ALERTPROCESSORLOG          0 filas exportadas
. exportando la tabla              AD_ALERTRECIPIENT          1 filas exportadas
. exportando la tabla                   AD_ALERTRULE          1 filas exportadas
. exportando la tabla                     AD_ARCHIVE          0 filas exportadas
. exportando la tabla                  AD_ATTACHMENT          2 filas exportadas
. exportando la tabla              AD_ATTACHMENTNOTE          0 filas exportadas
. exportando la tabla                   AD_ATTRIBUTE          0 filas exportadas
. exportando la tabla             AD_ATTRIBUTE_VALUE          0 filas exportadas
. exportando la tabla                   AD_CHANGELOG          0 filas exportadas
. exportando la tabla                      AD_CLIENT          2 filas exportadas
. exportando la tabla                  AD_CLIENTINFO          2 filas exportadas
. exportando la tabla                 AD_CLIENTSHARE          0 filas exportadas
. exportando la tabla                       AD_COLOR          0 filas exportadas
. exportando la tabla                      AD_COLUMN      16862 filas exportadas
. exportando la tabla               AD_COLUMN_ACCESS          0 filas exportadas
. exportando la tabla                  AD_COLUMN_TRL      16862 filas exportadas
. exportando la tabla                     AD_DESKTOP          1 filas exportadas
. exportando la tabla                 AD_DESKTOP_TRL          1 filas exportadas
. exportando la tabla            AD_DESKTOPWORKBENCH          1 filas exportadas
. exportando la tabla      AD_DOCUMENT_ACTION_ACCESS       1274 filas exportadas
. exportando la tabla                     AD_ELEMENT       2917 filas exportadas
. exportando la tabla                 AD_ELEMENT_TRL       2912 filas exportadas
. exportando la tabla                  AD_ENTITYTYPE         11 filas exportadas
. exportando la tabla                 A_DEPRECIATION         11 filas exportadas
. exportando la tabla           A_DEPRECIATION_BUILD          0 filas exportadas
. exportando la tabla      A_DEPRECIATION_CONVENTION          6 filas exportadas
. exportando la tabla           A_DEPRECIATION_ENTRY          0 filas exportadas
. exportando la tabla             A_DEPRECIATION_EXP          0 filas exportadas
. exportando la tabla        A_DEPRECIATION_FORECAST          0 filas exportadas
. exportando la tabla          A_DEPRECIATION_METHOD          3 filas exportadas
. exportando la tabla    A_DEPRECIATION_TABLE_DETAIL       2579 filas exportadas
. exportando la tabla    A_DEPRECIATION_TABLE_HEADER        122 filas exportadas
. exportando la tabla        A_DEPRECIATION_WORKFILE          0 filas exportadas
. exportando la tabla                       AD_ERROR          0 filas exportadas
. exportando la tabla                       AD_FIELD      15390 filas exportadas
. exportando la tabla                  AD_FIELDGROUP         47 filas exportadas
. exportando la tabla              AD_FIELDGROUP_TRL         47 filas exportadas
. exportando la tabla                   AD_FIELD_TRL      15390 filas exportadas
. exportando la tabla                        AD_FIND          0 filas exportadas
. exportando la tabla                        AD_FORM         33 filas exportadas
. exportando la tabla                 AD_FORM_ACCESS         86 filas exportadas
. exportando la tabla                    AD_FORM_TRL         33 filas exportadas
. exportando la tabla                AD_HOUSEKEEPING          0 filas exportadas
. exportando la tabla                       AD_IMAGE         11 filas exportadas
. exportando la tabla                   AD_IMPFORMAT         12 filas exportadas
. exportando la tabla               AD_IMPFORMAT_ROW        138 filas exportadas
. exportando la tabla                  AD_INFOCOLUMN          0 filas exportadas
. exportando la tabla              AD_INFOCOLUMN_TRL          0 filas exportadas
. exportando la tabla                  AD_INFOWINDOW          0 filas exportadas
. exportando la tabla              AD_INFOWINDOW_TRL          0 filas exportadas
. exportando la tabla                       AD_ISSUE          0 filas exportadas
. exportando la tabla                AD_LABELPRINTER          0 filas exportadas
. exportando la tabla        AD_LABELPRINTERFUNCTION          0 filas exportadas
. exportando la tabla                    AD_LANGUAGE        109 filas exportadas
. exportando la tabla                  AD_LDAPACCESS          0 filas exportadas
. exportando la tabla               AD_LDAPPROCESSOR          1 filas exportadas
. exportando la tabla            AD_LDAPPROCESSORLOG          0 filas exportadas
. exportando la tabla                        AD_MENU        666 filas exportadas
. exportando la tabla                    AD_MENU_TRL        666 filas exportadas
. exportando la tabla                     AD_MESSAGE       1373 filas exportadas
. exportando la tabla                 AD_MESSAGE_TRL       1373 filas exportadas
. exportando la tabla             AD_MIGRATIONSCRIPT          0 filas exportadas
. exportando la tabla              AD_MODELVALIDATOR          1 filas exportadas
. exportando la tabla                AD_MODIFICATION          0 filas exportadas
. exportando la tabla                        AD_NOTE          9 filas exportadas
. exportando la tabla                         AD_ORG         10 filas exportadas
. exportando la tabla                     AD_ORGINFO         10 filas exportadas
. exportando la tabla                     AD_ORGTYPE          3 filas exportadas
. exportando la tabla                 AD_PACKAGE_EXP          0 filas exportadas
. exportando la tabla          AD_PACKAGE_EXP_COMMON          0 filas exportadas
. exportando la tabla          AD_PACKAGE_EXP_DETAIL          0 filas exportadas
. exportando la tabla                 AD_PACKAGE_IMP          0 filas exportadas
. exportando la tabla          AD_PACKAGE_IMP_BACKUP          0 filas exportadas
. exportando la tabla          AD_PACKAGE_IMP_DETAIL          0 filas exportadas
. exportando la tabla            AD_PACKAGE_IMP_INST          0 filas exportadas
. exportando la tabla            AD_PACKAGE_IMP_PROC          0 filas exportadas
. exportando la tabla                   AD_PINSTANCE          0 filas exportadas
. exportando la tabla               AD_PINSTANCE_LOG          0 filas exportadas
. exportando la tabla              AD_PINSTANCE_PARA          0 filas exportadas
. exportando la tabla                  AD_PREFERENCE         30 filas exportadas
. exportando la tabla                  AD_PRINTCOLOR         20 filas exportadas
. exportando la tabla                   AD_PRINTFONT         66 filas exportadas
. exportando la tabla                   AD_PRINTFORM          2 filas exportadas
. exportando la tabla                 AD_PRINTFORMAT         80 filas exportadas
. exportando la tabla             AD_PRINTFORMATITEM       2386 filas exportadas
. exportando la tabla         AD_PRINTFORMATITEM_TRL       2386 filas exportadas
. exportando la tabla                  AD_PRINTGRAPH          0 filas exportadas
. exportando la tabla                  AD_PRINTLABEL          0 filas exportadas
. exportando la tabla              AD_PRINTLABELLINE          0 filas exportadas
. exportando la tabla          AD_PRINTLABELLINE_TRL          0 filas exportadas
. exportando la tabla                  AD_PRINTPAPER          4 filas exportadas
. exportando la tabla            AD_PRINTTABLEFORMAT          2 filas exportadas
. exportando la tabla              AD_PRIVATE_ACCESS          0 filas exportadas
. exportando la tabla                     AD_PROCESS        346 filas exportadas
. exportando la tabla              AD_PROCESS_ACCESS        824 filas exportadas
. exportando la tabla                AD_PROCESS_PARA        900 filas exportadas
. exportando la tabla            AD_PROCESS_PARA_TRL        900 filas exportadas
. exportando la tabla                 AD_PROCESS_TRL        346 filas exportadas
. exportando la tabla               AD_RECORD_ACCESS          0 filas exportadas
. exportando la tabla                   AD_REFERENCE        421 filas exportadas
. exportando la tabla               AD_REFERENCE_TRL        421 filas exportadas
. exportando la tabla                    AD_REF_LIST       1117 filas exportadas
. exportando la tabla                AD_REF_LIST_TRL       1117 filas exportadas
. exportando la tabla                   AD_REF_TABLE        166 filas exportadas
. exportando la tabla                AD_REGISTRATION          0 filas exportadas
. exportando la tabla                AD_RELATIONTYPE          5 filas exportadas
. exportando la tabla                 AD_REPLICATION          1 filas exportadas
. exportando la tabla         AD_REPLICATIONDOCUMENT          1 filas exportadas
. exportando la tabla             AD_REPLICATION_LOG          0 filas exportadas
. exportando la tabla             AD_REPLICATION_RUN          0 filas exportadas
. exportando la tabla         AD_REPLICATIONSTRATEGY          2 filas exportadas
. exportando la tabla            AD_REPLICATIONTABLE        474 filas exportadas
. exportando la tabla                  AD_REPORTVIEW         94 filas exportadas
. exportando la tabla              AD_REPORTVIEW_COL          0 filas exportadas
. exportando la tabla                        AD_ROLE          5 filas exportadas
. exportando la tabla               AD_ROLE_INCLUDED          0 filas exportadas
. exportando la tabla              AD_ROLE_ORGACCESS         15 filas exportadas
. exportando la tabla                        AD_RULE          0 filas exportadas
. exportando la tabla                   AD_SCHEDULER          1 filas exportadas
. exportando la tabla                AD_SCHEDULERLOG          0 filas exportadas
. exportando la tabla              AD_SCHEDULER_PARA          2 filas exportadas
. exportando la tabla          AD_SCHEDULERRECIPIENT          0 filas exportadas
. exportando la tabla            AD_SEARCHDEFINITION          2 filas exportadas
. exportando la tabla                    AD_SEQUENCE       1147 filas exportadas
. exportando la tabla              AD_SEQUENCE_AUDIT          0 filas exportadas
. exportando la tabla                 AD_SEQUENCE_NO          0 filas exportadas
. exportando la tabla                     AD_SESSION          0 filas exportadas
. exportando la tabla                   AD_SYSCONFIG         39 filas exportadas
. exportando la tabla                      AD_SYSTEM          1 filas exportadas
. exportando la tabla                         AD_TAB        888 filas exportadas
. exportando la tabla                       AD_TABLE        815 filas exportadas
. exportando la tabla                AD_TABLE_ACCESS          1 filas exportadas
. exportando la tabla       AD_TABLE_SCRIPTVALIDATOR          0 filas exportadas
. exportando la tabla                   AD_TABLE_TRL        815 filas exportadas
. exportando la tabla                     AD_TAB_TRL        888 filas exportadas
. exportando la tabla                        AD_TASK          3 filas exportadas
. exportando la tabla                 AD_TASK_ACCESS          3 filas exportadas
. exportando la tabla                AD_TASKINSTANCE          0 filas exportadas
. exportando la tabla                    AD_TASK_TRL          3 filas exportadas
. exportando la tabla                        AD_TREE         23 filas exportadas
. exportando la tabla                     AD_TREEBAR         21 filas exportadas
. exportando la tabla                    AD_TREENODE        413 filas exportadas
. exportando la tabla                  AD_TREENODEBP         17 filas exportadas
. exportando la tabla                 AD_TREENODECMC          5 filas exportadas
. exportando la tabla                 AD_TREENODECMM          3 filas exportadas
. exportando la tabla                 AD_TREENODECMS          5 filas exportadas
. exportando la tabla                 AD_TREENODECMT          5 filas exportadas
. exportando la tabla                  AD_TREENODEMM        666 filas exportadas
. exportando la tabla                  AD_TREENODEPR         53 filas exportadas
. exportando la tabla                  AD_TREENODEU1          0 filas exportadas
. exportando la tabla                  AD_TREENODEU2          0 filas exportadas
. exportando la tabla                  AD_TREENODEU3          0 filas exportadas
. exportando la tabla                  AD_TREENODEU4          0 filas exportadas
. exportando la tabla                        AD_USER          7 filas exportadas
. exportando la tabla                AD_USERBPACCESS          0 filas exportadas
. exportando la tabla               AD_USERDEF_FIELD          0 filas exportadas
. exportando la tabla                 AD_USERDEF_TAB          0 filas exportadas
. exportando la tabla                 AD_USERDEF_WIN          0 filas exportadas
. exportando la tabla                    AD_USERMAIL          1 filas exportadas
. exportando la tabla              AD_USER_ORGACCESS          0 filas exportadas
. exportando la tabla                   AD_USERQUERY          0 filas exportadas
. exportando la tabla                  AD_USER_ROLES          9 filas exportadas
. exportando la tabla             AD_USER_SUBSTITUTE          0 filas exportadas
. exportando la tabla                    AD_VAL_RULE        212 filas exportadas
. exportando la tabla                 AD_WF_ACTIVITY          9 filas exportadas
. exportando la tabla           AD_WF_ACTIVITYRESULT          0 filas exportadas
. exportando la tabla                    AD_WF_BLOCK          0 filas exportadas
. exportando la tabla               AD_WF_EVENTAUDIT          9 filas exportadas
. exportando la tabla            AD_WF_NEXTCONDITION          1 filas exportadas
. exportando la tabla                     AD_WF_NODE        225 filas exportadas
. exportando la tabla                 AD_WF_NODENEXT        178 filas exportadas
. exportando la tabla                AD_WF_NODE_PARA          1 filas exportadas
. exportando la tabla                 AD_WF_NODE_TRL        225 filas exportadas
. exportando la tabla                  AD_WF_PROCESS          9 filas exportadas
. exportando la tabla              AD_WF_PROCESSDATA          0 filas exportadas
. exportando la tabla              AD_WF_RESPONSIBLE          2 filas exportadas
. exportando la tabla                      AD_WINDOW        348 filas exportadas
. exportando la tabla               AD_WINDOW_ACCESS        956 filas exportadas
. exportando la tabla                  AD_WINDOW_TRL        348 filas exportadas
. exportando la tabla                   AD_WORKBENCH          1 filas exportadas
. exportando la tabla               AD_WORKBENCH_TRL          1 filas exportadas
. exportando la tabla             AD_WORKBENCHWINDOW          2 filas exportadas
. exportando la tabla                    AD_WORKFLOW         49 filas exportadas
. exportando la tabla             AD_WORKFLOW_ACCESS        120 filas exportadas
. exportando la tabla           AD_WORKFLOWPROCESSOR          1 filas exportadas
. exportando la tabla        AD_WORKFLOWPROCESSORLOG          0 filas exportadas
. exportando la tabla                AD_WORKFLOW_TRL         49 filas exportadas
. exportando la tabla                 A_REGISTRATION          0 filas exportadas
. exportando la tabla        A_REGISTRATIONATTRIBUTE          0 filas exportadas
. exportando la tabla          A_REGISTRATIONPRODUCT          0 filas exportadas
. exportando la tabla            A_REGISTRATIONVALUE          0 filas exportadas
. exportando la tabla            ASP_CLIENTEXCEPTION          0 filas exportadas
. exportando la tabla                ASP_CLIENTLEVEL          0 filas exportadas
. exportando la tabla                      ASP_FIELD          0 filas exportadas
. exportando la tabla                       ASP_FORM          0 filas exportadas
. exportando la tabla                      ASP_LEVEL          0 filas exportadas
. exportando la tabla                     ASP_MODULE          0 filas exportadas
. exportando la tabla                    ASP_PROCESS          0 filas exportadas
. exportando la tabla               ASP_PROCESS_PARA          0 filas exportadas
. exportando la tabla                        ASP_TAB          0 filas exportadas
. exportando la tabla                       ASP_TASK          0 filas exportadas
. exportando la tabla                     ASP_WINDOW          0 filas exportadas
. exportando la tabla                   ASP_WORKFLOW          0 filas exportadas
. exportando la tabla                          B_BID          0 filas exportadas
. exportando la tabla                   B_BIDCOMMENT          0 filas exportadas
. exportando la tabla                        B_BUYER          0 filas exportadas
. exportando la tabla                   B_BUYERFUNDS          0 filas exportadas
. exportando la tabla                        B_OFFER          0 filas exportadas
. exportando la tabla                       B_SELLER          0 filas exportadas
. exportando la tabla                  B_SELLERFUNDS          0 filas exportadas
. exportando la tabla                        B_TOPIC          0 filas exportadas
. exportando la tabla                B_TOPICCATEGORY          0 filas exportadas
. exportando la tabla                    B_TOPICTYPE          0 filas exportadas
. exportando la tabla                C_ACCTPROCESSOR          1 filas exportadas
. exportando la tabla             C_ACCTPROCESSORLOG          0 filas exportadas
. exportando la tabla                   C_ACCTSCHEMA          1 filas exportadas
. exportando la tabla           C_ACCTSCHEMA_DEFAULT          1 filas exportadas
. exportando la tabla           C_ACCTSCHEMA_ELEMENT          6 filas exportadas
. exportando la tabla                C_ACCTSCHEMA_GL          1 filas exportadas
. exportando la tabla                     C_ACTIVITY          0 filas exportadas
. exportando la tabla                C_ALLOCATIONHDR          3 filas exportadas
. exportando la tabla               C_ALLOCATIONLINE          3 filas exportadas
. exportando la tabla                         C_BANK          1 filas exportadas
. exportando la tabla                  C_BANKACCOUNT          2 filas exportadas
. exportando la tabla             C_BANKACCOUNT_ACCT          2 filas exportadas
. exportando la tabla               C_BANKACCOUNTDOC          1 filas exportadas
. exportando la tabla                C_BANKSTATEMENT          2 filas exportadas
. exportando la tabla            C_BANKSTATEMENTLINE          2 filas exportadas
. exportando la tabla          C_BANKSTATEMENTLOADER          0 filas exportadas
. exportando la tabla         C_BANKSTATEMENTMATCHER          0 filas exportadas
. exportando la tabla                     C_BPARTNER         17 filas exportadas
. exportando la tabla            C_BPARTNER_LOCATION         13 filas exportadas
. exportando la tabla             C_BPARTNER_PRODUCT          1 filas exportadas
. exportando la tabla               C_BP_BANKACCOUNT          1 filas exportadas
. exportando la tabla             C_BP_CUSTOMER_ACCT         17 filas exportadas
. exportando la tabla                       C_BP_EDI          0 filas exportadas
. exportando la tabla             C_BP_EMPLOYEE_ACCT         17 filas exportadas
. exportando la tabla                     C_BP_GROUP          3 filas exportadas
. exportando la tabla                C_BP_GROUP_ACCT          3 filas exportadas
. exportando la tabla                  C_BP_RELATION          1 filas exportadas
. exportando la tabla               C_BP_VENDOR_ACCT         17 filas exportadas
. exportando la tabla               C_BP_WITHHOLDING          0 filas exportadas
. exportando la tabla                     C_CALENDAR          1 filas exportadas
. exportando la tabla                     C_CAMPAIGN          2 filas exportadas
. exportando la tabla                         C_CASH          3 filas exportadas
. exportando la tabla                     C_CASHBOOK          2 filas exportadas
. exportando la tabla                C_CASHBOOK_ACCT          2 filas exportadas
. exportando la tabla                     C_CASHLINE          5 filas exportadas
. exportando la tabla                      C_CHANNEL          2 filas exportadas
. exportando la tabla                       C_CHARGE          2 filas exportadas
. exportando la tabla                  C_CHARGE_ACCT          2 filas exportadas
. exportando la tabla                   C_CHARGE_TRL          2 filas exportadas
. exportando la tabla                   C_CHARGETYPE          0 filas exportadas
. exportando la tabla           C_CHARGETYPE_DOCTYPE          0 filas exportadas
. exportando la tabla                         C_CITY          1 filas exportadas
. exportando la tabla                   C_COMMISSION          1 filas exportadas
. exportando la tabla                C_COMMISSIONAMT          0 filas exportadas
. exportando la tabla             C_COMMISSIONDETAIL          0 filas exportadas
. exportando la tabla               C_COMMISSIONLINE          1 filas exportadas
. exportando la tabla                C_COMMISSIONRUN          0 filas exportadas
. exportando la tabla              C_CONVERSION_RATE          7 filas exportadas
. exportando la tabla               C_CONVERSIONTYPE          4 filas exportadas
. exportando la tabla                      C_COUNTRY        247 filas exportadas
. exportando la tabla                  C_COUNTRY_TRL        247 filas exportadas
. exportando la tabla                     C_CURRENCY        174 filas exportadas
. exportando la tabla                C_CURRENCY_ACCT          0 filas exportadas
. exportando la tabla                 C_CURRENCY_TRL        174 filas exportadas
. exportando la tabla                        C_CYCLE          2 filas exportadas
. exportando la tabla                   C_CYCLEPHASE         10 filas exportadas
. exportando la tabla                    C_CYCLESTEP          4 filas exportadas
. exportando la tabla                      C_DOCTYPE         45 filas exportadas
. exportando la tabla               C_DOCTYPECOUNTER          1 filas exportadas
. exportando la tabla                  C_DOCTYPE_TRL         45 filas exportadas
. exportando la tabla                      C_DUNNING          2 filas exportadas
. exportando la tabla                 C_DUNNINGLEVEL          2 filas exportadas
. exportando la tabla             C_DUNNINGLEVEL_TRL          2 filas exportadas
. exportando la tabla                   C_DUNNINGRUN          0 filas exportadas
. exportando la tabla              C_DUNNINGRUNENTRY          0 filas exportadas
. exportando la tabla               C_DUNNINGRUNLINE          0 filas exportadas
. exportando la tabla                      C_ELEMENT          1 filas exportadas
. exportando la tabla                 C_ELEMENTVALUE        378 filas exportadas
. exportando la tabla             C_ELEMENTVALUE_TRL        378 filas exportadas
. exportando la tabla                     C_GREETING          1 filas exportadas
. exportando la tabla                 C_GREETING_TRL          1 filas exportadas
. exportando la tabla                C_INTERORG_ACCT          0 filas exportadas
. exportando la tabla                      C_INVOICE          8 filas exportadas
. exportando la tabla                 C_INVOICEBATCH          0 filas exportadas
. exportando la tabla             C_INVOICEBATCHLINE          0 filas exportadas
. exportando la tabla                  C_INVOICELINE         24 filas exportadas
. exportando la tabla           C_INVOICEPAYSCHEDULE          2 filas exportadas
. exportando la tabla              C_INVOICESCHEDULE          1 filas exportadas
. exportando la tabla                   C_INVOICETAX          8 filas exportadas
. exportando la tabla                          C_JOB          4 filas exportadas
. exportando la tabla                C_JOBASSIGNMENT          0 filas exportadas
. exportando la tabla                  C_JOBCATEGORY          4 filas exportadas
. exportando la tabla              C_JOBREMUNERATION          0 filas exportadas
. exportando la tabla                   C_LANDEDCOST          0 filas exportadas
. exportando la tabla         C_LANDEDCOSTALLOCATION          0 filas exportadas
. exportando la tabla                     C_LOCATION         29 filas exportadas
. exportando la tabla             CM_ACCESSCONTAINER          0 filas exportadas
. exportando la tabla           CM_ACCESSLISTBPGROUP          0 filas exportadas
. exportando la tabla              CM_ACCESSLISTROLE          0 filas exportadas
. exportando la tabla                 CM_ACCESSMEDIA          0 filas exportadas
. exportando la tabla           CM_ACCESSNEWSCHANNEL          0 filas exportadas
. exportando la tabla               CM_ACCESSPROFILE          0 filas exportadas
. exportando la tabla                 CM_ACCESSSTAGE          0 filas exportadas
. exportando la tabla                          CM_AD          0 filas exportadas
. exportando la tabla                      CM_AD_CAT          0 filas exportadas
. exportando la tabla             CM_BROADCASTSERVER          0 filas exportadas
. exportando la tabla                        CM_CHAT          0 filas exportadas
. exportando la tabla                   CM_CHATENTRY          0 filas exportadas
. exportando la tabla                    CM_CHATTYPE          0 filas exportadas
. exportando la tabla              CM_CHATTYPEUPDATE          0 filas exportadas
. exportando la tabla                  CM_CHATUPDATE          0 filas exportadas
. exportando la tabla                   CM_CONTAINER          5 filas exportadas
. exportando la tabla           CM_CONTAINER_ELEMENT          6 filas exportadas
. exportando la tabla       CM_CONTAINER_ELEMENT_TRL          6 filas exportadas
. exportando la tabla               CM_CONTAINER_TRL          5 filas exportadas
. exportando la tabla             CM_CONTAINERTTABLE          0 filas exportadas
. exportando la tabla               CM_CONTAINER_URL          0 filas exportadas
. exportando la tabla                      CM_CSTAGE          5 filas exportadas
. exportando la tabla              CM_CSTAGE_ELEMENT          7 filas exportadas
. exportando la tabla          CM_CSTAGE_ELEMENT_TRL          7 filas exportadas
. exportando la tabla                  CM_CSTAGE_TRL          5 filas exportadas
. exportando la tabla                CM_CSTAGETTABLE          0 filas exportadas
. exportando la tabla                       CM_MEDIA          3 filas exportadas
. exportando la tabla                 CM_MEDIADEPLOY          0 filas exportadas
. exportando la tabla                CM_MEDIA_SERVER          1 filas exportadas
. exportando la tabla                 CM_NEWSCHANNEL          0 filas exportadas
. exportando la tabla                    CM_NEWSITEM          0 filas exportadas
. exportando la tabla                    CM_TEMPLATE          4 filas exportadas
. exportando la tabla             CM_TEMPLATE_AD_CAT          0 filas exportadas
. exportando la tabla               CM_TEMPLATETABLE          0 filas exportadas
. exportando la tabla                CM_WEBACCESSLOG          0 filas exportadas
. exportando la tabla                  CM_WEBPROJECT          1 filas exportadas
. exportando la tabla           CM_WEBPROJECT_DOMAIN          1 filas exportadas
. exportando la tabla                   CM_WIKITOKEN          0 filas exportadas
. exportando la tabla               C_NONBUSINESSDAY          1 filas exportadas
. exportando la tabla                        C_ORDER          7 filas exportadas
. exportando la tabla                    C_ORDERLINE         25 filas exportadas
. exportando la tabla                  C_ORDERSOURCE          0 filas exportadas
. exportando la tabla                     C_ORDERTAX          7 filas exportadas
. exportando la tabla                C_ORGASSIGNMENT          0 filas exportadas
. exportando la tabla                      C_PAYMENT          2 filas exportadas
. exportando la tabla              C_PAYMENTALLOCATE          0 filas exportadas
. exportando la tabla                 C_PAYMENTBATCH          0 filas exportadas
. exportando la tabla             C_PAYMENTPROCESSOR          2 filas exportadas
. exportando la tabla                  C_PAYMENTTERM          5 filas exportadas
. exportando la tabla              C_PAYMENTTERM_TRL          5 filas exportadas
. exportando la tabla                  C_PAYSCHEDULE          2 filas exportadas
. exportando la tabla                 C_PAYSELECTION          1 filas exportadas
. exportando la tabla            C_PAYSELECTIONCHECK          1 filas exportadas
. exportando la tabla             C_PAYSELECTIONLINE          1 filas exportadas
. exportando la tabla                       C_PERIOD        120 filas exportadas
. exportando la tabla                C_PERIODCONTROL       2892 filas exportadas
. exportando la tabla                        C_PHASE         13 filas exportadas
. exportando la tabla                          C_POS          1 filas exportadas
. exportando la tabla                       C_POSKEY          3 filas exportadas
. exportando la tabla                 C_POSKEYLAYOUT          1 filas exportadas
. exportando la tabla                      C_PROJECT          2 filas exportadas
. exportando la tabla                 C_PROJECT_ACCT          2 filas exportadas
. exportando la tabla                 C_PROJECTISSUE          0 filas exportadas
. exportando la tabla               C_PROJECTISSUEMA          0 filas exportadas
. exportando la tabla                  C_PROJECTLINE          1 filas exportadas
. exportando la tabla                 C_PROJECTPHASE          0 filas exportadas
. exportando la tabla                  C_PROJECTTASK          0 filas exportadas
. exportando la tabla                  C_PROJECTTYPE          4 filas exportadas
. exportando la tabla          CREATE$JAVA$LOB$TABLE          8 filas exportadas
. exportando la tabla                    C_RECURRING          1 filas exportadas
. exportando la tabla                C_RECURRING_RUN          0 filas exportadas
. exportando la tabla                       C_REGION        271 filas exportadas
. exportando la tabla                 C_REMUNERATION          0 filas exportadas
. exportando la tabla           C_REVENUERECOGNITION          2 filas exportadas
. exportando la tabla      C_REVENUERECOGNITION_PLAN          0 filas exportadas
. exportando la tabla       C_REVENUERECOGNITION_RUN          0 filas exportadas
. exportando la tabla                          C_RFQ          1 filas exportadas
. exportando la tabla                      C_RFQLINE          2 filas exportadas
. exportando la tabla                   C_RFQLINEQTY          2 filas exportadas
. exportando la tabla                  C_RFQRESPONSE          0 filas exportadas
. exportando la tabla              C_RFQRESPONSELINE          0 filas exportadas
. exportando la tabla           C_RFQRESPONSELINEQTY          0 filas exportadas
. exportando la tabla                    C_RFQ_TOPIC          1 filas exportadas
. exportando la tabla          C_RFQ_TOPICSUBSCRIBER          2 filas exportadas
. exportando la tabla      C_RFQ_TOPICSUBSCRIBERONLY          0 filas exportadas
. exportando la tabla                  C_SALESREGION          2 filas exportadas
. exportando la tabla                 C_SERVICELEVEL          0 filas exportadas
. exportando la tabla             C_SERVICELEVELLINE          0 filas exportadas
. exportando la tabla                      C_SUBACCT          0 filas exportadas
. exportando la tabla                 C_SUBSCRIPTION          0 filas exportadas
. exportando la tabla        C_SUBSCRIPTION_DELIVERY          0 filas exportadas
. exportando la tabla             C_SUBSCRIPTIONTYPE          0 filas exportadas
. exportando la tabla                         C_TASK          9 filas exportadas
. exportando la tabla                          C_TAX          6 filas exportadas
. exportando la tabla                     C_TAX_ACCT          6 filas exportadas
. exportando la tabla                      C_TAXBASE          0 filas exportadas
. exportando la tabla                  C_TAXCATEGORY          1 filas exportadas
. exportando la tabla              C_TAXCATEGORY_TRL          1 filas exportadas
. exportando la tabla               C_TAXDECLARATION          0 filas exportadas
. exportando la tabla           C_TAXDECLARATIONACCT          0 filas exportadas
. exportando la tabla           C_TAXDECLARATIONLINE          0 filas exportadas
. exportando la tabla                C_TAXDEFINITION          0 filas exportadas
. exportando la tabla                     C_TAXGROUP          0 filas exportadas
. exportando la tabla                    C_TAXPOSTAL          0 filas exportadas
. exportando la tabla                      C_TAX_TRL          6 filas exportadas
. exportando la tabla                      C_TAXTYPE          0 filas exportadas
. exportando la tabla                          C_UOM         14 filas exportadas
. exportando la tabla               C_UOM_CONVERSION          1 filas exportadas
. exportando la tabla                      C_UOM_TRL         14 filas exportadas
. exportando la tabla             C_USERREMUNERATION          0 filas exportadas
. exportando la tabla             C_VALIDCOMBINATION         90 filas exportadas
. exportando la tabla                  C_WITHHOLDING          0 filas exportadas
. exportando la tabla             C_WITHHOLDING_ACCT          0 filas exportadas
. exportando la tabla                         C_YEAR         10 filas exportadas
. exportando la tabla         DD_NETWORKDISTRIBUTION          2 filas exportadas
. exportando la tabla     DD_NETWORKDISTRIBUTIONLINE         10 filas exportadas
. exportando la tabla                       DD_ORDER          0 filas exportadas
. exportando la tabla                   DD_ORDERLINE          0 filas exportadas
. exportando la tabla                     EXP_FORMAT         10 filas exportadas
. exportando la tabla                 EXP_FORMATLINE         43 filas exportadas
. exportando la tabla                  EXP_PROCESSOR          2 filas exportadas
. exportando la tabla         EXP_PROCESSORPARAMETER          7 filas exportadas
. exportando la tabla             EXP_PROCESSOR_TYPE          2 filas exportadas
. exportando la tabla                      FACT_ACCT          0 filas exportadas
. exportando la tabla              FACT_ACCT_SUMMARY          0 filas exportadas
. exportando la tabla                      GL_BUDGET          1 filas exportadas
. exportando la tabla               GL_BUDGETCONTROL          0 filas exportadas
. exportando la tabla                    GL_CATEGORY         10 filas exportadas
. exportando la tabla                GL_DISTRIBUTION          1 filas exportadas
. exportando la tabla            GL_DISTRIBUTIONLINE          2 filas exportadas
. exportando la tabla                        GL_FUND          0 filas exportadas
. exportando la tabla             GL_FUNDRESTRICTION          0 filas exportadas
. exportando la tabla                     GL_JOURNAL          1 filas exportadas
. exportando la tabla                GL_JOURNALBATCH          1 filas exportadas
. exportando la tabla                 GL_JOURNALLINE          2 filas exportadas
. exportando la tabla                   HR_ATTRIBUTE          0 filas exportadas
. exportando la tabla                     HR_CONCEPT          0 filas exportadas
. exportando la tabla                HR_CONCEPT_ACCT          0 filas exportadas
. exportando la tabla            HR_CONCEPT_CATEGORY          0 filas exportadas
. exportando la tabla                    HR_CONTRACT          0 filas exportadas
. exportando la tabla                  HR_DEPARTMENT          0 filas exportadas
. exportando la tabla                    HR_EMPLOYEE          0 filas exportadas
. exportando la tabla                         HR_JOB          0 filas exportadas
. exportando la tabla                        HR_LIST          0 filas exportadas
. exportando la tabla                    HR_LISTLINE          0 filas exportadas
. exportando la tabla                    HR_LISTTYPE          0 filas exportadas
. exportando la tabla                 HR_LISTVERSION          0 filas exportadas
. exportando la tabla                    HR_MOVEMENT          0 filas exportadas
. exportando la tabla                     HR_PAYROLL          0 filas exportadas
. exportando la tabla              HR_PAYROLLCONCEPT          0 filas exportadas
. exportando la tabla                      HR_PERIOD          0 filas exportadas
. exportando la tabla                     HR_PROCESS          0 filas exportadas
. exportando la tabla                        HR_YEAR          0 filas exportadas
. exportando la tabla                        I_ASSET          0 filas exportadas
. exportando la tabla                I_BANKSTATEMENT          0 filas exportadas
. exportando la tabla                     I_BPARTNER          0 filas exportadas
. exportando la tabla              I_CONVERSION_RATE          2 filas exportadas
. exportando la tabla                 I_ELEMENTVALUE          0 filas exportadas
. exportando la tabla                    I_FAJOURNAL          0 filas exportadas
. exportando la tabla                    I_GLJOURNAL          0 filas exportadas
. exportando la tabla             I_INOUTLINECONFIRM          0 filas exportadas
. exportando la tabla                    I_INVENTORY          0 filas exportadas
. exportando la tabla                      I_INVOICE          0 filas exportadas
. exportando la tabla                  IMP_PROCESSOR          2 filas exportadas
. exportando la tabla               IMP_PROCESSORLOG          0 filas exportadas
. exportando la tabla         IMP_PROCESSORPARAMETER          6 filas exportadas
. exportando la tabla             IMP_PROCESSOR_TYPE          2 filas exportadas
. exportando la tabla                        I_ORDER          0 filas exportadas
. exportando la tabla                      I_PAYMENT          0 filas exportadas
. exportando la tabla                    I_PRICELIST          0 filas exportadas
. exportando la tabla                      I_PRODUCT          0 filas exportadas
. exportando la tabla              I_PRODUCTPLANNING          0 filas exportadas
. exportando la tabla                   I_REPORTLINE          0 filas exportadas
. exportando la tabla           JAVA$CLASS$MD5$TABLE          9 filas exportadas
. exportando la tabla                     K_CATEGORY          1 filas exportadas
. exportando la tabla                K_CATEGORYVALUE          0 filas exportadas
. exportando la tabla                      K_COMMENT          0 filas exportadas
. exportando la tabla                        K_ENTRY          0 filas exportadas
. exportando la tabla                K_ENTRYCATEGORY          0 filas exportadas
. exportando la tabla                 K_ENTRYRELATED          0 filas exportadas
. exportando la tabla                        K_INDEX          0 filas exportadas
. exportando la tabla                     K_INDEXLOG          0 filas exportadas
. exportando la tabla                    K_INDEXSTOP          0 filas exportadas
. exportando la tabla                       K_SOURCE          1 filas exportadas
. exportando la tabla                      K_SYNONYM          0 filas exportadas
. exportando la tabla                        K_TOPIC          1 filas exportadas
. exportando la tabla                         K_TYPE          2 filas exportadas
. exportando la tabla                    M_ATTRIBUTE          4 filas exportadas
. exportando la tabla            M_ATTRIBUTEINSTANCE          5 filas exportadas
. exportando la tabla              M_ATTRIBUTESEARCH          1 filas exportadas
. exportando la tabla                 M_ATTRIBUTESET          4 filas exportadas
. exportando la tabla          M_ATTRIBUTESETEXCLUDE          0 filas exportadas
. exportando la tabla         M_ATTRIBUTESETINSTANCE          4 filas exportadas
. exportando la tabla                 M_ATTRIBUTEUSE          5 filas exportadas
. exportando la tabla               M_ATTRIBUTEVALUE          9 filas exportadas
. exportando la tabla                          M_BOM          1 filas exportadas
. exportando la tabla               M_BOMALTERNATIVE          1 filas exportadas
. exportando la tabla                   M_BOMPRODUCT          0 filas exportadas
. exportando la tabla                 M_CHANGENOTICE          1 filas exportadas
. exportando la tabla                M_CHANGEREQUEST          0 filas exportadas
. exportando la tabla                         M_COST        265 filas exportadas
. exportando la tabla                   M_COSTDETAIL          0 filas exportadas
. exportando la tabla                  M_COSTELEMENT          9 filas exportadas
. exportando la tabla                    M_COSTQUEUE          0 filas exportadas
. exportando la tabla                     M_COSTTYPE          1 filas exportadas
. exportando la tabla                       M_DEMAND          0 filas exportadas
. exportando la tabla                 M_DEMANDDETAIL          0 filas exportadas
. exportando la tabla                   M_DEMANDLINE          0 filas exportadas
. exportando la tabla               M_DISCOUNTSCHEMA          3 filas exportadas
. exportando la tabla          M_DISCOUNTSCHEMABREAK          1 filas exportadas
. exportando la tabla           M_DISCOUNTSCHEMALINE         11 filas exportadas
. exportando la tabla             M_DISTRIBUTIONLIST          1 filas exportadas
. exportando la tabla         M_DISTRIBUTIONLISTLINE          3 filas exportadas
. exportando la tabla              M_DISTRIBUTIONRUN          1 filas exportadas
. exportando la tabla          M_DISTRIBUTIONRUNLINE          1 filas exportadas
. exportando la tabla                          M_EDI          0 filas exportadas
. exportando la tabla                     M_EDI_INFO          0 filas exportadas
. exportando la tabla                     M_FORECAST          4 filas exportadas
. exportando la tabla                 M_FORECASTLINE         50 filas exportadas
. exportando la tabla                      M_FREIGHT          1 filas exportadas
. exportando la tabla              M_FREIGHTCATEGORY          2 filas exportadas
. exportando la tabla                        M_INOUT          9 filas exportadas
. exportando la tabla                 M_INOUTCONFIRM          1 filas exportadas
. exportando la tabla                    M_INOUTLINE         27 filas exportadas
. exportando la tabla             M_INOUTLINECONFIRM          1 filas exportadas
. exportando la tabla                  M_INOUTLINEMA          0 filas exportadas
. exportando la tabla                    M_INVENTORY          1 filas exportadas
. exportando la tabla                M_INVENTORYLINE          1 filas exportadas
. exportando la tabla              M_INVENTORYLINEMA          0 filas exportadas
. exportando la tabla                      M_LOCATOR         11 filas exportadas
. exportando la tabla                          M_LOT          0 filas exportadas
. exportando la tabla                       M_LOTCTL          1 filas exportadas
. exportando la tabla                M_LOTCTLEXCLUDE          0 filas exportadas
. exportando la tabla                     M_MATCHINV         18 filas exportadas
. exportando la tabla                      M_MATCHPO         35 filas exportadas
. exportando la tabla                     M_MOVEMENT          1 filas exportadas
. exportando la tabla              M_MOVEMENTCONFIRM          0 filas exportadas
. exportando la tabla                 M_MOVEMENTLINE          1 filas exportadas
. exportando la tabla          M_MOVEMENTLINECONFIRM          0 filas exportadas
. exportando la tabla               M_MOVEMENTLINEMA          0 filas exportadas
. exportando la tabla            M_OPERATIONRESOURCE          0 filas exportadas
. exportando la tabla                      M_PACKAGE          1 filas exportadas
. exportando la tabla                  M_PACKAGELINE          1 filas exportadas
. exportando la tabla                 M_PERPETUALINV          0 filas exportadas
. exportando la tabla                    M_PRICELIST          3 filas exportadas
. exportando la tabla            M_PRICELIST_VERSION          5 filas exportadas
. exportando la tabla                      M_PRODUCT         53 filas exportadas
. exportando la tabla                 M_PRODUCT_ACCT         53 filas exportadas
. exportando la tabla                  M_PRODUCT_BOM          3 filas exportadas
. exportando la tabla             M_PRODUCT_CATEGORY         12 filas exportadas
. exportando la tabla        M_PRODUCT_CATEGORY_ACCT         12 filas exportadas
. exportando la tabla              M_PRODUCT_COSTING         27 filas exportadas
. exportando la tabla              M_PRODUCTDOWNLOAD          1 filas exportadas
. exportando la tabla                   M_PRODUCTION          0 filas exportadas
. exportando la tabla               M_PRODUCTIONLINE          0 filas exportadas
. exportando la tabla             M_PRODUCTIONLINEMA          0 filas exportadas
. exportando la tabla               M_PRODUCTIONPLAN          0 filas exportadas
. exportando la tabla             M_PRODUCTOPERATION          0 filas exportadas
. exportando la tabla                   M_PRODUCT_PO         29 filas exportadas
. exportando la tabla                 M_PRODUCTPRICE         86 filas exportadas
. exportando la tabla      M_PRODUCTPRICEVENDORBREAK          0 filas exportadas
. exportando la tabla                  M_PRODUCT_TRL         53 filas exportadas
. exportando la tabla                    M_PROMOTION          0 filas exportadas
. exportando la tabla        M_PROMOTIONDISTRIBUTION          0 filas exportadas
. exportando la tabla               M_PROMOTIONGROUP          0 filas exportadas
. exportando la tabla           M_PROMOTIONGROUPLINE          0 filas exportadas
. exportando la tabla                M_PROMOTIONLINE          0 filas exportadas
. exportando la tabla        M_PROMOTIONPRECONDITION          0 filas exportadas
. exportando la tabla              M_PROMOTIONREWARD          0 filas exportadas
. exportando la tabla               M_RELATEDPRODUCT          1 filas exportadas
. exportando la tabla                    M_REPLENISH         19 filas exportadas
. exportando la tabla                  M_REQUISITION          1 filas exportadas
. exportando la tabla              M_REQUISITIONLINE          1 filas exportadas
. exportando la tabla                          M_RMA          1 filas exportadas
. exportando la tabla                      M_RMALINE          1 filas exportadas
. exportando la tabla                      M_RMATYPE          1 filas exportadas
. exportando la tabla                     M_SERNOCTL          1 filas exportadas
. exportando la tabla              M_SERNOCTLEXCLUDE          0 filas exportadas
. exportando la tabla                      M_SHIPPER          3 filas exportadas
. exportando la tabla                      M_STORAGE         20 filas exportadas
. exportando la tabla                   M_SUBSTITUTE          0 filas exportadas
. exportando la tabla                  M_TRANSACTION         28 filas exportadas
. exportando la tabla        M_TRANSACTIONALLOCATION          0 filas exportadas
. exportando la tabla                    M_WAREHOUSE         11 filas exportadas
. exportando la tabla               M_WAREHOUSE_ACCT         11 filas exportadas
. exportando la tabla                 PA_ACHIEVEMENT          0 filas exportadas
. exportando la tabla                   PA_BENCHMARK          0 filas exportadas
. exportando la tabla               PA_BENCHMARKDATA          0 filas exportadas
. exportando la tabla                 PA_COLORSCHEMA          2 filas exportadas
. exportando la tabla            PA_DASHBOARDCONTENT          5 filas exportadas
. exportando la tabla                        PA_GOAL          4 filas exportadas
. exportando la tabla             PA_GOALRESTRICTION          0 filas exportadas
. exportando la tabla                   PA_HIERARCHY          0 filas exportadas
. exportando la tabla                     PA_MEASURE          4 filas exportadas
. exportando la tabla                 PA_MEASURECALC          6 filas exportadas
. exportando la tabla                       PA_RATIO          1 filas exportadas
. exportando la tabla                PA_RATIOELEMENT          3 filas exportadas
. exportando la tabla                      PA_REPORT          3 filas exportadas
. exportando la tabla                PA_REPORTCOLUMN         17 filas exportadas
. exportando la tabla             PA_REPORTCOLUMNSET          3 filas exportadas
. exportando la tabla                  PA_REPORTCUBE          0 filas exportadas
. exportando la tabla                  PA_REPORTLINE        113 filas exportadas
. exportando la tabla               PA_REPORTLINESET          3 filas exportadas
. exportando la tabla                PA_REPORTSOURCE         93 filas exportadas
. exportando la tabla                PA_SLA_CRITERIA          2 filas exportadas
. exportando la tabla                    PA_SLA_GOAL          1 filas exportadas
. exportando la tabla                 PA_SLA_MEASURE          1 filas exportadas
. exportando la tabla              PP_COST_COLLECTOR          0 filas exportadas
. exportando la tabla            PP_COST_COLLECTORMA          0 filas exportadas
. exportando la tabla                         PP_MRP         56 filas exportadas
. exportando la tabla                       PP_ORDER          2 filas exportadas
. exportando la tabla                   PP_ORDER_BOM          2 filas exportadas
. exportando la tabla               PP_ORDER_BOMLINE          4 filas exportadas
. exportando la tabla           PP_ORDER_BOMLINE_TRL          4 filas exportadas
. exportando la tabla               PP_ORDER_BOM_TRL          2 filas exportadas
. exportando la tabla                  PP_ORDER_COST          0 filas exportadas
. exportando la tabla                  PP_ORDER_NODE          2 filas exportadas
. exportando la tabla            PP_ORDER_NODE_ASSET          0 filas exportadas
. exportando la tabla              PP_ORDER_NODENEXT          0 filas exportadas
. exportando la tabla          PP_ORDER_NODE_PRODUCT          0 filas exportadas
. exportando la tabla              PP_ORDER_NODE_TRL          2 filas exportadas
. exportando la tabla              PP_ORDER_WORKFLOW          2 filas exportadas
. exportando la tabla          PP_ORDER_WORKFLOW_TRL          2 filas exportadas
. exportando la tabla                 PP_PRODUCT_BOM          7 filas exportadas
. exportando la tabla             PP_PRODUCT_BOMLINE         21 filas exportadas
. exportando la tabla         PP_PRODUCT_BOMLINE_TRL         21 filas exportadas
. exportando la tabla             PP_PRODUCT_BOM_TRL          7 filas exportadas
. exportando la tabla            PP_PRODUCT_PLANNING        219 filas exportadas
. exportando la tabla               PP_WF_NODE_ASSET          0 filas exportadas
. exportando la tabla             PP_WF_NODE_PRODUCT          0 filas exportadas
. exportando la tabla               QM_SPECIFICATION          0 filas exportadas
. exportando la tabla           QM_SPECIFICATIONLINE          0 filas exportadas
. exportando la tabla                     R_CATEGORY          3 filas exportadas
. exportando la tabla              R_CATEGORYUPDATES          1 filas exportadas
. exportando la tabla              R_CONTACTINTEREST          1 filas exportadas
. exportando la tabla                        R_GROUP          2 filas exportadas
. exportando la tabla                 R_GROUPUPDATES          1 filas exportadas
. exportando la tabla                 R_INTERESTAREA          2 filas exportadas
. exportando la tabla                   R_ISSUEKNOWN          0 filas exportadas
. exportando la tabla                 R_ISSUEPROJECT          0 filas exportadas
. exportando la tabla          R_ISSUERECOMMENDATION          0 filas exportadas
. exportando la tabla                  R_ISSUESOURCE          0 filas exportadas
. exportando la tabla                  R_ISSUESTATUS          0 filas exportadas
. exportando la tabla                  R_ISSUESYSTEM          0 filas exportadas
. exportando la tabla                    R_ISSUEUSER          0 filas exportadas
. exportando la tabla                     R_MAILTEXT          1 filas exportadas
. exportando la tabla                 R_MAILTEXT_TRL          1 filas exportadas
. exportando la tabla                      R_REQUEST          1 filas exportadas
. exportando la tabla                R_REQUESTACTION          2 filas exportadas
. exportando la tabla             R_REQUESTPROCESSOR          1 filas exportadas
. exportando la tabla          R_REQUESTPROCESSORLOG          0 filas exportadas
. exportando la tabla       R_REQUESTPROCESSOR_ROUTE          1 filas exportadas
. exportando la tabla                  R_REQUESTTYPE          3 filas exportadas
. exportando la tabla           R_REQUESTTYPEUPDATES          1 filas exportadas
. exportando la tabla                R_REQUESTUPDATE          1 filas exportadas
. exportando la tabla               R_REQUESTUPDATES          0 filas exportadas
. exportando la tabla                   R_RESOLUTION          3 filas exportadas
. exportando la tabla             R_STANDARDRESPONSE          1 filas exportadas
. exportando la tabla                       R_STATUS          4 filas exportadas
. exportando la tabla               R_STATUSCATEGORY          1 filas exportadas
. exportando la tabla                  S_EXPENSETYPE          1 filas exportadas
. exportando la tabla                     S_RESOURCE         11 filas exportadas
. exportando la tabla           S_RESOURCEASSIGNMENT          2 filas exportadas
. exportando la tabla                 S_RESOURCETYPE          3 filas exportadas
. exportando la tabla          S_RESOURCEUNAVAILABLE          2 filas exportadas
. exportando la tabla                  S_TIMEEXPENSE          1 filas exportadas
. exportando la tabla              S_TIMEEXPENSELINE          4 filas exportadas
. exportando la tabla                     S_TIMETYPE          0 filas exportadas
. exportando la tabla                     S_TRAINING          1 filas exportadas
. exportando la tabla               S_TRAINING_CLASS          0 filas exportadas
. exportando la tabla                        T_AGING          0 filas exportadas
. exportando la tabla                      T_BOMLINE          0 filas exportadas
. exportando la tabla        T_DISTRIBUTIONRUNDETAIL          0 filas exportadas
. exportando la tabla                           TEST          1 filas exportadas
. exportando la tabla               T_INVENTORYVALUE          0 filas exportadas
. exportando la tabla                    T_INVOICEGL          0 filas exportadas
. exportando la tabla                      T_MRP_CRP          0 filas exportadas
. exportando la tabla                    T_REPLENISH          0 filas exportadas
. exportando la tabla                       T_REPORT          0 filas exportadas
. exportando la tabla              T_REPORTSTATEMENT          0 filas exportadas
. exportando la tabla                    T_SELECTION          0 filas exportadas
. exportando la tabla                   T_SELECTION2          0 filas exportadas
. exportando la tabla                        T_SPOOL          0 filas exportadas
. exportando la tabla                  T_TRANSACTION          0 filas exportadas
. exportando la tabla                 T_TRIALBALANCE          0 filas exportadas
. exportando la tabla              U_BLACKLISTCHEQUE          0 filas exportadas
. exportando la tabla                  U_POSTERMINAL          1 filas exportadas
. exportando la tabla                     U_ROLEMENU         74 filas exportadas
. exportando la tabla                      U_WEBMENU        143 filas exportadas
. exportando la tabla               U_WEB_PROPERTIES        143 filas exportadas
. exportando la tabla                W_ADVERTISEMENT          1 filas exportadas
. exportando la tabla                       W_BASKET          0 filas exportadas
. exportando la tabla                   W_BASKETLINE          0 filas exportadas
. exportando la tabla                        W_CLICK          0 filas exportadas
. exportando la tabla                   W_CLICKCOUNT          1 filas exportadas
. exportando la tabla                      W_COUNTER          0 filas exportadas
. exportando la tabla                 W_COUNTERCOUNT          1 filas exportadas
. exportando la tabla                      W_MAILMSG          0 filas exportadas
. exportando la tabla                  W_MAILMSG_TRL          0 filas exportadas
. exportando la tabla                        W_STORE          1 filas exportadas
. exportando la tabla                    W_STORE_TRL          1 filas exportadas
. exportando sinónimos
. exportando vistas
. exportando procedimientos almacenados
. exportando operadores
. exportando restricciones de integridad referencial
. exportando disparadores
. exportando tipos de índice
. exportando índices bitmap, funcionales y extensibles
. exportando acciones de posttables
. exportando vistas materializadas
. exportando logs de instantáneas
. exportando colas de trabajo
. exportando grupos de refrescamiento y secundarios
. exportando dimensiones
. exportando acciones y objetos de procedimiento post-esquema
. exportando estadísticas
La exportación ha terminado correctamente y sin advertencias.
