#
# A fatal error has been detected by the Java Runtime Environment:
#
#  SIGSEGV (0xb) at pc=0xb49824dc, pid=5596, tid=2065693552
#
# JRE version: 6.0_24-b24
# Java VM: OpenJDK Server VM (20.0-b12 mixed mode linux-x86 )
# Derivative: IcedTea6 1.11.4
# Distribution: Ubuntu 10.04.1 LTS, package 6b24-1.11.4-1ubuntu0.10.04.1
# Problematic frame:
# J  javax.swing.AbstractButton.setAction(Ljavax/swing/Action;)V
#
# If you would like to submit a bug report, please include
# instructions how to reproduce the bug and visit:
#   https://bugs.launchpad.net/ubuntu/+source/openjdk-6/
#

---------------  T H R E A D  ---------------

Current thread (0x08e1b400):  JavaThread "Thread-10" [_thread_in_Java, id=5747, stack(0x7b1af000,0x7b200000)]

siginfo:si_signo=SIGSEGV: si_errno=0, si_code=128 (), si_addr=0x00000000

Registers:
EAX=0x00000000, EBX=0x00000006, ECX=0x7e59fb80, EDX=0x7e59fc08
ESP=0x7b1feb00, EBP=0x00000007, ESI=0x7b1feb54, EDI=0x7f03a120
EIP=0xb49824dc, EFLAGS=0x00010246, CR2=0xb77a5000

Top of Stack: (sp=0x7b1feb00)
0x7b1feb00:   7b1feb2c 7f144188 7f959340 7f039a40
0x7b1feb10:   a5241850 7f03a120 a52212e8 08e1b400
0x7b1feb20:   a5241850 7f06a918 a5221380 00000006
0x7b1feb30:   00000006 a5221390 00000004 00000007
0x7b1feb40:   7f9592a0 7f039538 7b1feb7c b473dee1
0x7b1feb50:   b473dee1 a52212e8 a5241850 7b1feb5c
0x7b1feb60:   7f0397c6 7b1feb88 7f144188 7f9594e0
0x7b1feb70:   7f0397f0 7b1feb54 7b1feb84 7b1febb0 

Instructions: (pc=0xb49824dc)
0xb49824bc:   6c 24 2c 8b cd 49 85 c9 0f 8f 70 08 00 00 bd 07
0xb49824cc:   00 00 00 eb 04 8b 6c 24 3c b8 00 00 00 00 85 c0
0xb49824dc:   0f 84 c7 16 00 00 89 6c 24 28 8b 58 04 81 fb 48
0xb49824ec:   ad ae 7d 0f 85 88 27 00 00 8b 78 08 8b 4c 24 20 

Register to memory mapping:

EAX=0x00000000 is an unknown value
EBX=0x00000006 is an unknown value
ECX=0x7e59fb80 is an oop
java.lang.String 
 - klass: 'java/lang/String'
EDX=0x7e59fc08 is an oop
java.lang.String 
 - klass: 'java/lang/String'
ESP=0x7b1feb00 is pointing into the stack for thread: 0x08e1b400
EBP=0x00000007 is an unknown value
ESI=0x7b1feb54 is pointing into the stack for thread: 0x08e1b400
EDI=0x7f03a120 is an oop
{instance class} 
 - klass: {other class}


Stack: [0x7b1af000,0x7b200000],  sp=0x7b1feb00,  free space=318k
Native frames: (J=compiled Java code, j=interpreted, Vv=VM code, C=native code)
J  javax.swing.AbstractButton.setAction(Ljavax/swing/Action;)V


---------------  P R O C E S S  ---------------

Java Threads: ( => current thread )
=>0x08e1b400 JavaThread "Thread-10" [_thread_in_Java, id=5747, stack(0x7b1af000,0x7b200000)]
  0x0940d400 JavaThread "Keep-Alive-Timer" daemon [_thread_blocked, id=5741, stack(0x7b41a000,0x7b46b000)]
  0x08d63c00 JavaThread "DestroyJavaVM" [_thread_blocked, id=5601, stack(0xb773b000,0xb778c000)]
  0x0903b400 JavaThread "InfoUpdater" [_thread_blocked, id=5632, stack(0x7b737000,0x7b788000)]
  0x7d5a7800 JavaThread "com.mchange.v2.async.ThreadPoolAsynchronousRunner$PoolThread-#2" daemon [_thread_blocked, id=5630, stack(0x7b4bc000,0x7b50d000)]
  0x7bab6000 JavaThread "com.mchange.v2.async.ThreadPoolAsynchronousRunner$PoolThread-#1" daemon [_thread_blocked, id=5629, stack(0x7b50d000,0x7b55e000)]
  0x7bab5400 JavaThread "com.mchange.v2.async.ThreadPoolAsynchronousRunner$PoolThread-#0" daemon [_thread_blocked, id=5628, stack(0x7b55e000,0x7b5af000)]
  0x7ba8f800 JavaThread "Timer-0" daemon [_thread_blocked, id=5627, stack(0x7b5af000,0x7b600000)]
  0x09397000 JavaThread "RMI RenewClean-[adempiereproducao.palmetal.com.br:1098]" daemon [_thread_blocked, id=5625, stack(0x7b327000,0x7b378000)]
  0x7ba3f400 JavaThread "Thread-1" daemon [_thread_blocked, id=5621, stack(0x7b86b000,0x7b8bc000)]
  0x7ba31c00 JavaThread "TimerQueue" daemon [_thread_blocked, id=5620, stack(0x7b8bc000,0x7b90d000)]
  0x08fc0800 JavaThread "AWT-EventQueue-0" [_thread_blocked, id=5618, stack(0x7b95e000,0x7b9af000)]
  0x7bc96c00 JavaThread "AWT-Shutdown" [_thread_blocked, id=5617, stack(0x7b9af000,0x7ba00000)]
  0x08fbac00 JavaThread "AWT-XAWT" daemon [_thread_in_native, id=5616, stack(0x7bb3b000,0x7bb8c000)]
  0x7bc16000 JavaThread "Java2D Disposer" daemon [_thread_blocked, id=5615, stack(0x7bd6a000,0x7bdbb000)]
  0x7d596000 JavaThread "Low Memory Detector" daemon [_thread_blocked, id=5613, stack(0x7d0a7000,0x7d0f8000)]
  0x7d594000 JavaThread "C2 CompilerThread1" daemon [_thread_in_native, id=5612, stack(0x7d0f8000,0x7d179000)]
  0x7d592000 JavaThread "C2 CompilerThread0" daemon [_thread_in_native, id=5611, stack(0x7d179000,0x7d1fa000)]
  0x7d590800 JavaThread "Signal Dispatcher" daemon [_thread_blocked, id=5610, stack(0x7d1fa000,0x7d24b000)]
  0x7d580400 JavaThread "Finalizer" daemon [_thread_blocked, id=5609, stack(0x7d24b000,0x7d29c000)]
  0x7d57f000 JavaThread "Reference Handler" daemon [_thread_blocked, id=5608, stack(0x7d29c000,0x7d2ed000)]

Other Threads:
  0x7d57b000 VMThread [stack: 0x7d2ed000,0x7d36e000] [id=5604]
  0x7d5a0000 WatcherThread [stack: 0x7d026000,0x7d0a7000] [id=5614]

VM state:not at safepoint (normal execution)

VM Mutex/Monitor currently owned by a thread: None

Heap
 PSYoungGen      total 16320K, used 5409K [0xa4d20000, 0xa61f0000, 0xb4670000)
  eden space 11968K, 44% used [0xa4d20000,0xa52486f0,0xa58d0000)
  from space 4352K, 2% used [0xa5db0000,0xa5dd0000,0xa61f0000)
  to   space 4672K, 0% used [0xa58d0000,0xa58d0000,0xa5d60000)
 PSOldGen        total 36352K, used 20097K [0x85a70000, 0x87df0000, 0xa4d20000)
  object space 36352K, 55% used [0x85a70000,0x86e10718,0x87df0000)
 PSPermGen       total 49792K, used 31655K [0x7da70000, 0x80b10000, 0x85a70000)
  object space 49792K, 63% used [0x7da70000,0x7f959f38,0x80b10000)

Code Cache  [0xb473b000, 0xb498b000, 0xb773b000)
 total_blobs=1137 nmethods=816 adapters=271 free_code_cache=47943616 largest_free_block=16768

Dynamic libraries:
00110000-00117000 r-xp 00000000 08:02 10752007   /lib/tls/i686/cmov/librt-2.11.1.so
00117000-00118000 r--p 00006000 08:02 10752007   /lib/tls/i686/cmov/librt-2.11.1.so
00118000-00119000 rw-p 00007000 08:02 10752007   /lib/tls/i686/cmov/librt-2.11.1.so
00119000-00121000 r-xp 00000000 08:02 10752021   /lib/tls/i686/cmov/libnss_nis-2.11.1.so
00121000-00122000 r--p 00007000 08:02 10752021   /lib/tls/i686/cmov/libnss_nis-2.11.1.so
00122000-00123000 rw-p 00008000 08:02 10752021   /lib/tls/i686/cmov/libnss_nis-2.11.1.so
00124000-00127000 r-xp 00000000 08:02 9973053    /usr/lib/jvm/java-6-openjdk/jre/lib/i386/jli/libjli.so
00127000-00128000 r--p 00003000 08:02 9973053    /usr/lib/jvm/java-6-openjdk/jre/lib/i386/jli/libjli.so
00128000-00129000 rw-p 00004000 08:02 9973053    /usr/lib/jvm/java-6-openjdk/jre/lib/i386/jli/libjli.so
00129000-00212000 r-xp 00000000 08:02 9437229    /usr/lib/libstdc++.so.6.0.13
00212000-00216000 r--p 000e9000 08:02 9437229    /usr/lib/libstdc++.so.6.0.13
00216000-00217000 rw-p 000ed000 08:02 9437229    /usr/lib/libstdc++.so.6.0.13
00217000-0021e000 rw-p 00000000 00:00 0 
0021e000-00242000 r-xp 00000000 08:02 10752003   /lib/tls/i686/cmov/libm-2.11.1.so
00242000-00243000 r--p 00023000 08:02 10752003   /lib/tls/i686/cmov/libm-2.11.1.so
00243000-00244000 rw-p 00024000 08:02 10752003   /lib/tls/i686/cmov/libm-2.11.1.so
00244000-00257000 r-xp 00000000 08:02 10748030   /lib/tls/i686/cmov/libnsl-2.11.1.so
00257000-00258000 r--p 00012000 08:02 10748030   /lib/tls/i686/cmov/libnsl-2.11.1.so
00258000-00259000 rw-p 00013000 08:02 10748030   /lib/tls/i686/cmov/libnsl-2.11.1.so
00259000-0025b000 rw-p 00000000 00:00 0 
0025b000-00265000 r-xp 00000000 08:02 10751988   /lib/tls/i686/cmov/libnss_files-2.11.1.so
00265000-00266000 r--p 00009000 08:02 10751988   /lib/tls/i686/cmov/libnss_files-2.11.1.so
00266000-00267000 rw-p 0000a000 08:02 10751988   /lib/tls/i686/cmov/libnss_files-2.11.1.so
00267000-0026e000 r-xp 00000000 08:02 9961860    /usr/lib/jvm/java-6-openjdk/jre/lib/i386/libzip.so
0026e000-0026f000 r--p 00006000 08:02 9961860    /usr/lib/jvm/java-6-openjdk/jre/lib/i386/libzip.so
0026f000-00270000 rw-p 00007000 08:02 9961860    /usr/lib/jvm/java-6-openjdk/jre/lib/i386/libzip.so
00270000-002fd000 r-xp 00000000 08:02 9961954    /usr/lib/jvm/java-6-openjdk/jre/lib/i386/libawt.so
002fd000-002fe000 r--p 0008c000 08:02 9961954    /usr/lib/jvm/java-6-openjdk/jre/lib/i386/libawt.so
002fe000-00305000 rw-p 0008d000 08:02 9961954    /usr/lib/jvm/java-6-openjdk/jre/lib/i386/libawt.so
00305000-00329000 rw-p 00000000 00:00 0 
00329000-0036e000 r-xp 00000000 08:02 9961952    /usr/lib/jvm/java-6-openjdk/jre/lib/i386/xawt/libmawt.so
0036e000-0036f000 r--p 00045000 08:02 9961952    /usr/lib/jvm/java-6-openjdk/jre/lib/i386/xawt/libmawt.so
0036f000-00371000 rw-p 00046000 08:02 9961952    /usr/lib/jvm/java-6-openjdk/jre/lib/i386/xawt/libmawt.so
00371000-00372000 rw-p 00000000 00:00 0 
00372000-00374000 r-xp 00000000 08:02 9440043    /usr/lib/libXau.so.6.0.0
00374000-00375000 r--p 00001000 08:02 9440043    /usr/lib/libXau.so.6.0.0
00375000-00376000 rw-p 00002000 08:02 9440043    /usr/lib/libXau.so.6.0.0
00376000-0037a000 r-xp 00000000 08:02 9440058    /usr/lib/libXfixes.so.3.1.0
0037a000-0037b000 r--p 00003000 08:02 9440058    /usr/lib/libXfixes.so.3.1.0
0037b000-0037c000 rw-p 00004000 08:02 9440058    /usr/lib/libXfixes.so.3.1.0
0037c000-00382000 r-xp 00000000 08:02 10752020   /lib/tls/i686/cmov/libnss_compat-2.11.1.so
00382000-00383000 r--p 00006000 08:02 10752020   /lib/tls/i686/cmov/libnss_compat-2.11.1.so
00383000-00384000 rw-p 00007000 08:02 10752020   /lib/tls/i686/cmov/libnss_compat-2.11.1.so
00384000-00392000 r-xp 00000000 08:02 9440056    /usr/lib/libXext.so.6.4.0
00392000-00393000 r--p 0000d000 08:02 9440056    /usr/lib/libXext.so.6.4.0
00393000-00394000 rw-p 0000e000 08:02 9440056    /usr/lib/libXext.so.6.4.0
00394000-0039b000 r-xp 00000000 08:02 9961953    /usr/lib/jvm/java-6-openjdk/jre/lib/i386/libnio.so
0039b000-0039c000 r--p 00006000 08:02 9961953    /usr/lib/jvm/java-6-openjdk/jre/lib/i386/libnio.so
0039c000-0039d000 rw-p 00007000 08:02 9961953    /usr/lib/jvm/java-6-openjdk/jre/lib/i386/libnio.so
0039d000-0039f000 r-xp 00000000 08:02 10748078   /lib/tls/i686/cmov/libdl-2.11.1.so
0039f000-003a0000 r--p 00001000 08:02 10748078   /lib/tls/i686/cmov/libdl-2.11.1.so
003a0000-003a1000 rw-p 00002000 08:02 10748078   /lib/tls/i686/cmov/libdl-2.11.1.so
003a1000-003ab000 r-xp 00000000 08:02 9438456    /usr/lib/libavahi-common.so.3.5.1
003ab000-003ac000 r--p 00009000 08:02 9438456    /usr/lib/libavahi-common.so.3.5.1
003ac000-003ad000 rw-p 0000a000 08:02 9438456    /usr/lib/libavahi-common.so.3.5.1
003af000-003b7000 r-xp 00000000 08:02 9440050    /usr/lib/libXcursor.so.1.0.2
003b7000-003b8000 r--p 00007000 08:02 9440050    /usr/lib/libXcursor.so.1.0.2
003b8000-003b9000 rw-p 00008000 08:02 9440050    /usr/lib/libXcursor.so.1.0.2
003b9000-003c7000 r-xp 00000000 08:02 9439006    /usr/lib/libavahi-client.so.3.2.5
003c7000-003c8000 ---p 0000e000 08:02 9439006    /usr/lib/libavahi-client.so.3.2.5
003c8000-003c9000 r--p 0000e000 08:02 9439006    /usr/lib/libavahi-client.so.3.2.5
003c9000-003ca000 rw-p 0000f000 08:02 9439006    /usr/lib/libavahi-client.so.3.2.5
003ca000-003cc000 r-xp 00000000 08:02 10747957   /lib/libcom_err.so.2.1
003cc000-003cd000 r--p 00001000 08:02 10747957   /lib/libcom_err.so.2.1
003cd000-003ce000 rw-p 00002000 08:02 10747957   /lib/libcom_err.so.2.1
003ce000-003d0000 r-xp 00000000 08:02 10748025   /lib/libnss_mdns4_minimal.so.2
003d0000-003d1000 r--p 00001000 08:02 10748025   /lib/libnss_mdns4_minimal.so.2
003d1000-003d2000 rw-p 00002000 08:02 10748025   /lib/libnss_mdns4_minimal.so.2
003d2000-003d4000 r-xp 00000000 08:02 10748024   /lib/libnss_mdns4.so.2
003d4000-003d5000 r--p 00001000 08:02 10748024   /lib/libnss_mdns4.so.2
003d5000-003d6000 rw-p 00002000 08:02 10748024   /lib/libnss_mdns4.so.2
003d7000-003db000 r-xp 00000000 08:02 9440054    /usr/lib/libXdmcp.so.6.0.0
003db000-003dc000 r--p 00003000 08:02 9440054    /usr/lib/libXdmcp.so.6.0.0
003dc000-003dd000 rw-p 00004000 08:02 9440054    /usr/lib/libXdmcp.so.6.0.0
003dd000-0044e000 r-xp 00000000 08:02 9437833    /usr/lib/libfreetype.so.6.3.22
0044e000-00452000 r--p 00070000 08:02 9437833    /usr/lib/libfreetype.so.6.3.22
00452000-00453000 rw-p 00074000 08:02 9437833    /usr/lib/libfreetype.so.6.3.22
00453000-00463000 r-xp 00000000 08:02 10751993   /lib/tls/i686/cmov/libresolv-2.11.1.so
00463000-00464000 r--p 00010000 08:02 10751993   /lib/tls/i686/cmov/libresolv-2.11.1.so
00464000-00465000 rw-p 00011000 08:02 10751993   /lib/tls/i686/cmov/libresolv-2.11.1.so
00465000-00467000 rw-p 00000000 00:00 0 
00467000-0046b000 r-xp 00000000 08:02 10752980   /lib/tls/i686/cmov/libnss_dns-2.11.1.so
0046b000-0046c000 r--p 00004000 08:02 10752980   /lib/tls/i686/cmov/libnss_dns-2.11.1.so
0046c000-0046d000 rw-p 00005000 08:02 10752980   /lib/tls/i686/cmov/libnss_dns-2.11.1.so
00472000-00473000 r-xp 00000000 00:00 0          [vdso]
00473000-004b5000 r-xp 00000000 08:02 9439578    /usr/lib/libcups.so.2
004b5000-004b6000 ---p 00042000 08:02 9439578    /usr/lib/libcups.so.2
004b6000-004b9000 r--p 00042000 08:02 9439578    /usr/lib/libcups.so.2
004b9000-004ba000 rw-p 00045000 08:02 9439578    /usr/lib/libcups.so.2
004ba000-004e7000 r-xp 00000000 08:02 9439105    /usr/lib/libgssapi_krb5.so.2.2
004e7000-004e8000 r--p 0002d000 08:02 9439105    /usr/lib/libgssapi_krb5.so.2.2
004e8000-004e9000 rw-p 0002e000 08:02 9439105    /usr/lib/libgssapi_krb5.so.2.2
004f8000-0050c000 r-xp 00000000 08:02 9962091    /usr/lib/jvm/java-6-openjdk/jre/lib/i386/libnet.so
0050c000-0050d000 r--p 00013000 08:02 9962091    /usr/lib/jvm/java-6-openjdk/jre/lib/i386/libnet.so
0050d000-0050e000 rw-p 00014000 08:02 9962091    /usr/lib/jvm/java-6-openjdk/jre/lib/i386/libnet.so
0050e000-00530000 r-xp 00000000 08:02 9438861    /usr/lib/libk5crypto.so.3.1
00530000-00531000 r--p 00021000 08:02 9438861    /usr/lib/libk5crypto.so.3.1
00531000-00532000 rw-p 00022000 08:02 9438861    /usr/lib/libk5crypto.so.3.1
00532000-00541000 r-xp 00000000 08:02 9439084    /usr/lib/libtasn1.so.3.1.7
00541000-00542000 r--p 0000e000 08:02 9439084    /usr/lib/libtasn1.so.3.1.7
00542000-00543000 rw-p 0000f000 08:02 9439084    /usr/lib/libtasn1.so.3.1.7
00543000-00547000 r-xp 00000000 08:02 9440084    /usr/lib/libXtst.so.6.1.0
00547000-00548000 r--p 00003000 08:02 9440084    /usr/lib/libXtst.so.6.1.0
00548000-00549000 rw-p 00004000 08:02 9440084    /usr/lib/libXtst.so.6.1.0
0055e000-00564000 r-xp 00000000 08:02 9439497    /usr/lib/libkrb5support.so.0.1
00564000-00565000 r--p 00005000 08:02 9439497    /usr/lib/libkrb5support.so.0.1
00565000-00566000 rw-p 00006000 08:02 9439497    /usr/lib/libkrb5support.so.0.1
00584000-00599000 r-xp 00000000 08:02 10748095   /lib/tls/i686/cmov/libpthread-2.11.1.so
00599000-0059a000 r--p 00014000 08:02 10748095   /lib/tls/i686/cmov/libpthread-2.11.1.so
0059a000-0059b000 rw-p 00015000 08:02 10748095   /lib/tls/i686/cmov/libpthread-2.11.1.so
0059b000-0059d000 rw-p 00000000 00:00 0 
0059d000-006b6000 r-xp 00000000 08:02 9440039    /usr/lib/libX11.so.6.3.0
006b6000-006b7000 r--p 00118000 08:02 9440039    /usr/lib/libX11.so.6.3.0
006b7000-006b9000 rw-p 00119000 08:02 9440039    /usr/lib/libX11.so.6.3.0
006b9000-006ba000 rw-p 00000000 00:00 0 
006ba000-006f1000 r-xp 00000000 08:02 10748049   /lib/libdbus-1.so.3.4.0
006f1000-006f2000 r--p 00036000 08:02 10748049   /lib/libdbus-1.so.3.4.0
006f2000-006f3000 rw-p 00037000 08:02 10748049   /lib/libdbus-1.so.3.4.0
0072b000-0087e000 r-xp 00000000 08:02 10751999   /lib/tls/i686/cmov/libc-2.11.1.so
0087e000-00880000 r--p 00153000 08:02 10751999   /lib/tls/i686/cmov/libc-2.11.1.so
00880000-00881000 rw-p 00155000 08:02 10751999   /lib/tls/i686/cmov/libc-2.11.1.so
00881000-00884000 rw-p 00000000 00:00 0 
008bb000-008f5000 r-xp 00000000 08:02 9963254    /usr/lib/jvm/java-6-openjdk/jre/lib/i386/libfontmanager.so
008f5000-008f6000 r--p 0003a000 08:02 9963254    /usr/lib/jvm/java-6-openjdk/jre/lib/i386/libfontmanager.so
008f6000-008f7000 rw-p 0003b000 08:02 9963254    /usr/lib/jvm/java-6-openjdk/jre/lib/i386/libfontmanager.so
0090d000-00919000 r-xp 00000000 08:02 9973051    /usr/lib/jvm/java-6-openjdk/jre/lib/i386/libverify.so
00919000-0091a000 r--p 0000b000 08:02 9973051    /usr/lib/jvm/java-6-openjdk/jre/lib/i386/libverify.so
0091a000-0091b000 rw-p 0000c000 08:02 9973051    /usr/lib/jvm/java-6-openjdk/jre/lib/i386/libverify.so
00941000-00965000 r-xp 00000000 08:02 9961813    /usr/lib/jvm/java-6-openjdk/jre/lib/i386/libjava.so
00965000-00966000 r--p 00023000 08:02 9961813    /usr/lib/jvm/java-6-openjdk/jre/lib/i386/libjava.so
00966000-00968000 rw-p 00024000 08:02 9961813    /usr/lib/jvm/java-6-openjdk/jre/lib/i386/libjava.so
0096f000-00975000 r-xp 00000000 08:02 9963256    /usr/lib/jvm/java-6-openjdk/jre/lib/i386/libmanagement.so
00975000-00976000 r--p 00005000 08:02 9963256    /usr/lib/jvm/java-6-openjdk/jre/lib/i386/libmanagement.so
00976000-00977000 rw-p 00006000 08:02 9963256    /usr/lib/jvm/java-6-openjdk/jre/lib/i386/libmanagement.so
00977000-00a0d000 r-xp 00000000 08:02 9439368    /usr/lib/libgnutls.so.26.14.12
00a0d000-00a11000 r--p 00095000 08:02 9439368    /usr/lib/libgnutls.so.26.14.12
00a11000-00a12000 rw-p 00099000 08:02 9439368    /usr/lib/libgnutls.so.26.14.12
00a12000-00abc000 r-xp 00000000 08:02 9439125    /usr/lib/libkrb5.so.3.3
00abc000-00abd000 ---p 000aa000 08:02 9439125    /usr/lib/libkrb5.so.3.3
00abd000-00ac2000 r--p 000aa000 08:02 9439125    /usr/lib/libkrb5.so.3.3
00ac2000-00ac3000 rw-p 000af000 08:02 9439125    /usr/lib/libkrb5.so.3.3
00ac3000-00b33000 r-xp 00000000 08:02 10748053   /lib/libgcrypt.so.11.5.2
00b33000-00b34000 r--p 00070000 08:02 10748053   /lib/libgcrypt.so.11.5.2
00b34000-00b36000 rw-p 00071000 08:02 10748053   /lib/libgcrypt.so.11.5.2
00bad000-00bc5000 r-xp 00000000 08:02 9441050    /usr/lib/libxcb.so.1.1.0
00bc5000-00bc6000 r--p 00017000 08:02 9441050    /usr/lib/libxcb.so.1.1.0
00bc6000-00bc7000 rw-p 00018000 08:02 9441050    /usr/lib/libxcb.so.1.1.0
00bc7000-00c9c000 r-xp 00000000 08:02 9962047    /usr/lib/jvm/java-6-openjdk/jre/lib/i386/libmlib_image.so
00c9c000-00c9d000 r--p 000d4000 08:02 9962047    /usr/lib/jvm/java-6-openjdk/jre/lib/i386/libmlib_image.so
00c9d000-00c9e000 rw-p 000d5000 08:02 9962047    /usr/lib/jvm/java-6-openjdk/jre/lib/i386/libmlib_image.so
00caf000-00cbb000 r-xp 00000000 08:02 9440064    /usr/lib/libXi.so.6.1.0
00cbb000-00cbc000 r--p 0000c000 08:02 9440064    /usr/lib/libXi.so.6.1.0
00cbc000-00cbd000 rw-p 0000d000 08:02 9440064    /usr/lib/libXi.so.6.1.0
00ce2000-00ce3000 r-xp 00000000 08:02 9963245    /usr/lib/jvm/java-6-openjdk/jre/lib/i386/librmi.so
00ce3000-00ce4000 r--p 00000000 08:02 9963245    /usr/lib/jvm/java-6-openjdk/jre/lib/i386/librmi.so
00ce4000-00ce5000 rw-p 00001000 08:02 9963245    /usr/lib/jvm/java-6-openjdk/jre/lib/i386/librmi.so
00d0f000-00d12000 r-xp 00000000 08:02 10747993   /lib/libgpg-error.so.0.4.0
00d12000-00d13000 r--p 00002000 08:02 10747993   /lib/libgpg-error.so.0.4.0
00d13000-00d14000 rw-p 00003000 08:02 10747993   /lib/libgpg-error.so.0.4.0
00daa000-00dc5000 r-xp 00000000 08:02 10752965   /lib/ld-2.11.1.so
00dc5000-00dc6000 r--p 0001a000 08:02 10752965   /lib/ld-2.11.1.so
00dc6000-00dc7000 rw-p 0001b000 08:02 10752965   /lib/ld-2.11.1.so
00df2000-00e0f000 r-xp 00000000 08:02 10747986   /lib/libgcc_s.so.1
00e0f000-00e10000 r--p 0001c000 08:02 10747986   /lib/libgcc_s.so.1
00e10000-00e11000 rw-p 0001d000 08:02 10747986   /lib/libgcc_s.so.1
00e44000-00e46000 r-xp 00000000 08:02 10748000   /lib/libkeyutils-1.2.so
00e46000-00e47000 r--p 00001000 08:02 10748000   /lib/libkeyutils-1.2.so
00e47000-00e48000 rw-p 00002000 08:02 10748000   /lib/libkeyutils-1.2.so
00e5c000-00e64000 r-xp 00000000 08:02 9440078    /usr/lib/libXrender.so.1.3.0
00e64000-00e65000 r--p 00007000 08:02 9440078    /usr/lib/libXrender.so.1.3.0
00e65000-00e66000 rw-p 00008000 08:02 9440078    /usr/lib/libXrender.so.1.3.0
00e94000-00ea7000 r-xp 00000000 08:02 10748102   /lib/libz.so.1.2.3.3
00ea7000-00ea8000 r--p 00012000 08:02 10748102   /lib/libz.so.1.2.3.3
00ea8000-00ea9000 rw-p 00013000 08:02 10748102   /lib/libz.so.1.2.3.3
00ea9000-01573000 r-xp 00000000 08:02 9962100    /usr/lib/jvm/java-6-openjdk/jre/lib/i386/server/libjvm.so
01573000-015b8000 r--p 006ca000 08:02 9962100    /usr/lib/jvm/java-6-openjdk/jre/lib/i386/server/libjvm.so
015b8000-015c7000 rw-p 0070f000 08:02 9962100    /usr/lib/jvm/java-6-openjdk/jre/lib/i386/server/libjvm.so
015c7000-019e1000 rw-p 00000000 00:00 0 
08048000-08051000 r-xp 00000000 08:02 9973079    /usr/lib/jvm/java-6-openjdk/jre/bin/java
08051000-08052000 r--p 00008000 08:02 9973079    /usr/lib/jvm/java-6-openjdk/jre/bin/java
08052000-08053000 rw-p 00009000 08:02 9973079    /usr/lib/jvm/java-6-openjdk/jre/bin/java
08d4e000-09b65000 rw-p 00000000 00:00 0          [heap]
79300000-7936b000 rw-p 00000000 00:00 0 
7936b000-79400000 ---p 00000000 00:00 0 
79500000-795e4000 rw-p 00000000 00:00 0 
795e4000-79600000 ---p 00000000 00:00 0 
79600000-796f3000 rw-p 00000000 00:00 0 
796f3000-79700000 ---p 00000000 00:00 0 
79700000-79900000 rw-p 00000000 00:00 0 
79900000-799e1000 rw-p 00000000 00:00 0 
799e1000-79a00000 ---p 00000000 00:00 0 
79a00000-79af9000 rw-p 00000000 00:00 0 
79af9000-79b00000 ---p 00000000 00:00 0 
79b00000-79ba2000 rw-p 00000000 00:00 0 
79ba2000-79c00000 ---p 00000000 00:00 0 
79c00000-79ceb000 rw-p 00000000 00:00 0 
79ceb000-79d00000 ---p 00000000 00:00 0 
79d00000-79de9000 rw-p 00000000 00:00 0 
79de9000-79e00000 ---p 00000000 00:00 0 
79e00000-79eef000 rw-p 00000000 00:00 0 
79eef000-79f00000 ---p 00000000 00:00 0 
79f00000-79ff2000 rw-p 00000000 00:00 0 
79ff2000-7a000000 ---p 00000000 00:00 0 
7a000000-7a0f1000 rw-p 00000000 00:00 0 
7a0f1000-7a100000 ---p 00000000 00:00 0 
7a100000-7a1f8000 rw-p 00000000 00:00 0 
7a1f8000-7a200000 ---p 00000000 00:00 0 
7a200000-7a3ef000 rw-p 00000000 00:00 0 
7a3ef000-7a400000 ---p 00000000 00:00 0 
7a400000-7a600000 rw-p 00000000 00:00 0 
7a600000-7a6f1000 rw-p 00000000 00:00 0 
7a6f1000-7a700000 ---p 00000000 00:00 0 
7a700000-7a7f9000 rw-p 00000000 00:00 0 
7a7f9000-7a800000 ---p 00000000 00:00 0 
7a800000-7a8fb000 rw-p 00000000 00:00 0 
7a8fb000-7a900000 ---p 00000000 00:00 0 
7aa00000-7aaf8000 rw-p 00000000 00:00 0 
7aaf8000-7ab00000 ---p 00000000 00:00 0 
7ab00000-7abff000 rw-p 00000000 00:00 0 
7abff000-7ac00000 ---p 00000000 00:00 0 
7ac00000-7acfd000 rw-p 00000000 00:00 0 
7acfd000-7ad00000 ---p 00000000 00:00 0 
7ad00000-7adf7000 rw-p 00000000 00:00 0 
7adf7000-7ae00000 ---p 00000000 00:00 0 
7ae00000-7b000000 rw-p 00000000 00:00 0 
7b000000-7b0fa000 rw-p 00000000 00:00 0 
7b0fa000-7b100000 ---p 00000000 00:00 0 
7b1af000-7b1b2000 ---p 00000000 00:00 0 
7b1b2000-7b200000 rw-p 00000000 00:00 0 
7b200000-7b2fa000 rw-p 00000000 00:00 0 
7b2fa000-7b300000 ---p 00000000 00:00 0 
7b327000-7b32a000 ---p 00000000 00:00 0 
7b32a000-7b378000 rw-p 00000000 00:00 0 
7b3c9000-7b3cc000 ---p 00000000 00:00 0 
7b3cc000-7b41a000 rw-p 00000000 00:00 0 
7b41a000-7b41d000 ---p 00000000 00:00 0 
7b41d000-7b46b000 rw-p 00000000 00:00 0 
7b46b000-7b46e000 ---p 00000000 00:00 0 
7b46e000-7b4bc000 rw-p 00000000 00:00 0 
7b4bc000-7b4bf000 ---p 00000000 00:00 0 
7b4bf000-7b50d000 rw-p 00000000 00:00 0 
7b50d000-7b510000 ---p 00000000 00:00 0 
7b510000-7b55e000 rw-p 00000000 00:00 0 
7b55e000-7b561000 ---p 00000000 00:00 0 
7b561000-7b5af000 rw-p 00000000 00:00 0 
7b5af000-7b5b2000 ---p 00000000 00:00 0 
7b5b2000-7b600000 rw-p 00000000 00:00 0 
7b600000-7b6d3000 rw-p 00000000 00:00 0 
7b6d3000-7b700000 ---p 00000000 00:00 0 
7b737000-7b73a000 ---p 00000000 00:00 0 
7b73a000-7b788000 rw-p 00000000 00:00 0 
7b81a000-7b81d000 ---p 00000000 00:00 0 
7b81d000-7b86b000 rw-p 00000000 00:00 0 
7b86b000-7b86e000 ---p 00000000 00:00 0 
7b86e000-7b8bc000 rw-p 00000000 00:00 0 
7b8bc000-7b8bf000 ---p 00000000 00:00 0 
7b8bf000-7b90d000 rw-p 00000000 00:00 0 
7b90d000-7b910000 ---p 00000000 00:00 0 
7b910000-7b95e000 rw-p 00000000 00:00 0 
7b95e000-7b961000 ---p 00000000 00:00 0 
7b961000-7b9af000 rw-p 00000000 00:00 0 
7b9af000-7b9b2000 ---p 00000000 00:00 0 
7b9b2000-7ba00000 rw-p 00000000 00:00 0 
7ba00000-7baf0000 rw-p 00000000 00:00 0 
7baf0000-7bb00000 ---p 00000000 00:00 0 
7bb0e000-7bb29000 rw-s 00000000 00:04 10256406   /SYSV00000000 (deleted)
7bb29000-7bb2c000 r--s 00031000 08:02 9973043    /usr/lib/jvm/java-6-openjdk/jre/lib/ext/sunjce_provider.jar
7bb2c000-7bb2e000 r--s 00013000 08:02 9973034    /usr/lib/jvm/java-6-openjdk/jre/lib/jce.jar
7bb38000-7bb3b000 r--s 00077000 08:02 9973048    /usr/lib/jvm/java-6-openjdk/jre/lib/ext/localedata.jar
7bb3b000-7bb3e000 ---p 00000000 00:00 0 
7bb3e000-7bb8c000 rw-p 00000000 00:00 0 
7bb8c000-7bb93000 r--s 000fb000 08:02 9973049    /usr/lib/jvm/java-6-openjdk/jre/lib/resources.jar
7bb93000-7bb94000 r--s 00000000 08:02 5511189    /var/cache/fontconfig/26de28bc8622bbc1fb67fd234c21975f-le32d4.cache-3
7bb94000-7bb95000 r--s 00000000 08:02 5505089    /var/cache/fontconfig/c05880de57d1f5e948fdfacc138775d9-le32d4.cache-3
7bb95000-7bb9b000 r--s 00000000 08:02 5505086    /var/cache/fontconfig/945677eb7aeaf62f1d50efc3fb3ec7d8-le32d4.cache-3
7bb9b000-7bb9d000 r--s 00000000 08:02 5505087    /var/cache/fontconfig/99e8ed0e538f840c565b6ed5dad60d56-le32d4.cache-3
7bb9d000-7bba0000 r--s 00000000 08:02 5505096    /var/cache/fontconfig/e383d7ea5fbe662a33d9b44caf393297-le32d4.cache-3
7bba0000-7bba6000 r--s 00000000 08:02 5511192    /var/cache/fontconfig/401a5dd6b567794a1d18dd9342dfa604-le32d4.cache-3
7bba6000-7bba7000 r--s 00000000 08:02 5505097    /var/cache/fontconfig/e7071f4a29fa870f4323321c154eba04-le32d4.cache-3
7bba7000-7bbaa000 r--s 00000000 08:02 5505083    /var/cache/fontconfig/6eb3985aa4124903f6ff08ba781cd364-le32d4.cache-3
7bbaa000-7bbab000 r--s 00000000 08:02 5505079    /var/cache/fontconfig/4c73fe0c47614734b17d736dbde7580a-le32d4.cache-3
7bbab000-7bbac000 r--s 00000000 08:02 5505073    /var/cache/fontconfig/0d8c3b2ac0904cb8a57a757ad11a4a08-le32d4.cache-3
7bbac000-7bbad000 r--s 00000000 08:02 5505081    /var/cache/fontconfig/6a53c69dea097a2d716e069445527da8-le32d4.cache-3
7bbad000-7bbb1000 r--s 00000000 08:02 5505088    /var/cache/fontconfig/a755afe4a08bf5b97852ceb7400b47bc-le32d4.cache-3
7bbb1000-7bbb5000 r--s 00000000 08:02 5511210    /var/cache/fontconfig/515ca1ebc4b18308bea979be5704f9db-le32d4.cache-3
7bbb5000-7bbbc000 r--s 00000000 08:02 5512650    /var/cache/fontconfig/6d41288fd70b0be22e8c3a91e032eec0-le32d4.cache-3
7bbbc000-7bbc7000 r--s 00000000 08:02 5509078    /var/cache/fontconfig/0f34bcd4b6ee430af32735b75db7f02b-le32d4.cache-3
7bbc7000-7bbca000 r--s 00000000 08:02 5505093    /var/cache/fontconfig/d60319d88cac85ba9e1a07bd06cfbb8c-le32d4.cache-3
7bbca000-7bbcb000 r--s 00000000 08:02 5512140    /var/cache/fontconfig/4794a0821666d79190d59a36cb4f44b5-le32d4.cache-3
7bbcb000-7bbed000 r--s 00000000 08:02 5511801    /var/cache/fontconfig/365b55f210c0a22e9a19e35191240f32-le32d4.cache-3
7bbed000-7bbf5000 r--s 00000000 08:02 5505092    /var/cache/fontconfig/d52a8644073d54c13679302ca1180695-le32d4.cache-3
7bbf5000-7bbfd000 r--s 00000000 08:02 5516321    /var/cache/fontconfig/e13b20fdb08344e0e664864cc2ede53d-le32d4.cache-3
7bbfd000-7bc00000 r--s 00000000 08:02 5511157    /var/cache/fontconfig/7ef2298fde41cc6eeb7af42e48b7d293-le32d4.cache-3
7bc00000-7bcfc000 rw-p 00000000 00:00 0 
7bcfc000-7bd00000 ---p 00000000 00:00 0 
7bd01000-7bd02000 r--s 00000000 08:02 5511189    /var/cache/fontconfig/26de28bc8622bbc1fb67fd234c21975f-le32d4.cache-3
7bd02000-7bd03000 r--s 00000000 08:02 5505089    /var/cache/fontconfig/c05880de57d1f5e948fdfacc138775d9-le32d4.cache-3
7bd03000-7bd09000 r--s 00000000 08:02 5505086    /var/cache/fontconfig/945677eb7aeaf62f1d50efc3fb3ec7d8-le32d4.cache-3
7bd09000-7bd0b000 r--s 00000000 08:02 5505087    /var/cache/fontconfig/99e8ed0e538f840c565b6ed5dad60d56-le32d4.cache-3
7bd0b000-7bd0e000 r--s 00000000 08:02 5505096    /var/cache/fontconfig/e383d7ea5fbe662a33d9b44caf393297-le32d4.cache-3
7bd0e000-7bd14000 r--s 00000000 08:02 5511192    /var/cache/fontconfig/401a5dd6b567794a1d18dd9342dfa604-le32d4.cache-3
7bd14000-7bd15000 r--s 00000000 08:02 5505097    /var/cache/fontconfig/e7071f4a29fa870f4323321c154eba04-le32d4.cache-3
7bd15000-7bd18000 r--s 00000000 08:02 5505083    /var/cache/fontconfig/6eb3985aa4124903f6ff08ba781cd364-le32d4.cache-3
7bd18000-7bd19000 r--s 00000000 08:02 5505079    /var/cache/fontconfig/4c73fe0c47614734b17d736dbde7580a-le32d4.cache-3
7bd19000-7bd1a000 r--s 00000000 08:02 5505073    /var/cache/fontconfig/0d8c3b2ac0904cb8a57a757ad11a4a08-le32d4.cache-3
7bd1a000-7bd1b000 r--s 00000000 08:02 5505081    /var/cache/fontconfig/6a53c69dea097a2d716e069445527da8-le32d4.cache-3
7bd1b000-7bd1f000 r--s 00000000 08:02 5505088    /var/cache/fontconfig/a755afe4a08bf5b97852ceb7400b47bc-le32d4.cache-3
7bd1f000-7bd23000 r--s 00000000 08:02 5511210    /var/cache/fontconfig/515ca1ebc4b18308bea979be5704f9db-le32d4.cache-3
7bd23000-7bd2a000 r--s 00000000 08:02 5512650    /var/cache/fontconfig/6d41288fd70b0be22e8c3a91e032eec0-le32d4.cache-3
7bd2a000-7bd35000 r--s 00000000 08:02 5509078    /var/cache/fontconfig/0f34bcd4b6ee430af32735b75db7f02b-le32d4.cache-3
7bd35000-7bd38000 r--s 00000000 08:02 5505093    /var/cache/fontconfig/d60319d88cac85ba9e1a07bd06cfbb8c-le32d4.cache-3
7bd38000-7bd5a000 r--s 00000000 08:02 5511801    /var/cache/fontconfig/365b55f210c0a22e9a19e35191240f32-le32d4.cache-3
7bd5a000-7bd62000 r--s 00000000 08:02 5505092    /var/cache/fontconfig/d52a8644073d54c13679302ca1180695-le32d4.cache-3
7bd62000-7bd6a000 r--s 00000000 08:02 5516321    /var/cache/fontconfig/e13b20fdb08344e0e664864cc2ede53d-le32d4.cache-3
7bd6a000-7bd6d000 ---p 00000000 00:00 0 
7bd6d000-7bdbb000 rw-p 00000000 00:00 0 
7bdbb000-7bdbc000 r--s 0000a000 08:05 4849677    /home/augusto/Documentos/workspace/adempierelbrHEAD/lib/arial.jar
7bdbc000-7bdc2000 r--s 0005b000 08:05 4852189    /home/augusto/Documentos/workspace/adempierelbrHEAD/lib/jcifs-1.3.17.jar
7bdc2000-7bdc9000 r--s 000b5000 08:05 6293063    /home/augusto/Documentos/workspace/adempiereTrunk/tools/lib/mysql-connector-java-5.1.13-bin.jar
7bdc9000-7bde4000 r--s 00158000 08:05 6293087    /home/augusto/Documentos/workspace/adempiereTrunk/tools/lib/poi-3.5-FINAL-20090928.jar
7bde4000-7be17000 r--s 002a1000 08:05 6684832    /home/augusto/Documentos/workspace/adempiereTrunk/JasperReportsTools/lib/jasperreports-3.7.3.jar
7be17000-7be19000 r--s 00007000 08:05 6293089    /home/augusto/Documentos/workspace/adempiereTrunk/tools/lib/cron4j-2.2.1.jar
7be19000-7be1c000 r--s 00015000 08:05 6293076    /home/augusto/Documentos/workspace/adempiereTrunk/tools/lib/payflow.jar
7be1c000-7be1e000 r--s 00011000 08:05 6293094    /home/augusto/Documentos/workspace/adempiereTrunk/tools/lib/miglayout-3.7.1-swing.jar
7be1e000-7be2a000 r--s 00108000 08:05 6293092    /home/augusto/Documentos/workspace/adempiereTrunk/tools/lib/iText-2.1.7.jar
7be2a000-7be30000 r--s 00054000 08:05 6553854    /home/augusto/Documentos/workspace/adempiereTrunk/packages/liberoMFG.jar
7be30000-7be31000 r--s 0000e000 08:05 6553853    /home/augusto/Documentos/workspace/adempiereTrunk/packages/liberoHR.jar
7be31000-7be34000 r--s 00011000 08:05 7997538    /home/augusto/Documentos/workspace/adempiereTrunk/posterita/posterita/web/WEB-INF/lib/servlet.jar
7be34000-7be3b000 r--s 00051000 08:05 7997554    /home/augusto/Documentos/workspace/adempiereTrunk/posterita/posterita/web/WEB-INF/lib/log4j-1.2.13.jar
7be3b000-7be3d000 r--s 00002000 08:05 7997556    /home/augusto/Documentos/workspace/adempiereTrunk/posterita/posterita/web/WEB-INF/lib/displaytag-export-poi-1.1.1.jar
7be3d000-7be3f000 r--s 00013000 08:05 6554084    /home/augusto/Documentos/workspace/adempiereTrunk/zkwebui/WEB-INF/lib/zkplus-sources.jar
7be3f000-7be41000 r--s 00004000 08:05 7997548    /home/augusto/Documentos/workspace/adempiereTrunk/posterita/posterita/web/WEB-INF/lib/commons-fileupload.jar
7be41000-7be46000 r--s 0002c000 08:05 6554083    /home/augusto/Documentos/workspace/adempiereTrunk/zkwebui/WEB-INF/lib/zweb.jar
7be46000-7be4b000 r--s 00030000 08:05 7997549    /home/augusto/Documentos/workspace/adempiereTrunk/posterita/posterita/web/WEB-INF/lib/displaytag-1.1.1.jar
7be4b000-7be4e000 r--s 0001b000 08:05 6293105    /home/augusto/Documentos/workspace/adempiereTrunk/tools/lib/junit.jar
7be4e000-7be51000 r--s 0001a000 08:05 6554099    /home/augusto/Documentos/workspace/adempiereTrunk/zkwebui/WEB-INF/lib/junit.jar
7be51000-7be52000 r--s 00001000 08:05 6554102    /home/augusto/Documentos/workspace/adempiereTrunk/zkwebui/WEB-INF/lib/keylistener.jar
7be52000-7be56000 r--s 0001a000 08:05 6293016    /home/augusto/Documentos/workspace/adempiereTrunk/tools/lib/testing/SuperCSV-with_src-1.52.jar
7be56000-7be57000 r--s 00003000 08:05 6293017    /home/augusto/Documentos/workspace/adempiereTrunk/tools/lib/testing/spiffy-with_source-all-0.05.jar
7be57000-7be5b000 r--s 0001d000 08:05 7997542    /home/augusto/Documentos/workspace/adempiereTrunk/posterita/posterita/web/WEB-INF/lib/barcode4j.jar
7be5b000-7be60000 r--s 00018000 08:05 7997553    /home/augusto/Documentos/workspace/adempiereTrunk/posterita/posterita/web/WEB-INF/lib/aspectjrt.jar
7be60000-7be62000 r--s 00000000 08:05 7997552    /home/augusto/Documentos/workspace/adempiereTrunk/posterita/posterita/web/WEB-INF/lib/aop.jar
7be62000-7be6b000 r--s 00078000 08:05 7997539    /home/augusto/Documentos/workspace/adempiereTrunk/posterita/posterita/web/WEB-INF/lib/struts.jar
7be6b000-7be6d000 r--s 00013000 08:05 7997551    /home/augusto/Documentos/workspace/adempiereTrunk/posterita/posterita/web/WEB-INF/lib/commons-validator.jar
7be6d000-7be89000 r--s 001b3000 08:05 8126522    /home/augusto/Documentos/workspace/adempiereTrunk/posterita/reference/aspectJ/aspectjweaver.jar
7be89000-7beec000 r--s 0077c000 08:05 8126519    /home/augusto/Documentos/workspace/adempiereTrunk/posterita/reference/aspectJ/aspectjtools.jar
7beec000-7beed000 r--s 00001000 08:05 8126520    /home/augusto/Documentos/workspace/adempiereTrunk/posterita/reference/aspectJ/aspectjlib.jar
7beed000-7bef0000 r--s 0001d000 08:05 6554098    /home/augusto/Documentos/workspace/adempiereTrunk/zkwebui/WEB-INF/lib/zweb-sources.jar
7bef0000-7bef7000 r--s 00077000 08:05 6554075    /home/augusto/Documentos/workspace/adempiereTrunk/zkwebui/WEB-INF/lib/zul-sources.jar
7bef7000-7bef8000 r--s 00001000 08:05 6554073    /home/augusto/Documentos/workspace/adempiereTrunk/zkwebui/WEB-INF/lib/zml-sources.jar
7bef8000-7bf00000 r--s 0008f000 08:05 6554066    /home/augusto/Documentos/workspace/adempiereTrunk/zkwebui/WEB-INF/lib/zk-sources.jar
7bf00000-7bffc000 rw-p 00000000 00:00 0 
7bffc000-7c000000 ---p 00000000 00:00 0 
7c001000-7c004000 r--s 00000000 08:02 5511157    /var/cache/fontconfig/7ef2298fde41cc6eeb7af42e48b7d293-le32d4.cache-3
7c004000-7c006000 r--s 0000d000 08:05 6554104    /home/augusto/Documentos/workspace/adempiereTrunk/zkwebui/WEB-INF/lib/zkex-sources.jar
7c006000-7c00b000 r--s 0003e000 08:05 6554106    /home/augusto/Documentos/workspace/adempiereTrunk/zkwebui/WEB-INF/lib/zcommon-sources.jar
7c00b000-7c00d000 r--s 00004000 08:05 6554092    /home/augusto/Documentos/workspace/adempiereTrunk/zkwebui/WEB-INF/lib/timelinez-sources.jar
7c00d000-7c076000 r--s 007c6000 08:05 6554069    /home/augusto/Documentos/workspace/adempiereTrunk/zkwebui/WEB-INF/lib/jython.jar
7c076000-7c09d000 r--s 00291000 08:05 6554096    /home/augusto/Documentos/workspace/adempiereTrunk/zkwebui/WEB-INF/lib/groovy.jar
7c09d000-7c0a0000 r--s 0000c000 08:05 6554076    /home/augusto/Documentos/workspace/adempiereTrunk/zkwebui/WEB-INF/lib/commons-fileupload.jar
7c0a0000-7c0a5000 r--s 00040000 08:05 6554088    /home/augusto/Documentos/workspace/adempiereTrunk/zkwebui/WEB-INF/lib/bsh.jar
7c0a5000-7c0a6000 r--s 00002000 08:05 6554105    /home/augusto/Documentos/workspace/adempiereTrunk/zkwebui/WEB-INF/lib/zml.jar
7c0a6000-7c0a9000 r--s 00017000 08:05 6554074    /home/augusto/Documentos/workspace/adempiereTrunk/zkwebui/WEB-INF/lib/zkplus.jar
7c0a9000-7c0ae000 r--s 00024000 08:05 6554070    /home/augusto/Documentos/workspace/adempiereTrunk/zkwebui/WEB-INF/lib/zkmax-sources.jar
7c0ae000-7c0b4000 r--s 00031000 08:05 6554100    /home/augusto/Documentos/workspace/adempiereTrunk/zkwebui/WEB-INF/lib/zkmax.jar
7c0b4000-7c0b8000 r--s 00021000 08:05 6554093    /home/augusto/Documentos/workspace/adempiereTrunk/zkwebui/WEB-INF/lib/zkex.jar
7c0b8000-7c0ba000 r--s 0000b000 08:05 6554089    /home/augusto/Documentos/workspace/adempiereTrunk/zkwebui/WEB-INF/lib/zhtml-sources.jar
7c0ba000-7c0bd000 r--s 0000a000 08:05 6554078    /home/augusto/Documentos/workspace/adempiereTrunk/zkwebui/WEB-INF/lib/zhtml.jar
7c0bd000-7c0c0000 r--s 00016000 08:05 6554082    /home/augusto/Documentos/workspace/adempiereTrunk/zkwebui/WEB-INF/lib/zcommons-el.jar
7c0c0000-7c0c6000 r--s 00040000 08:05 6554080    /home/augusto/Documentos/workspace/adempiereTrunk/zkwebui/WEB-INF/lib/timelinez.jar
7c0c6000-7c0ca000 r--s 00026000 08:05 6554079    /home/augusto/Documentos/workspace/adempiereTrunk/zkwebui/WEB-INF/lib/ognl.jar
7c0ca000-7c0d5000 r--s 00107000 08:05 6554107    /home/augusto/Documentos/workspace/adempiereTrunk/zkwebui/WEB-INF/lib/mvel.jar
7c0d5000-7c0e0000 r--s 000a6000 08:05 6554077    /home/augusto/Documentos/workspace/adempiereTrunk/zkwebui/WEB-INF/lib/jxl.jar
7c0e0000-7c0e1000 r--s 00003000 08:05 6554072    /home/augusto/Documentos/workspace/adempiereTrunk/zkwebui/WEB-INF/lib/json_simple.jar
7c0e1000-7c0e8000 r--s 000b2000 08:05 6554087    /home/augusto/Documentos/workspace/adempiereTrunk/zkwebui/WEB-INF/lib/js.jar
7c0e8000-7c182000 r--s 007cb000 08:05 6554101    /home/augusto/Documentos/workspace/adempiereTrunk/zkwebui/WEB-INF/lib/jruby.jar
7c182000-7c185000 r--s 00017000 08:05 6554103    /home/augusto/Documentos/workspace/adempiereTrunk/zkwebui/WEB-INF/lib/gmapsz.jar
7c185000-7c18b000 r--s 0004d000 08:05 6554067    /home/augusto/Documentos/workspace/adempiereTrunk/zkwebui/WEB-INF/lib/Filters.jar
7c18b000-7c199000 r--s 0014a000 08:05 6554081    /home/augusto/Documentos/workspace/adempiereTrunk/zkwebui/WEB-INF/lib/fckez.jar
7c199000-7c19c000 r--s 00012000 08:05 6554090    /home/augusto/Documentos/workspace/adempiereTrunk/zkwebui/WEB-INF/lib/commons-io.jar
7c19c000-7c19f000 r--s 00019000 08:05 6554085    /home/augusto/Documentos/workspace/adempiereTrunk/zkwebui/WEB-INF/lib/commons-el.jar
7c19f000-7c1a0000 r--s 00008000 08:05 6554091    /home/augusto/Documentos/workspace/adempiereTrunk/zkwebui/WEB-INF/lib/asm.jar
7c1a0000-7c1b2000 r--s 000eb000 08:05 6554068    /home/augusto/Documentos/workspace/adempiereTrunk/zkwebui/WEB-INF/lib/zul.jar
7c1b2000-7c1c0000 r--s 000cd000 08:05 6554095    /home/augusto/Documentos/workspace/adempiereTrunk/zkwebui/WEB-INF/lib/zk.jar
7c1c0000-7c1c7000 r--s 0005a000 08:05 6554094    /home/augusto/Documentos/workspace/adempiereTrunk/zkwebui/WEB-INF/lib/zcommon.jar
7c1c7000-7c1cd000 r--s 00049000 08:05 6554071    /home/augusto/Documentos/workspace/adempiereTrunk/zkwebui/WEB-INF/lib/cglib.jar
7c1cd000-7c2bf000 r--s 00e06000 08:05 6034015    /home/augusto/Documentos/workspace/adempiereTrunk/glassfishfacet/lib/appserv-rt.jar
7c2bf000-7c2c4000 r--s 00031000 08:05 6034013    /home/augusto/Documentos/workspace/adempiereTrunk/glassfishfacet/lib/appserv-deployment-client.jar
7c2c4000-7c2d5000 r--s 00083000 08:05 6034014    /home/augusto/Documentos/workspace/adempiereTrunk/glassfishfacet/lib/appserv-ext.jar
7c2d5000-7c333000 r--s 00467000 08:05 6029737    /home/augusto/Documentos/workspace/adempiereTrunk/jboss/client/jbossall-client.jar
7c333000-7c335000 r--s 00007000 08:05 6029807    /home/augusto/Documentos/workspace/adempiereTrunk/jboss/client/jnp-client.jar
7c335000-7c339000 r--s 00021000 08:05 6029729    /home/augusto/Documentos/workspace/adempiereTrunk/jboss/client/jbosssx-client.jar
7c339000-7c388000 r--s 00734000 08:05 6684831    /home/augusto/Documentos/workspace/adempiereTrunk/JasperReportsTools/lib/iReport.jar
7c388000-7c38b000 r--s 00014000 08:05 6165584    /home/augusto/Documentos/workspace/adempiereTrunk/serverApps/src/web/WEB-INF/lib/commons-validator-1.2.0.jar
7c38b000-7c38f000 r--s 0002f000 08:05 6165583    /home/augusto/Documentos/workspace/adempiereTrunk/serverApps/src/web/WEB-INF/lib/commons-lang-2.1.jar
7c38f000-7c391000 r--s 00004000 08:05 6165585    /home/augusto/Documentos/workspace/adempiereTrunk/serverApps/src/web/WEB-INF/lib/commons-fileupload.jar
7c391000-7c395000 r--s 0001f000 08:05 6165588    /home/augusto/Documentos/workspace/adempiereTrunk/serverApps/src/web/WEB-INF/lib/commons-digester-1.7.jar
7c395000-7c397000 r--s 0000a000 08:05 6165581    /home/augusto/Documentos/workspace/adempiereTrunk/serverApps/src/web/WEB-INF/lib/commons-codec-1.3.jar
7c397000-7c39b000 r--s 00026000 08:05 6165580    /home/augusto/Documentos/workspace/adempiereTrunk/serverApps/src/web/WEB-INF/lib/commons-beanutils-core.jar
7c39b000-7c39d000 r--s 00005000 08:05 6165586    /home/augusto/Documentos/workspace/adempiereTrunk/serverApps/src/web/WEB-INF/lib/commons-beanutils-bean-collections.jar
7c39d000-7c3a2000 r--s 0002a000 08:05 6165587    /home/augusto/Documentos/workspace/adempiereTrunk/serverApps/src/web/WEB-INF/lib/commons-beanutils.jar
7c3a2000-7c3b3000 r--s 0014c000 08:05 6293085    /home/augusto/Documentos/workspace/adempiereTrunk/tools/lib/jfreechart-1.0.13.jar
7c3b3000-7c3b9000 r--s 00046000 08:05 6293078    /home/augusto/Documentos/workspace/adempiereTrunk/tools/lib/jcommon-1.0.16.jar
7c3b9000-7c3d6000 r--s 000f4000 08:05 6293084    /home/augusto/Documentos/workspace/adempiereTrunk/tools/lib/javaee.jar
7c3d6000-7c3d9000 r--s 00014000 08:05 6293115    /home/augusto/Documentos/workspace/adempiereTrunk/tools/lib/barbecue-1.5-beta1.jar
7c3d9000-7c400000 r--s 00281000 08:05 6293107    /home/augusto/Documentos/workspace/adempiereTrunk/tools/lib/groovy-all-1.5.1.jar
7c400000-7c4f2000 rw-p 00000000 00:00 0 
7c4f2000-7c500000 ---p 00000000 00:00 0 
7c500000-7c51c000 r--s 001be000 08:05 6293068    /home/augusto/Documentos/workspace/adempiereTrunk/tools/lib/jython.jar
7c51c000-7c51d000 r--s 00001000 08:05 6293098    /home/augusto/Documentos/workspace/adempiereTrunk/tools/lib/bsh-engine.jar
7c51d000-7c522000 r--s 00058000 08:05 6293091    /home/augusto/Documentos/workspace/adempiereTrunk/tools/lib/bsh-2.0b5.jar
7c522000-7c53b000 r--s 00123000 08:05 6293100    /home/augusto/Documentos/workspace/adempiereTrunk/tools/lib/swingx-1.6.jar
7c53b000-7c547000 r--s 0015c000 08:05 6293109    /home/augusto/Documentos/workspace/adempiereTrunk/tools/lib/jpedal.jar
7c547000-7c54f000 r--s 00028000 08:05 6293106    /home/augusto/Documentos/workspace/adempiereTrunk/tools/lib/xml-apis.jar
7c54f000-7c552000 r--s 00036000 08:05 6293086    /home/augusto/Documentos/workspace/adempiereTrunk/tools/lib/xjavadoc-1.1.jar
7c552000-7c568000 r--s 00110000 08:05 6293096    /home/augusto/Documentos/workspace/adempiereTrunk/tools/lib/xercesImpl.jar
7c568000-7c570000 r--s 00053000 08:05 6293103    /home/augusto/Documentos/workspace/adempiereTrunk/tools/lib/looks-2.0.4.jar
7c570000-7c595000 r--s 001e5000 08:05 6293088    /home/augusto/Documentos/workspace/adempiereTrunk/tools/lib/activemq-core-5.0.0.jar
7c595000-7c596000 r--s 00000000 08:05 6293099    /home/augusto/Documentos/workspace/adempiereTrunk/tools/lib/c3p0-oracle-thin-extras-0.9.1.2.jar
7c596000-7c5a1000 r--s 0008b000 08:05 6293065    /home/augusto/Documentos/workspace/adempiereTrunk/tools/lib/c3p0-0.9.1.2.jar
7c5a1000-7c5a7000 r--s 00077000 08:05 6293095    /home/augusto/Documentos/workspace/adempiereTrunk/tools/lib/postgresql.jar
7c5a7000-7c5aa000 r--s 00023000 08:05 6293067    /home/augusto/Documentos/workspace/adempiereTrunk/tools/lib/jgraph.jar
7c5aa000-7c5af000 r--s 00028000 08:05 6293108    /home/augusto/Documentos/workspace/adempiereTrunk/tools/lib/commons-net-1.4.0.jar
7c5af000-7c5b1000 r--s 0000c000 08:05 6293111    /home/augusto/Documentos/workspace/adempiereTrunk/tools/lib/commons-logging.jar
7c5b1000-7c5be000 r--s 0007c000 08:05 6293102    /home/augusto/Documentos/workspace/adempiereTrunk/tools/lib/commons-collections-3.1.jar
7c5be000-7c5bf000 r--s 00001000 08:05 6293114    /home/augusto/Documentos/workspace/adempiereTrunk/tools/lib/jnlp.jar
7c5bf000-7c5c2000 r--s 0000d000 08:05 6293104    /home/augusto/Documentos/workspace/adempiereTrunk/tools/lib/jpayment.jar
7c5c2000-7c5d4000 r--s 001f2000 08:05 6293064    /home/augusto/Documentos/workspace/adempiereTrunk/tools/lib/ojdbc6.jar
7c5d4000-7c5d6000 r--s 00014000 08:05 6293083    /home/augusto/Documentos/workspace/adempiereTrunk/tools/lib/servlet-api.jar
7c5d6000-7c5d9000 r--s 00012000 08:05 6293113    /home/augusto/Documentos/workspace/adempiereTrunk/tools/lib/jsp-api.jar
7c5d9000-7c5e8000 r--s 000ee000 08:05 6293077    /home/augusto/Documentos/workspace/adempiereTrunk/tools/lib/ant.jar
7c5e8000-7c5e9000 r--s 00002000 08:05 6293075    /home/augusto/Documentos/workspace/adempiereTrunk/tools/lib/ant-launcher.jar
7c5e9000-7c5ea000 r--s 00008000 08:05 6293071    /home/augusto/Documentos/workspace/adempiereTrunk/tools/lib/ant-commons-net.jar
7c5ea000-7c5ef000 r--s 00030000 08:05 5636534    /home/augusto/Documentos/workspace/adempiereTrunk/jboss/lib/commons-httpclient.jar
7c5ef000-7c5f0000 r--s 00004000 08:05 6293080    /home/augusto/Documentos/workspace/adempiereTrunk/tools/lib/Verisign.jar
7c5f0000-7c5f9000 r--s 00058000 08:05 6293090    /home/augusto/Documentos/workspace/adempiereTrunk/tools/lib/standard.jar
7c5f9000-7c600000 r--s 0006a000 08:05 6293101    /home/augusto/Documentos/workspace/adempiereTrunk/tools/lib/mail.jar
7c600000-7c607000 r--s 00050000 08:05 6293073    /home/augusto/Documentos/workspace/adempiereTrunk/tools/lib/log4j.jar
7c607000-7c609000 r--s 00004000 08:05 6293070    /home/augusto/Documentos/workspace/adempiereTrunk/tools/lib/jstl.jar
7c609000-7c63c000 r--s 002a1000 08:05 2622875    /home/augusto/ws/adempiere_360/JasperReportsTools/lib/jasperreports-3.7.3.jar
7c63c000-7c63e000 r--s 00007000 08:05 2359606    /home/augusto/ws/adempiere_360/tools/lib/cron4j-2.2.1.jar
7c63e000-7c641000 r--s 00015000 08:05 2359594    /home/augusto/ws/adempiere_360/tools/lib/payflow.jar
7c641000-7c643000 r--s 00011000 08:05 2359612    /home/augusto/ws/adempiere_360/tools/lib/miglayout-3.7.1-swing.jar
7c643000-7c64f000 r--s 00108000 08:05 2359609    /home/augusto/ws/adempiere_360/tools/lib/iText-2.1.7.jar
7c64f000-7c652000 r--s 00011000 08:05 2886038    /home/augusto/ws/adempiere_360/posterita/posterita/web/WEB-INF/lib/servlet.jar
7c652000-7c670000 r--s 00192000 08:05 2886041    /home/augusto/ws/adempiere_360/posterita/posterita/web/WEB-INF/lib/poi-3.0-FINAL.jar
7c670000-7c677000 r--s 00051000 08:05 2886048    /home/augusto/ws/adempiere_360/posterita/posterita/web/WEB-INF/lib/log4j-1.2.13.jar
7c677000-7c679000 r--s 00002000 08:05 2886050    /home/augusto/ws/adempiere_360/posterita/posterita/web/WEB-INF/lib/displaytag-export-poi-1.1.1.jar
7c679000-7c67b000 r--s 00013000 08:05 2491149    /home/augusto/ws/adempiere_360/zkwebui/WEB-INF/lib/zkplus-sources.jar
7c67b000-7c67d000 r--s 00004000 08:05 2886043    /home/augusto/ws/adempiere_360/posterita/posterita/web/WEB-INF/lib/commons-fileupload.jar
7c67d000-7c682000 r--s 0002c000 08:05 2491148    /home/augusto/ws/adempiere_360/zkwebui/WEB-INF/lib/zweb.jar
7c682000-7c687000 r--s 00030000 08:05 2886044    /home/augusto/ws/adempiere_360/posterita/posterita/web/WEB-INF/lib/displaytag-1.1.1.jar
7c687000-7c68a000 r--s 0001b000 08:05 2359623    /home/augusto/ws/adempiere_360/tools/lib/junit.jar
7c68a000-7c68d000 r--s 0001a000 08:05 2491164    /home/augusto/ws/adempiere_360/zkwebui/WEB-INF/lib/junit.jar
7c68d000-7c68e000 r--s 00001000 08:05 2491167    /home/augusto/ws/adempiere_360/zkwebui/WEB-INF/lib/keylistener.jar
7c68e000-7c692000 r--s 0001a000 08:05 2359533    /home/augusto/ws/adempiere_360/tools/lib/testing/SuperCSV-with_src-1.52.jar
7c692000-7c693000 r--s 00003000 08:05 2359534    /home/augusto/ws/adempiere_360/tools/lib/testing/spiffy-with_source-all-0.05.jar
7c693000-7c697000 r--s 0001d000 08:05 2886042    /home/augusto/ws/adempiere_360/posterita/posterita/web/WEB-INF/lib/barcode4j.jar
7c697000-7c69c000 r--s 00018000 08:05 2886047    /home/augusto/ws/adempiere_360/posterita/posterita/web/WEB-INF/lib/aspectjrt.jar
7c69c000-7c69e000 r--s 00000000 08:05 2886046    /home/augusto/ws/adempiere_360/posterita/posterita/web/WEB-INF/lib/aop.jar
7c69e000-7c6a7000 r--s 00078000 08:05 2886039    /home/augusto/ws/adempiere_360/posterita/posterita/web/WEB-INF/lib/struts.jar
7c6a7000-7c6a9000 r--s 00013000 08:05 2886045    /home/augusto/ws/adempiere_360/posterita/posterita/web/WEB-INF/lib/commons-validator.jar
7c6a9000-7c6c5000 r--s 001b3000 08:05 3015151    /home/augusto/ws/adempiere_360/posterita/reference/aspectJ/aspectjweaver.jar
7c6c5000-7c728000 r--s 0077c000 08:05 3015149    /home/augusto/ws/adempiere_360/posterita/reference/aspectJ/aspectjtools.jar
7c728000-7c729000 r--s 00001000 08:05 3015150    /home/augusto/ws/adempiere_360/posterita/reference/aspectJ/aspectjlib.jar
7c729000-7c72c000 r--s 0001d000 08:05 2491163    /home/augusto/ws/adempiere_360/zkwebui/WEB-INF/lib/zweb-sources.jar
7c72c000-7c733000 r--s 00077000 08:05 2491140    /home/augusto/ws/adempiere_360/zkwebui/WEB-INF/lib/zul-sources.jar
7c733000-7c734000 r--s 00001000 08:05 2491138    /home/augusto/ws/adempiere_360/zkwebui/WEB-INF/lib/zml-sources.jar
7c734000-7c73c000 r--s 0008f000 08:05 2491131    /home/augusto/ws/adempiere_360/zkwebui/WEB-INF/lib/zk-sources.jar
7c73c000-7c73e000 r--s 0000d000 08:05 2491169    /home/augusto/ws/adempiere_360/zkwebui/WEB-INF/lib/zkex-sources.jar
7c73e000-7c743000 r--s 0003e000 08:05 2491171    /home/augusto/ws/adempiere_360/zkwebui/WEB-INF/lib/zcommon-sources.jar
7c743000-7c745000 r--s 00004000 08:05 2491157    /home/augusto/ws/adempiere_360/zkwebui/WEB-INF/lib/timelinez-sources.jar
7c745000-7c7ae000 r--s 007c6000 08:05 2491134    /home/augusto/ws/adempiere_360/zkwebui/WEB-INF/lib/jython.jar
7c7ae000-7c7d5000 r--s 00291000 08:05 2491161    /home/augusto/ws/adempiere_360/zkwebui/WEB-INF/lib/groovy.jar
7c7d5000-7c7d8000 r--s 0000c000 08:05 2491141    /home/augusto/ws/adempiere_360/zkwebui/WEB-INF/lib/commons-fileupload.jar
7c7d8000-7c7dd000 r--s 00040000 08:05 2491153    /home/augusto/ws/adempiere_360/zkwebui/WEB-INF/lib/bsh.jar
7c7dd000-7c7de000 r--s 00002000 08:05 2491170    /home/augusto/ws/adempiere_360/zkwebui/WEB-INF/lib/zml.jar
7c7de000-7c7e1000 r--s 00017000 08:05 2491139    /home/augusto/ws/adempiere_360/zkwebui/WEB-INF/lib/zkplus.jar
7c7e1000-7c7e6000 r--s 00024000 08:05 2491135    /home/augusto/ws/adempiere_360/zkwebui/WEB-INF/lib/zkmax-sources.jar
7c7e6000-7c7ec000 r--s 00031000 08:05 2491165    /home/augusto/ws/adempiere_360/zkwebui/WEB-INF/lib/zkmax.jar
7c7ec000-7c7f0000 r--s 00021000 08:05 2491158    /home/augusto/ws/adempiere_360/zkwebui/WEB-INF/lib/zkex.jar
7c7f0000-7c7f2000 r--s 0000b000 08:05 2491154    /home/augusto/ws/adempiere_360/zkwebui/WEB-INF/lib/zhtml-sources.jar
7c7f2000-7c7f5000 r--s 0000a000 08:05 2491143    /home/augusto/ws/adempiere_360/zkwebui/WEB-INF/lib/zhtml.jar
7c7f5000-7c800000 r--s 00107000 08:05 2491172    /home/augusto/ws/adempiere_360/zkwebui/WEB-INF/lib/mvel.jar
7c800000-7c900000 rw-p 00000000 00:00 0 
7c900000-7c901000 r--s 00000000 08:02 5512140    /var/cache/fontconfig/4794a0821666d79190d59a36cb4f44b5-le32d4.cache-3
7c901000-7c902000 r--s 00003000 08:05 6293069    /home/augusto/Documentos/workspace/adempiereTrunk/tools/lib/script-api.jar
7c902000-7c905000 r--s 00016000 08:05 2491147    /home/augusto/ws/adempiere_360/zkwebui/WEB-INF/lib/zcommons-el.jar
7c905000-7c910000 r--s 000a6000 08:05 2491142    /home/augusto/ws/adempiere_360/zkwebui/WEB-INF/lib/jxl.jar
7c910000-7c911000 r--s 00003000 08:05 2491137    /home/augusto/ws/adempiere_360/zkwebui/WEB-INF/lib/json_simple.jar
7c911000-7c918000 r--s 000b2000 08:05 2491152    /home/augusto/ws/adempiere_360/zkwebui/WEB-INF/lib/js.jar
7c918000-7c9b2000 r--s 007cb000 08:05 2491166    /home/augusto/ws/adempiere_360/zkwebui/WEB-INF/lib/jruby.jar
7c9b2000-7c9b5000 r--s 00017000 08:05 2491168    /home/augusto/ws/adempiere_360/zkwebui/WEB-INF/lib/gmapsz.jar
7c9b5000-7c9bb000 r--s 0004d000 08:05 2491132    /home/augusto/ws/adempiere_360/zkwebui/WEB-INF/lib/Filters.jar
7c9bb000-7c9c9000 r--s 0014a000 08:05 2491146    /home/augusto/ws/adempiere_360/zkwebui/WEB-INF/lib/fckez.jar
7c9c9000-7c9cc000 r--s 00012000 08:05 2491155    /home/augusto/ws/adempiere_360/zkwebui/WEB-INF/lib/commons-io.jar
7c9cc000-7c9cf000 r--s 00019000 08:05 2491150    /home/augusto/ws/adempiere_360/zkwebui/WEB-INF/lib/commons-el.jar
7c9cf000-7c9d0000 r--s 00008000 08:05 2491156    /home/augusto/ws/adempiere_360/zkwebui/WEB-INF/lib/asm.jar
7c9d0000-7c9e2000 r--s 000eb000 08:05 2491133    /home/augusto/ws/adempiere_360/zkwebui/WEB-INF/lib/zul.jar
7c9e2000-7c9f0000 r--s 000cd000 08:05 2491160    /home/augusto/ws/adempiere_360/zkwebui/WEB-INF/lib/zk.jar
7c9f0000-7c9f7000 r--s 0005a000 08:05 2491159    /home/augusto/ws/adempiere_360/zkwebui/WEB-INF/lib/zcommon.jar
7c9f7000-7c9fd000 r--s 00049000 08:05 2491136    /home/augusto/ws/adempiere_360/zkwebui/WEB-INF/lib/cglib.jar
7c9fd000-7caef000 r--s 00e06000 08:05 46665042   /home/augusto/ws/adempiere_360/glassfishfacet/lib/appserv-rt.jar
7caef000-7caf4000 r--s 00031000 08:05 46665040   /home/augusto/ws/adempiere_360/glassfishfacet/lib/appserv-deployment-client.jar
7caf4000-7cb05000 r--s 00083000 08:05 46665041   /home/augusto/ws/adempiere_360/glassfishfacet/lib/appserv-ext.jar
7cb05000-7cb63000 r--s 00467000 08:05 46530872   /home/augusto/ws/adempiere_360/jboss/client/jbossall-client.jar
7cb63000-7cb65000 r--s 00007000 08:05 46530927   /home/augusto/ws/adempiere_360/jboss/client/jnp-client.jar
7cb65000-7cb69000 r--s 00021000 08:05 46530864   /home/augusto/ws/adempiere_360/jboss/client/jbosssx-client.jar
7cb69000-7cbb8000 r--s 00734000 08:05 2622874    /home/augusto/ws/adempiere_360/JasperReportsTools/lib/iReport.jar
7cbb8000-7cbbb000 r--s 00014000 08:05 2099185    /home/augusto/ws/adempiere_360/serverApps/src/web/WEB-INF/lib/commons-validator-1.2.0.jar
7cbbb000-7cbbf000 r--s 0002f000 08:05 2099184    /home/augusto/ws/adempiere_360/serverApps/src/web/WEB-INF/lib/commons-lang-2.1.jar
7cbbf000-7cbc1000 r--s 00004000 08:05 2099186    /home/augusto/ws/adempiere_360/serverApps/src/web/WEB-INF/lib/commons-fileupload.jar
7cbc1000-7cbc5000 r--s 0001f000 08:05 2099189    /home/augusto/ws/adempiere_360/serverApps/src/web/WEB-INF/lib/commons-digester-1.7.jar
7cbc5000-7cbc7000 r--s 0000a000 08:05 2099182    /home/augusto/ws/adempiere_360/serverApps/src/web/WEB-INF/lib/commons-codec-1.3.jar
7cbc7000-7cbcb000 r--s 00026000 08:05 2099181    /home/augusto/ws/adempiere_360/serverApps/src/web/WEB-INF/lib/commons-beanutils-core.jar
7cbcb000-7cbcd000 r--s 00005000 08:05 2099187    /home/augusto/ws/adempiere_360/serverApps/src/web/WEB-INF/lib/commons-beanutils-bean-collections.jar
7cbcd000-7cbd2000 r--s 0002a000 08:05 2099188    /home/augusto/ws/adempiere_360/serverApps/src/web/WEB-INF/lib/commons-beanutils.jar
7cbd2000-7cbe3000 r--s 0014c000 08:05 2359603    /home/augusto/ws/adempiere_360/tools/lib/jfreechart-1.0.13.jar
7cbe3000-7cc00000 r--s 000f4000 08:05 2359602    /home/augusto/ws/adempiere_360/tools/lib/javaee.jar
7cc00000-7ccfe000 rw-p 00000000 00:00 0 
7ccfe000-7cd00000 ---p 00000000 00:00 0 
7cd00000-7cd06000 r--s 00040000 08:05 2491145    /home/augusto/ws/adempiere_360/zkwebui/WEB-INF/lib/timelinez.jar
7cd06000-7cd0a000 r--s 00026000 08:05 2491144    /home/augusto/ws/adempiere_360/zkwebui/WEB-INF/lib/ognl.jar
7cd0a000-7cd10000 r--s 00046000 08:05 2359596    /home/augusto/ws/adempiere_360/tools/lib/jcommon-1.0.16.jar
7cd10000-7cd1d000 r--s 000d1000 08:05 2359614    /home/augusto/ws/adempiere_360/tools/lib/poi-3.0.1-FINAL-20070705.jar
7cd1d000-7cd20000 r--s 00014000 08:05 2359633    /home/augusto/ws/adempiere_360/tools/lib/barbecue-1.5-beta1.jar
7cd20000-7cd21000 r--s 00003000 08:05 2359587    /home/augusto/ws/adempiere_360/tools/lib/script-api.jar
7cd21000-7cd22000 r--s 00002000 08:05 2359615    /home/augusto/ws/adempiere_360/tools/lib/jython-engine.jar
7cd22000-7cd3e000 r--s 001be000 08:05 2359586    /home/augusto/ws/adempiere_360/tools/lib/jython.jar
7cd3e000-7cd3f000 r--s 00002000 08:05 2359599    /home/augusto/ws/adempiere_360/tools/lib/groovy-engine.jar
7cd3f000-7cd66000 r--s 00281000 08:05 2359625    /home/augusto/ws/adempiere_360/tools/lib/groovy-all-1.5.1.jar
7cd66000-7cd67000 r--s 00001000 08:05 2359616    /home/augusto/ws/adempiere_360/tools/lib/bsh-engine.jar
7cd67000-7cd6c000 r--s 00058000 08:05 2359608    /home/augusto/ws/adempiere_360/tools/lib/bsh-2.0b5.jar
7cd6c000-7cd85000 r--s 00123000 08:05 2359618    /home/augusto/ws/adempiere_360/tools/lib/swingx-1.6.jar
7cd85000-7cd91000 r--s 0015c000 08:05 2359627    /home/augusto/ws/adempiere_360/tools/lib/jpedal.jar
7cd91000-7cd99000 r--s 00028000 08:05 2359624    /home/augusto/ws/adempiere_360/tools/lib/xml-apis.jar
7cd99000-7cd9c000 r--s 00036000 08:05 2359604    /home/augusto/ws/adempiere_360/tools/lib/xjavadoc-1.1.jar
7cd9c000-7cdb2000 r--s 00110000 08:05 2359613    /home/augusto/ws/adempiere_360/tools/lib/xercesImpl.jar
7cdb2000-7cdba000 r--s 00053000 08:05 2359621    /home/augusto/ws/adempiere_360/tools/lib/looks-2.0.4.jar
7cdba000-7cddf000 r--s 001e5000 08:05 2359605    /home/augusto/ws/adempiere_360/tools/lib/activemq-core-5.0.0.jar
7cddf000-7cde0000 r--s 00000000 08:05 2359617    /home/augusto/ws/adempiere_360/tools/lib/c3p0-oracle-thin-extras-0.9.1.2.jar
7cde0000-7cdeb000 r--s 0008b000 08:05 2359583    /home/augusto/ws/adempiere_360/tools/lib/c3p0-0.9.1.2.jar
7cdeb000-7cdf1000 r--s 00077000 08:05 2359611    /home/augusto/ws/adempiere_360/tools/lib/postgresql.jar
7cdf1000-7cdf4000 r--s 00023000 08:05 2359585    /home/augusto/ws/adempiere_360/tools/lib/jgraph.jar
7cdf4000-7cdf9000 r--s 00028000 08:05 2359626    /home/augusto/ws/adempiere_360/tools/lib/commons-net-1.4.0.jar
7cdf9000-7cdfb000 r--s 0000c000 08:05 2359629    /home/augusto/ws/adempiere_360/tools/lib/commons-logging.jar
7cdfb000-7ce08000 r--s 0007c000 08:05 2359620    /home/augusto/ws/adempiere_360/tools/lib/commons-collections-3.1.jar
7ce08000-7ce0b000 r--s 0007d000 08:02 9973029    /usr/lib/jvm/java-6-openjdk/jre/lib/jsse.jar
7ce0b000-7ce0c000 r--s 00001000 08:05 2359632    /home/augusto/ws/adempiere_360/tools/lib/jnlp.jar
7ce0c000-7ce0f000 r--s 0000d000 08:05 2359622    /home/augusto/ws/adempiere_360/tools/lib/jpayment.jar
7ce0f000-7ce21000 r--s 001f2000 08:05 2359582    /home/augusto/ws/adempiere_360/tools/lib/ojdbc6.jar
7ce21000-7ce23000 r--s 00014000 08:05 2359601    /home/augusto/ws/adempiere_360/tools/lib/servlet-api.jar
7ce23000-7ce26000 r--s 00012000 08:05 2359631    /home/augusto/ws/adempiere_360/tools/lib/jsp-api.jar
7ce26000-7ce35000 r--s 000ee000 08:05 2359595    /home/augusto/ws/adempiere_360/tools/lib/ant.jar
7ce35000-7ce36000 r--s 00002000 08:05 2359593    /home/augusto/ws/adempiere_360/tools/lib/ant-launcher.jar
7ce36000-7ce37000 r--s 00008000 08:05 2359589    /home/augusto/ws/adempiere_360/tools/lib/ant-commons-net.jar
7ce37000-7ce3c000 r--s 00030000 08:05 46400548   /home/augusto/ws/adempiere_360/jboss/lib/commons-httpclient.jar
7ce3c000-7ce3d000 r--s 00004000 08:05 2359598    /home/augusto/ws/adempiere_360/tools/lib/Verisign.jar
7ce3d000-7ce46000 r--s 00058000 08:05 2359607    /home/augusto/ws/adempiere_360/tools/lib/standard.jar
7ce46000-7ce4d000 r--s 0006a000 08:05 2359619    /home/augusto/ws/adempiere_360/tools/lib/mail.jar
7ce4d000-7ce54000 r--s 00050000 08:05 2359591    /home/augusto/ws/adempiere_360/tools/lib/log4j.jar
7ce54000-7ce56000 r--s 00004000 08:05 2359588    /home/augusto/ws/adempiere_360/tools/lib/jstl.jar
7ce56000-7ce59000 r--s 00019000 08:05 4850739    /home/augusto/Documentos/workspace/adempierelbrHEAD/lib/DSGEBrazilUtils.jar
7ce59000-7ce5f000 r--s 00045000 08:05 4850727    /home/augusto/Documentos/workspace/adempierelbrHEAD/lib/ws/commons-httpclient-3.1.jar
7ce5f000-7ce60000 r--s 00007000 08:05 4850731    /home/augusto/Documentos/workspace/adempierelbrHEAD/lib/ws/axis2-xmlbeans-1.5.4.jar
7ce60000-7ce61000 r--s 00004000 08:05 4850722    /home/augusto/Documentos/workspace/adempierelbrHEAD/lib/ws/axis2-transport-local-1.5.4.jar
7ce61000-7ce64000 r--s 00023000 08:05 4850730    /home/augusto/Documentos/workspace/adempierelbrHEAD/lib/ws/axis2-transport-http-1.5.4.jar
7ce64000-7ce66000 r--s 00015000 08:05 4850717    /home/augusto/Documentos/workspace/adempierelbrHEAD/lib/ws/axis2-saaj-1.5.4.jar
7ce66000-7ce6e000 r--s 00059000 08:05 4850720    /home/augusto/Documentos/workspace/adempierelbrHEAD/lib/ws/axis2-metadata-1.5.4.jar
7ce6e000-7ce7b000 r--s 000e8000 08:05 4850719    /home/augusto/Documentos/workspace/adempierelbrHEAD/lib/ws/axis2-kernel-1.5.4.jar
7ce7b000-7ce88000 r--s 00092000 08:05 4850726    /home/augusto/Documentos/workspace/adempierelbrHEAD/lib/ws/axis2-jaxws-1.5.4.jar
7ce88000-7ce93000 r--s 000b4000 08:05 4850724    /home/augusto/Documentos/workspace/adempierelbrHEAD/lib/ws/axis2-adb-1.5.4.jar
7ce93000-7ce96000 r--s 0001b000 08:05 4850729    /home/augusto/Documentos/workspace/adempierelbrHEAD/lib/ws/axiom-impl-1.2.10.jar
7ce96000-7ce99000 r--s 00024000 08:05 4850718    /home/augusto/Documentos/workspace/adempierelbrHEAD/lib/ws/axiom-dom-1.2.10.jar
7ce99000-7cea2000 r--s 0005d000 08:05 4850732    /home/augusto/Documentos/workspace/adempierelbrHEAD/lib/ws/axiom-api-1.2.10.jar
7cea2000-7cea6000 r--s 0001f000 08:05 4850725    /home/augusto/Documentos/workspace/adempierelbrHEAD/lib/ws/XmlSchema-1.4.3.jar
7cea6000-7ceab000 r--s 00020000 08:05 4850721    /home/augusto/Documentos/workspace/adempierelbrHEAD/lib/ws/wsdl4j-1.6.2.jar
7ceab000-7cead000 r--s 00007000 08:05 4850723    /home/augusto/Documentos/workspace/adempierelbrHEAD/lib/ws/neethi-2.0.4.jar
7cead000-7ceb2000 r--s 00026000 08:05 4850728    /home/augusto/Documentos/workspace/adempierelbrHEAD/lib/ws/httpcore-4.0.jar
7ceb2000-7ceb7000 r--s 00040000 08:05 4850744    /home/augusto/Documentos/workspace/adempierelbrHEAD/lib/bsh-2.0b4.jar
7ceb7000-7cec6000 r--s 00074000 08:05 4850741    /home/augusto/Documentos/workspace/adempierelbrHEAD/lib/joda-time-1.6.jar
7cec6000-7ced1000 r--s 0005f000 08:05 4850745    /home/augusto/Documentos/workspace/adempierelbrHEAD/lib/xstream-1.3.1.jar
7ced1000-7ced7000 r--s 00060000 08:05 4850742    /home/augusto/Documentos/workspace/adempierelbrHEAD/lib/dom4j.jar
7ced7000-7cee6000 r--s 0031f000 08:05 4850656    /home/augusto/Documentos/workspace/adempierelbrHEAD/lib/PDFBox/PDFBox-0.7.3.jar
7cee6000-7cf00000 r--s 00133000 08:05 4850658    /home/augusto/Documentos/workspace/adempierelbrHEAD/lib/PDFBox/checkstyle-all-4.2.jar
7cf00000-7cfff000 rw-p 00000000 00:00 0 
7cfff000-7d000000 ---p 00000000 00:00 0 
7d000000-7d001000 r--s 00002000 08:05 6293097    /home/augusto/Documentos/workspace/adempiereTrunk/tools/lib/jython-engine.jar
7d001000-7d002000 r--s 00002000 08:05 6293081    /home/augusto/Documentos/workspace/adempiereTrunk/tools/lib/groovy-engine.jar
7d002000-7d004000 r--s 0002b000 08:05 4850740    /home/augusto/Documentos/workspace/adempierelbrHEAD/lib/rtextpr.jar
7d004000-7d006000 r--s 00096000 08:05 4850743    /home/augusto/Documentos/workspace/adempierelbrHEAD/lib/jBoleto.jar
7d006000-7d008000 r--s 00009000 08:05 4850661    /home/augusto/Documentos/workspace/adempierelbrHEAD/lib/PDFBox/JempBox-0.2.0.jar
7d008000-7d00a000 r--s 0000f000 08:05 4850659    /home/augusto/Documentos/workspace/adempierelbrHEAD/lib/PDFBox/FontBox-0.2.0-dev.jar
7d00a000-7d022000 r--s 000eb000 08:05 4850660    /home/augusto/Documentos/workspace/adempierelbrHEAD/lib/PDFBox/bcprov-jdk14-132.jar
7d022000-7d026000 r--s 00024000 08:05 4850657    /home/augusto/Documentos/workspace/adempierelbrHEAD/lib/PDFBox/bcmail-jdk14-132.jar
7d026000-7d027000 ---p 00000000 00:00 0 
7d027000-7d0a7000 rw-p 00000000 00:00 0 
7d0a7000-7d0aa000 ---p 00000000 00:00 0 
7d0aa000-7d0f8000 rw-p 00000000 00:00 0 
7d0f8000-7d0fb000 ---p 00000000 00:00 0 
7d0fb000-7d179000 rw-p 00000000 00:00 0 
7d179000-7d17c000 ---p 00000000 00:00 0 
7d17c000-7d1fa000 rw-p 00000000 00:00 0 
7d1fa000-7d1fd000 ---p 00000000 00:00 0 
7d1fd000-7d24b000 rw-p 00000000 00:00 0 
7d24b000-7d24e000 ---p 00000000 00:00 0 
7d24e000-7d29c000 rw-p 00000000 00:00 0 
7d29c000-7d29f000 ---p 00000000 00:00 0 
7d29f000-7d2ed000 rw-p 00000000 00:00 0 
7d2ed000-7d2ee000 ---p 00000000 00:00 0 
7d2ee000-7d36e000 rw-p 00000000 00:00 0 
7d36e000-7d500000 r--s 037bf000 08:02 9961718    /usr/lib/jvm/java-6-openjdk/jre/lib/rt.jar
7d500000-7d5f2000 rw-p 00000000 00:00 0 
7d5f2000-7d600000 ---p 00000000 00:00 0 
7d600000-7d606000 r--s 0004e000 08:02 9961748    /usr/lib/jvm/java-6-openjdk/jre/lib/ext/jcifs-1.2.13.jar
7d606000-7d60b000 r--s 00028000 08:02 9961725    /usr/lib/jvm/java-6-openjdk/jre/lib/ext/commons-net-1.4.1.jar
7d60b000-7d64a000 r--p 00000000 08:02 9445025    /usr/lib/locale/pt_BR.utf8/LC_CTYPE
7d64a000-7d67d000 rw-p 00000000 00:00 0 
7d67d000-7d67e000 ---p 00000000 00:00 0 
7d67e000-7d6fe000 rw-p 00000000 00:00 0 
7d6fe000-7d6ff000 ---p 00000000 00:00 0 
7d6ff000-7d798000 rw-p 00000000 00:00 0 
7d798000-7d7bf000 rw-p 00000000 00:00 0 
7d7bf000-7d7d1000 rw-p 00000000 00:00 0 
7d7d1000-7d8b9000 rw-p 00000000 00:00 0 
7d8b9000-7d8d2000 rw-p 00000000 00:00 0 
7d8d2000-7d8f9000 rw-p 00000000 00:00 0 
7d8f9000-7d90b000 rw-p 00000000 00:00 0 
7d90b000-7d9f2000 rw-p 00000000 00:00 0 
7d9f2000-7d9fd000 rw-p 00000000 00:00 0 
7d9fd000-7da00000 ---p 00000000 00:00 0 
7da00000-7da6f000 rw-p 00000000 00:00 0 
7da6f000-80b10000 rw-p 00000000 00:00 0 
80b10000-85a70000 rw-p 00000000 00:00 0 
85a70000-87df0000 rw-p 00000000 00:00 0 
87df0000-a4d20000 rw-p 00000000 00:00 0 
a4d20000-a61f0000 rw-p 00000000 00:00 0 
a61f0000-a67c0000 ---p 00000000 00:00 0 
a67c0000-b4670000 rw-p 00000000 00:00 0 
b4670000-b4676000 r--s 0007e000 08:02 9961762    /usr/lib/jvm/java-6-openjdk/jre/lib/ext/postgresql-9.0-801.jdbc4.jar
b4676000-b467b000 r--s 0003b000 08:02 9961753    /usr/lib/jvm/java-6-openjdk/jre/lib/ext/mailapi.jar
b467b000-b4685000 rw-p 00000000 00:00 0 
b4685000-b473b000 rw-p 00000000 00:00 0 
b473b000-b4993000 rwxp 00000000 00:00 0 
b4993000-b773b000 rw-p 00000000 00:00 0 
b773b000-b773e000 ---p 00000000 00:00 0 
b773e000-b778f000 rw-p 00000000 00:00 0 
b778f000-b7791000 r--s 0000f000 08:02 9973044    /usr/lib/jvm/java-6-openjdk/jre/lib/ext/pulse-java.jar
b7791000-b7795000 r--s 00047000 08:02 9961824    /usr/lib/jvm/java-6-openjdk/jre/lib/ext/jtds-1.2.2.jar
b7795000-b779c000 r--s 00000000 08:02 9450051    /usr/lib/gconv/gconv-modules.cache
b779c000-b77a4000 rw-s 00000000 08:02 9834256    /tmp/hsperfdata_augusto/5596
b77a4000-b77a5000 rw-p 00000000 00:00 0 
b77a5000-b77a6000 r--p 00000000 00:00 0 
b77a6000-b77a8000 rw-p 00000000 00:00 0 
bfb8f000-bfba9000 rw-p 00000000 00:00 0          [stack]

VM Arguments:
jvm_args: -DPropertyFile=/home/augusto/ws/adempiere_360/Adempiere.properties -DADEMPIERE_HOME=/home/augusto/ws/adempiere_360 -Dfile.encoding=UTF-8 
java_command: org.compiere.Adempiere
Launcher Type: SUN_STANDARD

Environment Variables:
JAVA_HOME=/usr/lib/jvm/java-6-openjdk
PATH=/usr/local/sbin:/usr/local/bin:/usr/sbin:/usr/bin:/sbin:/bin:/usr/games:/usr/local/pgsql/bin
USERNAME=augusto
LD_LIBRARY_PATH=/usr/lib/jvm/java-6-openjdk/jre/lib/i386/server:/usr/lib/jvm/java-6-openjdk/jre/lib/i386:/usr/lib/jvm/java-6-openjdk/jre/../lib/i386:/usr/lib/jvm/java-6-openjdk/jre/lib/i386/client:/usr/lib/jvm/java-6-openjdk/jre/lib/i386:/usr/lib/xulrunner-addons:/usr/lib/xulrunner-addons
SHELL=/bin/bash
DISPLAY=:0.0

Signal Handlers:
SIGSEGV: [libjvm.so+0x65b700], sa_mask[0]=0x7ffbfeff, sa_flags=0x10000004
SIGBUS: [libjvm.so+0x65b700], sa_mask[0]=0x7ffbfeff, sa_flags=0x10000004
SIGFPE: [libjvm.so+0x52e460], sa_mask[0]=0x7ffbfeff, sa_flags=0x10000004
SIGPIPE: SIG_IGN, sa_mask[0]=0x00000000, sa_flags=0x00000000
SIGXFSZ: [libjvm.so+0x52e460], sa_mask[0]=0x7ffbfeff, sa_flags=0x10000004
SIGILL: [libjvm.so+0x52e460], sa_mask[0]=0x7ffbfeff, sa_flags=0x10000004
SIGUSR1: SIG_DFL, sa_mask[0]=0x00000000, sa_flags=0x00000000
SIGUSR2: [libjvm.so+0x52dba0], sa_mask[0]=0x00000004, sa_flags=0x10000004
SIGHUP: [libjvm.so+0x530340], sa_mask[0]=0x7ffbfeff, sa_flags=0x10000004
SIGINT: [libjvm.so+0x530340], sa_mask[0]=0x7ffbfeff, sa_flags=0x10000004
SIGTERM: [libjvm.so+0x530340], sa_mask[0]=0x7ffbfeff, sa_flags=0x10000004
SIGQUIT: [libjvm.so+0x530340], sa_mask[0]=0x7ffbfeff, sa_flags=0x10000004


---------------  S Y S T E M  ---------------

OS:Ubuntu 10.04 (lucid)
uname:Linux 2.6.32-43-generic #97-Ubuntu SMP Wed Sep 5 16:43:09 UTC 2012 i686
libc:glibc 2.11.1 NPTL 2.11.1 
rlimit: STACK 8192k, CORE 0k, NPROC infinity, NOFILE 1024, AS infinity
load average:1.08 0.67 0.53

/proc/meminfo:
MemTotal:        3058552 kB
MemFree:          256320 kB
Buffers:           49796 kB
Cached:           492156 kB
SwapCached:         1720 kB
Active:          1956408 kB
Inactive:         707536 kB
Active(anon):    1788212 kB
Inactive(anon):   525844 kB
Active(file):     168196 kB
Inactive(file):   181692 kB
Unevictable:           4 kB
Mlocked:               4 kB
HighTotal:       2197724 kB
HighFree:          19740 kB
LowTotal:         860828 kB
LowFree:          236580 kB
SwapTotal:       3998712 kB
SwapFree:        3955036 kB
Dirty:               172 kB
Writeback:             0 kB
AnonPages:       2120576 kB
Mapped:           163976 kB
Shmem:            191816 kB
Slab:              86264 kB
SReclaimable:      65060 kB
SUnreclaim:        21204 kB
KernelStack:        3688 kB
PageTables:         8508 kB
NFS_Unstable:          0 kB
Bounce:                0 kB
WritebackTmp:          0 kB
CommitLimit:     5527988 kB
Committed_AS:    3558840 kB
VmallocTotal:     122880 kB
VmallocUsed:       37756 kB
VmallocChunk:      66100 kB
HardwareCorrupted:     0 kB
HugePages_Total:       0
HugePages_Free:        0
HugePages_Rsvd:        0
HugePages_Surp:        0
Hugepagesize:       4096 kB
DirectMap4k:       16376 kB
DirectMap4M:      892928 kB


CPU:total 2 (2 cores per cpu, 1 threads per core) family 6 model 23 stepping 10, cmov, cx8, fxsr, mmx, sse, sse2, sse3, ssse3, sse4.1

Memory: 4k page, physical 3058552k(256320k free), swap 3998712k(3955036k free)

vm_info: OpenJDK Server VM (20.0-b12) for linux-x86 JRE (1.6.0_24-b24), built on Sep  1 2012 10:00:32 by "buildd" with gcc 4.4.3

time: Thu Oct 18 09:40:26 2012
elapsed time: 154 seconds

